<?xml version="1.0" encoding="UTF-8"?>
<!-- Generated by org.testng.reporters.JUnitReportReporter -->
<testsuite hostname="DESKTOP-CE9JQAE" failures="0" tests="6" name="com.OrangeHRMApplicationTestCases.LogInTest" time="3.110" errors="1" timestamp="2024-05-16T11:19:29 IST" skipped="5">
  <testcase classname="com.OrangeHRMApplicationTestCases.LogInTest" name="setUp" time="3.109">
    <error message="session not created: This version of ChromeDriver only supports Chrome version 122
Current browser version is 124.0.6367.207 with binary path C:\Program Files\Google\Chrome\Application\chrome.exe
Build info: version: &#039;3.141.59&#039;, revision: &#039;e82be7d358&#039;, time: &#039;2018-11-14T08:17:03&#039;
System info: host: &#039;DESKTOP-CE9JQAE&#039;, ip: &#039;192.168.0.147&#039;, os.name: &#039;Windows 10&#039;, os.arch: &#039;amd64&#039;, os.version: &#039;10.0&#039;, java.version: &#039;11.0.15&#039;
Driver info: driver.version: ChromeDriver
remote stacktrace: 	GetHandleVerifier [0x00007FF776964C82+3505170]
	(No symbol) [0x00007FF776590852]
	(No symbol) [0x00007FF776444145]
	(No symbol) [0x00007FF77647A612]
	(No symbol) [0x00007FF776479A1F]
	(No symbol) [0x00007FF77647361E]
	(No symbol) [0x00007FF7764707D4]
	(No symbol) [0x00007FF7764B5B5F]
	(No symbol) [0x00007FF7764B56C0]
	(No symbol) [0x00007FF7764ABC33]
	(No symbol) [0x00007FF77647D618]
	(No symbol) [0x00007FF77647E6B1]
	GetHandleVerifier [0x00007FF7769967DD+3708781]
	GetHandleVerifier [0x00007FF7769EFC5D+4074477]
	GetHandleVerifier [0x00007FF7769E7DDF+4042095]
	GetHandleVerifier [0x00007FF7766BA136+708806]
	(No symbol) [0x00007FF77659CB0F]
	(No symbol) [0x00007FF776597D14]
	(No symbol) [0x00007FF776597E6C]
	(No symbol) [0x00007FF7765879A4]
	BaseThreadInitThunk [0x00007FFA07847344+20]
	RtlUserThreadStart [0x00007FFA095A26B1+33]
" type="org.openqa.selenium.SessionNotCreatedException">
      <![CDATA[org.openqa.selenium.SessionNotCreatedException: session not created: This version of ChromeDriver only supports Chrome version 122
Current browser version is 124.0.6367.207 with binary path C:\Program Files\Google\Chrome\Application\chrome.exe
Build info: version: '3.141.59', revision: 'e82be7d358', time: '2018-11-14T08:17:03'
System info: host: 'DESKTOP-CE9JQAE', ip: '192.168.0.147', os.name: 'Windows 10', os.arch: 'amd64', os.version: '10.0', java.version: '11.0.15'
Driver info: driver.version: ChromeDriver
remote stacktrace: GetHandleVerifier [0x00007FF776964C82+3505170]
(No symbol) [0x00007FF776590852]
(No symbol) [0x00007FF776444145]
(No symbol) [0x00007FF77647A612]
(No symbol) [0x00007FF776479A1F]
(No symbol) [0x00007FF77647361E]
(No symbol) [0x00007FF7764707D4]
(No symbol) [0x00007FF7764B5B5F]
(No symbol) [0x00007FF7764B56C0]
(No symbol) [0x00007FF7764ABC33]
(No symbol) [0x00007FF77647D618]
(No symbol) [0x00007FF77647E6B1]
GetHandleVerifier [0x00007FF7769967DD+3708781]
GetHandleVerifier [0x00007FF7769EFC5D+4074477]
GetHandleVerifier [0x00007FF7769E7DDF+4042095]
GetHandleVerifier [0x00007FF7766BA136+708806]
(No symbol) [0x00007FF77659CB0F]
(No symbol) [0x00007FF776597D14]
(No symbol) [0x00007FF776597E6C]
(No symbol) [0x00007FF7765879A4]
BaseThreadInitThunk [0x00007FFA07847344+20]
RtlUserThreadStart [0x00007FFA095A26B1+33]

at java.base/jdk.internal.reflect.NativeConstructorAccessorImpl.newInstance0(Native Method)
at java.base/jdk.internal.reflect.NativeConstructorAccessorImpl.newInstance(NativeConstructorAccessorImpl.java:62)
at java.base/jdk.internal.reflect.DelegatingConstructorAccessorImpl.newInstance(DelegatingConstructorAccessorImpl.java:45)
at java.base/java.lang.reflect.Constructor.newInstance(Constructor.java:490)
at org.openqa.selenium.remote.W3CHandshakeResponse.lambda$errorHandler$0(W3CHandshakeResponse.java:62)
at org.openqa.selenium.remote.HandshakeResponse.lambda$getResponseFunction$0(HandshakeResponse.java:30)
at org.openqa.selenium.remote.ProtocolHandshake.lambda$createSession$0(ProtocolHandshake.java:126)
at java.base/java.util.stream.ReferencePipeline$3$1.accept(ReferencePipeline.java:195)
at java.base/java.util.Spliterators$ArraySpliterator.tryAdvance(Spliterators.java:958)
at java.base/java.util.stream.ReferencePipeline.forEachWithCancel(ReferencePipeline.java:127)
at java.base/java.util.stream.AbstractPipeline.copyIntoWithCancel(AbstractPipeline.java:502)
at java.base/java.util.stream.AbstractPipeline.copyInto(AbstractPipeline.java:488)
at java.base/java.util.stream.AbstractPipeline.wrapAndCopyInto(AbstractPipeline.java:474)
at java.base/java.util.stream.FindOps$FindOp.evaluateSequential(FindOps.java:150)
at java.base/java.util.stream.AbstractPipeline.evaluate(AbstractPipeline.java:234)
at java.base/java.util.stream.ReferencePipeline.findFirst(ReferencePipeline.java:543)
at org.openqa.selenium.remote.ProtocolHandshake.createSession(ProtocolHandshake.java:128)
at org.openqa.selenium.remote.ProtocolHandshake.createSession(ProtocolHandshake.java:74)
at org.openqa.selenium.remote.HttpCommandExecutor.execute(HttpCommandExecutor.java:136)
at org.openqa.selenium.remote.service.DriverCommandExecutor.execute(DriverCommandExecutor.java:83)
at org.openqa.selenium.remote.RemoteWebDriver.execute(RemoteWebDriver.java:552)
at org.openqa.selenium.remote.RemoteWebDriver.startSession(RemoteWebDriver.java:213)
at org.openqa.selenium.remote.RemoteWebDriver.<init>(RemoteWebDriver.java:131)
at org.openqa.selenium.chrome.ChromeDriver.<init>(ChromeDriver.java:181)
at org.openqa.selenium.chrome.ChromeDriver.<init>(ChromeDriver.java:168)
at org.openqa.selenium.chrome.ChromeDriver.<init>(ChromeDriver.java:123)
at com.BaseTest.BaseTest.setUp(BaseTest.java:23)
at java.base/jdk.internal.reflect.NativeMethodAccessorImpl.invoke0(Native Method)
at java.base/jdk.internal.reflect.NativeMethodAccessorImpl.invoke(NativeMethodAccessorImpl.java:62)
at java.base/jdk.internal.reflect.DelegatingMethodAccessorImpl.invoke(DelegatingMethodAccessorImpl.java:43)
at java.base/java.lang.reflect.Method.invoke(Method.java:566)
at org.testng.internal.invokers.MethodInvocationHelper.invokeMethod(MethodInvocationHelper.java:139)
at org.testng.internal.invokers.MethodInvocationHelper.invokeMethodConsideringTimeout(MethodInvocationHelper.java:69)
at org.testng.internal.invokers.ConfigInvoker.invokeConfigurationMethod(ConfigInvoker.java:393)
at org.testng.internal.invokers.ConfigInvoker.invokeConfigurations(ConfigInvoker.java:326)
at org.testng.TestRunner.invokeTestConfigurations(TestRunner.java:661)
at org.testng.TestRunner.beforeRun(TestRunner.java:650)
at org.testng.TestRunner.run(TestRunner.java:612)
at org.testng.SuiteRunner.runTest(SuiteRunner.java:443)
at org.testng.SuiteRunner.runSequentially(SuiteRunner.java:437)
at org.testng.SuiteRunner.privateRun(SuiteRunner.java:397)
at org.testng.SuiteRunner.run(SuiteRunner.java:336)
at org.testng.SuiteRunnerWorker.runSuite(SuiteRunnerWorker.java:52)
at org.testng.SuiteRunnerWorker.run(SuiteRunnerWorker.java:95)
at org.testng.TestNG.runSuitesSequentially(TestNG.java:1301)
at org.testng.TestNG.runSuitesLocally(TestNG.java:1228)
at org.testng.TestNG.runSuites(TestNG.java:1134)
at org.testng.TestNG.run(TestNG.java:1101)
at org.testng.remote.AbstractRemoteTestNG.run(AbstractRemoteTestNG.java:115)
at org.testng.remote.RemoteTestNG.initAndRun(RemoteTestNG.java:251)
at org.testng.remote.RemoteTestNG.main(RemoteTestNG.java:77)
]]>
    </error>
  </testcase> <!-- setUp -->
  <testcase classname="com.OrangeHRMApplicationTestCases.LogInTest" name="logInPageTest" time="0.000">
    <skipped/>
  </testcase> <!-- logInPageTest -->
  <testcase classname="com.OrangeHRMApplicationTestCases.LogInTest" name="logInTest" time="0.000">
    <skipped/>
  </testcase> <!-- logInTest -->
  <testcase classname="com.OrangeHRMApplicationTestCases.LogInTest" name="homePageTest" time="0.000">
    <skipped/>
  </testcase> <!-- homePageTest -->
  <testcase classname="com.OrangeHRMApplicationTestCases.LogInTest" name="logOutTest" time="0.001">
    <skipped/>
  </testcase> <!-- logOutTest -->
  <testcase classname="com.OrangeHRMApplicationTestCases.LogInTest" name="logInPageTestAfterLogOut" time="0.000">
    <skipped/>
  </testcase> <!-- logInPageTestAfterLogOut -->
</testsuite> <!-- com.OrangeHRMApplicationTestCases.LogInTest -->
