<?xml version="1.0" encoding="UTF-8"?>
<!-- Generated by org.testng.reporters.JUnitXMLReporter -->
<testsuite ignored="0" hostname="DESKTOP-CE9JQAE" failures="0" tests="5" name="LogInTest" time="3.276" errors="0" timestamp="2024-05-16T11:19:25 IST">
  <testcase classname="com.BaseTest.BaseTest" name="@BeforeTest setUp" time="3.109">
    <failure type="org.openqa.selenium.SessionNotCreatedException" message="session not created: This version of ChromeDriver only supports Chrome version 122
Current browser version is 124.0.6367.207 with binary path C:\Program Files\Google\Chrome\Application\chrome.exe
Build info: version: &amp;apos;3.141.59&amp;apos;, revision: &amp;apos;e82be7d358&amp;apos;, time: &amp;apos;2018-11-14T08:17:03&amp;apos;
System info: host: &amp;apos;DESKTOP-CE9JQAE&amp;apos;, ip: &amp;apos;192.168.0.147&amp;apos;, os.name: &amp;apos;Windows 10&amp;apos;, os.arch: &amp;apos;amd64&amp;apos;, os.version: &amp;apos;10.0&amp;apos;, java.version: &amp;apos;11.0.15&amp;apos;
Driver info: driver.version: ChromeDriver
remote stacktrace: 	GetHandleVerifier [0x00007FF776964C82+3505170]
	(No symbol) [0x00007FF776590852]
	(No symbol) [0x00007FF776444145]
	(No symbol) [0x00007FF77647A612]
	(No symbol) [0x00007FF776479A1F]
	(No symbol) [0x00007FF77647361E]
	(No symbol) [0x00007FF7764707D4]
	(No symbol) [0x00007FF7764B5B5F]
	(No symbol) [0x00007FF7764B56C0]
	(No symbol) [0x00007FF7764ABC33]
	(No symbol) [0x00007FF77647D618]
	(No symbol) [0x00007FF77647E6B1]
	GetHandleVerifier [0x00007FF7769967DD+3708781]
	GetHandleVerifier [0x00007FF7769EFC5D+4074477]
	GetHandleVerifier [0x00007FF7769E7DDF+4042095]
	GetHandleVerifier [0x00007FF7766BA136+708806]
	(No symbol) [0x00007FF77659CB0F]
	(No symbol) [0x00007FF776597D14]
	(No symbol) [0x00007FF776597E6C]
	(No symbol) [0x00007FF7765879A4]
	BaseThreadInitThunk [0x00007FFA07847344+20]
	RtlUserThreadStart [0x00007FFA095A26B1+33]
">
      <![CDATA[org.openqa.selenium.SessionNotCreatedException: session not created: This version of ChromeDriver only supports Chrome version 122
Current browser version is 124.0.6367.207 with binary path C:\Program Files\Google\Chrome\Application\chrome.exe
Build info: version: '3.141.59', revision: 'e82be7d358', time: '2018-11-14T08:17:03'
System info: host: 'DESKTOP-CE9JQAE', ip: '192.168.0.147', os.name: 'Windows 10', os.arch: 'amd64', os.version: '10.0', java.version: '11.0.15'
Driver info: driver.version: ChromeDriver
remote stacktrace: GetHandleVerifier [0x00007FF776964C82+3505170]
(No symbol) [0x00007FF776590852]
(No symbol) [0x00007FF776444145]
(No symbol) [0x00007FF77647A612]
(No symbol) [0x00007FF776479A1F]
(No symbol) [0x00007FF77647361E]
(No symbol) [0x00007FF7764707D4]
(No symbol) [0x00007FF7764B5B5F]
(No symbol) [0x00007FF7764B56C0]
(No symbol) [0x00007FF7764ABC33]
(No symbol) [0x00007FF77647D618]
(No symbol) [0x00007FF77647E6B1]
GetHandleVerifier [0x00007FF7769967DD+3708781]
GetHandleVerifier [0x00007FF7769EFC5D+4074477]
GetHandleVerifier [0x00007FF7769E7DDF+4042095]
GetHandleVerifier [0x00007FF7766BA136+708806]
(No symbol) [0x00007FF77659CB0F]
(No symbol) [0x00007FF776597D14]
(No symbol) [0x00007FF776597E6C]
(No symbol) [0x00007FF7765879A4]
BaseThreadInitThunk [0x00007FFA07847344+20]
RtlUserThreadStart [0x00007FFA095A26B1+33]

at org.openqa.selenium.remote.W3CHandshakeResponse.lambda$errorHandler$0(W3CHandshakeResponse.java:62)
at org.openqa.selenium.remote.HandshakeResponse.lambda$getResponseFunction$0(HandshakeResponse.java:30)
at org.openqa.selenium.remote.ProtocolHandshake.lambda$createSession$0(ProtocolHandshake.java:126)
at java.base/java.util.stream.ReferencePipeline$3$1.accept(ReferencePipeline.java:195)
at java.base/java.util.Spliterators$ArraySpliterator.tryAdvance(Spliterators.java:958)
at java.base/java.util.stream.ReferencePipeline.forEachWithCancel(ReferencePipeline.java:127)
at java.base/java.util.stream.AbstractPipeline.copyIntoWithCancel(AbstractPipeline.java:502)
at java.base/java.util.stream.AbstractPipeline.copyInto(AbstractPipeline.java:488)
at java.base/java.util.stream.AbstractPipeline.wrapAndCopyInto(AbstractPipeline.java:474)
at java.base/java.util.stream.FindOps$FindOp.evaluateSequential(FindOps.java:150)
at java.base/java.util.stream.AbstractPipeline.evaluate(AbstractPipeline.java:234)
at java.base/java.util.stream.ReferencePipeline.findFirst(ReferencePipeline.java:543)
at org.openqa.selenium.remote.ProtocolHandshake.createSession(ProtocolHandshake.java:128)
at org.openqa.selenium.remote.ProtocolHandshake.createSession(ProtocolHandshake.java:74)
at org.openqa.selenium.remote.HttpCommandExecutor.execute(HttpCommandExecutor.java:136)
at org.openqa.selenium.remote.service.DriverCommandExecutor.execute(DriverCommandExecutor.java:83)
at org.openqa.selenium.remote.RemoteWebDriver.execute(RemoteWebDriver.java:552)
at org.openqa.selenium.remote.RemoteWebDriver.startSession(RemoteWebDriver.java:213)
at org.openqa.selenium.remote.RemoteWebDriver.<init>(RemoteWebDriver.java:131)
at org.openqa.selenium.chrome.ChromeDriver.<init>(ChromeDriver.java:181)
at org.openqa.selenium.chrome.ChromeDriver.<init>(ChromeDriver.java:168)
at org.openqa.selenium.chrome.ChromeDriver.<init>(ChromeDriver.java:123)
at com.BaseTest.BaseTest.setUp(BaseTest.java:23)
... Removed 28 stack frames]]>
    </failure>
  </testcase> <!-- @BeforeTest setUp -->
  <testcase classname="com.BaseTest.BaseTest" name="@AfterTest tearDown" time="0.0">
    <skipped/>
  </testcase> <!-- @AfterTest tearDown -->
  <testcase classname="com.OrangeHRMApplicationTestCases.LogInTest" name="logInPageTest" time="0.0">
    <skipped/>
  </testcase> <!-- logInPageTest -->
  <testcase classname="com.OrangeHRMApplicationTestCases.LogInTest" name="logInTest" time="0.0">
    <skipped/>
  </testcase> <!-- logInTest -->
  <testcase classname="com.OrangeHRMApplicationTestCases.LogInTest" name="homePageTest" time="0.0">
    <skipped/>
  </testcase> <!-- homePageTest -->
  <testcase classname="com.OrangeHRMApplicationTestCases.LogInTest" name="logOutTest" time="0.001">
    <skipped/>
  </testcase> <!-- logOutTest -->
  <testcase classname="com.OrangeHRMApplicationTestCases.LogInTest" name="logInPageTestAfterLogOut" time="0.0">
    <skipped/>
  </testcase> <!-- logInPageTestAfterLogOut -->
</testsuite> <!-- LogInTest -->
