<!DOCTYPE html PUBLIC "-//W3C//DTD XHTML 1.1//EN" "https://www.w3.org/TR/xhtml11/DTD/xhtml11.dtd">
<html xmlns="https://www.w3.org/1999/xhtml">
<head>
<meta http-equiv="content-type" content="text/html; charset=UTF-8"/>
<title>TestNG Report</title>
<style type="text/css">table {margin-bottom:10px;border-collapse:collapse;empty-cells:show}th,td {border:1px solid #009;padding:.25em .5em}th {vertical-align:bottom}td {vertical-align:top}table a {font-weight:bold}.stripe td {background-color: #E6EBF9}.num {text-align:right}.passedodd td {background-color: #3F3}.passedeven td {background-color: #0A0}.skippedodd td {background-color: #DDD}.skippedeven td {background-color: #CCC}.failedodd td,.attn {background-color: #F33}.failedeven td,.stripe .attn {background-color: #D00}.stacktrace {white-space:pre;font-family:monospace}.totop {font-size:85%;text-align:center;border-bottom:2px solid #000}.invisible {display:none}</style>
</head>
<body>
<table>
<tr><th>Test</th><th># Passed</th><th># Skipped</th><th># Retried</th><th># Failed</th><th>Time (ms)</th><th>Included Groups</th><th>Excluded Groups</th></tr>
<tr><th colspan="8">com.OrangeHRMApplicationTestCases</th></tr>
<tr><td><a href="#t0">LogInTest</a></td><td class="num">0</td><td class="num attn">5</td><td class="num">0</td><td class="num">0</td><td class="num">3,276</td><td></td><td></td></tr>
<tr class="stripe"><td><a href="#t1">AddEmployeeTest</a></td><td class="num">0</td><td class="num attn">7</td><td class="num">0</td><td class="num">0</td><td class="num">1,783</td><td></td><td></td></tr>
<tr><td><a href="#t2">EmployeeList</a></td><td class="num">0</td><td class="num attn">7</td><td class="num">0</td><td class="num">0</td><td class="num">1,884</td><td></td><td></td></tr>
<tr><th>Total</th><th class="num">0</th><th class="num attn">19</th><th class="num">0</th><th class="num">0</th><th class="num">6,943</th><th colspan="2"></th></tr>
</table>
<table id='summary'><thead><tr><th>Class</th><th>Method</th><th>Start</th><th>Time (ms)</th></tr></thead><tbody><tr><th colspan="4">com.OrangeHRMApplicationTestCases</th></tr></tbody><tbody id="t0"><tr><th colspan="4">LogInTest &#8212; failed (configuration methods)</th></tr><tr class="failedeven"><td rowspan="1">com.OrangeHRMApplicationTestCases.LogInTest</td><td><a href="#m0">setUp</a></td><td rowspan="1">1715838561750</td><td rowspan="1">3109</td></tr><tr><th colspan="4">LogInTest &#8212; skipped (configuration methods)</th></tr><tr class="skippedeven"><td rowspan="1">com.OrangeHRMApplicationTestCases.LogInTest</td><td><a href="#m1">tearDown</a></td><td rowspan="1">1715838564988</td><td rowspan="1">0</td></tr><tr><th colspan="4">LogInTest &#8212; skipped</th></tr><tr class="skippedeven"><td rowspan="5">com.OrangeHRMApplicationTestCases.LogInTest</td><td><a href="#m2">homePageTest</a></td><td rowspan="1">1715838564954</td><td rowspan="1">0</td></tr><tr class="skippedeven"><td><a href="#m3">logInPageTest</a></td><td rowspan="1">1715838564930</td><td rowspan="1">0</td></tr><tr class="skippedeven"><td><a href="#m4">logInPageTestAfterLogOut</a></td><td rowspan="1">1715838564976</td><td rowspan="1">0</td></tr><tr class="skippedeven"><td><a href="#m5">logInTest</a></td><td rowspan="1">1715838564944</td><td rowspan="1">0</td></tr><tr class="skippedeven"><td><a href="#m6">logOutTest</a></td><td rowspan="1">1715838564966</td><td rowspan="1">1</td></tr></tbody>
<tbody id="t1"><tr><th colspan="4">AddEmployeeTest &#8212; failed (configuration methods)</th></tr><tr class="failedeven"><td rowspan="1">com.OrangeHRMApplicationTestCases.AddEmployeeTest</td><td><a href="#m7">setUp</a></td><td rowspan="1">1715838565113</td><td rowspan="1">1664</td></tr><tr><th colspan="4">AddEmployeeTest &#8212; skipped (configuration methods)</th></tr><tr class="skippedeven"><td rowspan="1">com.OrangeHRMApplicationTestCases.AddEmployeeTest</td><td><a href="#m8">tearDown</a></td><td rowspan="1">1715838566879</td><td rowspan="1">0</td></tr><tr><th colspan="4">AddEmployeeTest &#8212; skipped</th></tr><tr class="skippedeven"><td rowspan="7">com.OrangeHRMApplicationTestCases.AddEmployeeTest</td><td><a href="#m9">addEmployeeTest</a></td><td rowspan="1">1715838566826</td><td rowspan="1">0</td></tr><tr class="skippedeven"><td><a href="#m10">homePageTest</a></td><td rowspan="1">1715838566815</td><td rowspan="1">0</td></tr><tr class="skippedeven"><td><a href="#m11">logInPageTest</a></td><td rowspan="1">1715838566788</td><td rowspan="1">0</td></tr><tr class="skippedeven"><td><a href="#m12">logInPageTestAfterLogOut</a></td><td rowspan="1">1715838566851</td><td rowspan="1">1</td></tr><tr class="skippedeven"><td><a href="#m13">logInTest</a></td><td rowspan="1">1715838566808</td><td rowspan="1">1</td></tr><tr class="skippedeven"><td><a href="#m14">logOutTest</a></td><td rowspan="1">1715838566841</td><td rowspan="1">0</td></tr><tr class="skippedeven"><td><a href="#m15">pimPageTest</a></td><td rowspan="1">1715838566821</td><td rowspan="1">0</td></tr></tbody>
<tbody id="t2"><tr><th colspan="4">EmployeeList &#8212; failed (configuration methods)</th></tr><tr class="failedeven"><td rowspan="1">com.OrangeHRMApplicationTestCases.EmployeeList</td><td><a href="#m16">setUp</a></td><td rowspan="1">1715838566991</td><td rowspan="1">1807</td></tr><tr><th colspan="4">EmployeeList &#8212; skipped (configuration methods)</th></tr><tr class="skippedeven"><td rowspan="1">com.OrangeHRMApplicationTestCases.EmployeeList</td><td><a href="#m17">tearDown</a></td><td rowspan="1">1715838568865</td><td rowspan="1">0</td></tr><tr><th colspan="4">EmployeeList &#8212; skipped</th></tr><tr class="skippedeven"><td rowspan="7">com.OrangeHRMApplicationTestCases.EmployeeList</td><td><a href="#m18">Print_EmployeeList</a></td><td rowspan="1">1715838568844</td><td rowspan="1">0</td></tr><tr class="skippedeven"><td><a href="#m19">homePageTest</a></td><td rowspan="1">1715838568823</td><td rowspan="1">0</td></tr><tr class="skippedeven"><td><a href="#m20">logInPageTest</a></td><td rowspan="1">1715838568805</td><td rowspan="1">0</td></tr><tr class="skippedeven"><td><a href="#m21">logInPageTestAfterLogOut</a></td><td rowspan="1">1715838568860</td><td rowspan="1">1</td></tr><tr class="skippedeven"><td><a href="#m22">logInTest</a></td><td rowspan="1">1715838568812</td><td rowspan="1">0</td></tr><tr class="skippedeven"><td><a href="#m23">logOutTest</a></td><td rowspan="1">1715838568848</td><td rowspan="1">0</td></tr><tr class="skippedeven"><td><a href="#m24">pimTest</a></td><td rowspan="1">1715838568833</td><td rowspan="1">0</td></tr></tbody>
</table>
<h2>LogInTest</h2><h3 id="m0">com.OrangeHRMApplicationTestCases.LogInTest#setUp</h3><table class="result"><tr><th>Exception</th></tr><tr><td><div class="stacktrace">org.openqa.selenium.SessionNotCreatedException: session not created: This version of ChromeDriver only supports Chrome version 122
Current browser version is 124.0.6367.207 with binary path C:\Program Files\Google\Chrome\Application\chrome.exe
Build info: version: &apos;3.141.59&apos;, revision: &apos;e82be7d358&apos;, time: &apos;2018-11-14T08:17:03&apos;
System info: host: &apos;DESKTOP-CE9JQAE&apos;, ip: &apos;192.168.0.147&apos;, os.name: &apos;Windows 10&apos;, os.arch: &apos;amd64&apos;, os.version: &apos;10.0&apos;, java.version: &apos;11.0.15&apos;
Driver info: driver.version: ChromeDriver
remote stacktrace: 	GetHandleVerifier [0x00007FF776964C82+3505170]
	(No symbol) [0x00007FF776590852]
	(No symbol) [0x00007FF776444145]
	(No symbol) [0x00007FF77647A612]
	(No symbol) [0x00007FF776479A1F]
	(No symbol) [0x00007FF77647361E]
	(No symbol) [0x00007FF7764707D4]
	(No symbol) [0x00007FF7764B5B5F]
	(No symbol) [0x00007FF7764B56C0]
	(No symbol) [0x00007FF7764ABC33]
	(No symbol) [0x00007FF77647D618]
	(No symbol) [0x00007FF77647E6B1]
	GetHandleVerifier [0x00007FF7769967DD+3708781]
	GetHandleVerifier [0x00007FF7769EFC5D+4074477]
	GetHandleVerifier [0x00007FF7769E7DDF+4042095]
	GetHandleVerifier [0x00007FF7766BA136+708806]
	(No symbol) [0x00007FF77659CB0F]
	(No symbol) [0x00007FF776597D14]
	(No symbol) [0x00007FF776597E6C]
	(No symbol) [0x00007FF7765879A4]
	BaseThreadInitThunk [0x00007FFA07847344+20]
	RtlUserThreadStart [0x00007FFA095A26B1+33]

	at org.openqa.selenium.remote.W3CHandshakeResponse.lambda$errorHandler$0(W3CHandshakeResponse.java:62)
	at org.openqa.selenium.remote.HandshakeResponse.lambda$getResponseFunction$0(HandshakeResponse.java:30)
	at org.openqa.selenium.remote.ProtocolHandshake.lambda$createSession$0(ProtocolHandshake.java:126)
	at java.base/java.util.stream.ReferencePipeline$3$1.accept(ReferencePipeline.java:195)
	at java.base/java.util.Spliterators$ArraySpliterator.tryAdvance(Spliterators.java:958)
	at java.base/java.util.stream.ReferencePipeline.forEachWithCancel(ReferencePipeline.java:127)
	at java.base/java.util.stream.AbstractPipeline.copyIntoWithCancel(AbstractPipeline.java:502)
	at java.base/java.util.stream.AbstractPipeline.copyInto(AbstractPipeline.java:488)
	at java.base/java.util.stream.AbstractPipeline.wrapAndCopyInto(AbstractPipeline.java:474)
	at java.base/java.util.stream.FindOps$FindOp.evaluateSequential(FindOps.java:150)
	at java.base/java.util.stream.AbstractPipeline.evaluate(AbstractPipeline.java:234)
	at java.base/java.util.stream.ReferencePipeline.findFirst(ReferencePipeline.java:543)
	at org.openqa.selenium.remote.ProtocolHandshake.createSession(ProtocolHandshake.java:128)
	at org.openqa.selenium.remote.ProtocolHandshake.createSession(ProtocolHandshake.java:74)
	at org.openqa.selenium.remote.HttpCommandExecutor.execute(HttpCommandExecutor.java:136)
	at org.openqa.selenium.remote.service.DriverCommandExecutor.execute(DriverCommandExecutor.java:83)
	at org.openqa.selenium.remote.RemoteWebDriver.execute(RemoteWebDriver.java:552)
	at org.openqa.selenium.remote.RemoteWebDriver.startSession(RemoteWebDriver.java:213)
	at org.openqa.selenium.remote.RemoteWebDriver.&lt;init&gt;(RemoteWebDriver.java:131)
	at org.openqa.selenium.chrome.ChromeDriver.&lt;init&gt;(ChromeDriver.java:181)
	at org.openqa.selenium.chrome.ChromeDriver.&lt;init&gt;(ChromeDriver.java:168)
	at org.openqa.selenium.chrome.ChromeDriver.&lt;init&gt;(ChromeDriver.java:123)
	at com.BaseTest.BaseTest.setUp(BaseTest.java:23)
... Removed 28 stack frames</div></td></tr></table><p class="totop"><a href="#summary">back to summary</a></p>
<h3 id="m1">com.OrangeHRMApplicationTestCases.LogInTest#tearDown</h3><table class="result"><tr><th class="invisible"/></tr></table><p class="totop"><a href="#summary">back to summary</a></p>
<h3 id="m2">com.OrangeHRMApplicationTestCases.LogInTest#homePageTest</h3><table class="result"><tr><th>Exception</th></tr><tr><td><div class="stacktrace">org.openqa.selenium.SessionNotCreatedException: session not created: This version of ChromeDriver only supports Chrome version 122
Current browser version is 124.0.6367.207 with binary path C:\Program Files\Google\Chrome\Application\chrome.exe
Build info: version: &apos;3.141.59&apos;, revision: &apos;e82be7d358&apos;, time: &apos;2018-11-14T08:17:03&apos;
System info: host: &apos;DESKTOP-CE9JQAE&apos;, ip: &apos;192.168.0.147&apos;, os.name: &apos;Windows 10&apos;, os.arch: &apos;amd64&apos;, os.version: &apos;10.0&apos;, java.version: &apos;11.0.15&apos;
Driver info: driver.version: ChromeDriver
remote stacktrace: 	GetHandleVerifier [0x00007FF776964C82+3505170]
	(No symbol) [0x00007FF776590852]
	(No symbol) [0x00007FF776444145]
	(No symbol) [0x00007FF77647A612]
	(No symbol) [0x00007FF776479A1F]
	(No symbol) [0x00007FF77647361E]
	(No symbol) [0x00007FF7764707D4]
	(No symbol) [0x00007FF7764B5B5F]
	(No symbol) [0x00007FF7764B56C0]
	(No symbol) [0x00007FF7764ABC33]
	(No symbol) [0x00007FF77647D618]
	(No symbol) [0x00007FF77647E6B1]
	GetHandleVerifier [0x00007FF7769967DD+3708781]
	GetHandleVerifier [0x00007FF7769EFC5D+4074477]
	GetHandleVerifier [0x00007FF7769E7DDF+4042095]
	GetHandleVerifier [0x00007FF7766BA136+708806]
	(No symbol) [0x00007FF77659CB0F]
	(No symbol) [0x00007FF776597D14]
	(No symbol) [0x00007FF776597E6C]
	(No symbol) [0x00007FF7765879A4]
	BaseThreadInitThunk [0x00007FFA07847344+20]
	RtlUserThreadStart [0x00007FFA095A26B1+33]

	at org.openqa.selenium.remote.W3CHandshakeResponse.lambda$errorHandler$0(W3CHandshakeResponse.java:62)
	at org.openqa.selenium.remote.HandshakeResponse.lambda$getResponseFunction$0(HandshakeResponse.java:30)
	at org.openqa.selenium.remote.ProtocolHandshake.lambda$createSession$0(ProtocolHandshake.java:126)
	at java.base/java.util.stream.ReferencePipeline$3$1.accept(ReferencePipeline.java:195)
	at java.base/java.util.Spliterators$ArraySpliterator.tryAdvance(Spliterators.java:958)
	at java.base/java.util.stream.ReferencePipeline.forEachWithCancel(ReferencePipeline.java:127)
	at java.base/java.util.stream.AbstractPipeline.copyIntoWithCancel(AbstractPipeline.java:502)
	at java.base/java.util.stream.AbstractPipeline.copyInto(AbstractPipeline.java:488)
	at java.base/java.util.stream.AbstractPipeline.wrapAndCopyInto(AbstractPipeline.java:474)
	at java.base/java.util.stream.FindOps$FindOp.evaluateSequential(FindOps.java:150)
	at java.base/java.util.stream.AbstractPipeline.evaluate(AbstractPipeline.java:234)
	at java.base/java.util.stream.ReferencePipeline.findFirst(ReferencePipeline.java:543)
	at org.openqa.selenium.remote.ProtocolHandshake.createSession(ProtocolHandshake.java:128)
	at org.openqa.selenium.remote.ProtocolHandshake.createSession(ProtocolHandshake.java:74)
	at org.openqa.selenium.remote.HttpCommandExecutor.execute(HttpCommandExecutor.java:136)
	at org.openqa.selenium.remote.service.DriverCommandExecutor.execute(DriverCommandExecutor.java:83)
	at org.openqa.selenium.remote.RemoteWebDriver.execute(RemoteWebDriver.java:552)
	at org.openqa.selenium.remote.RemoteWebDriver.startSession(RemoteWebDriver.java:213)
	at org.openqa.selenium.remote.RemoteWebDriver.&lt;init&gt;(RemoteWebDriver.java:131)
	at org.openqa.selenium.chrome.ChromeDriver.&lt;init&gt;(ChromeDriver.java:181)
	at org.openqa.selenium.chrome.ChromeDriver.&lt;init&gt;(ChromeDriver.java:168)
	at org.openqa.selenium.chrome.ChromeDriver.&lt;init&gt;(ChromeDriver.java:123)
	at com.BaseTest.BaseTest.setUp(BaseTest.java:23)
... Removed 28 stack frames</div></td></tr></table><p class="totop"><a href="#summary">back to summary</a></p>
<h3 id="m3">com.OrangeHRMApplicationTestCases.LogInTest#logInPageTest</h3><table class="result"><tr><th>Exception</th></tr><tr><td><div class="stacktrace">org.openqa.selenium.SessionNotCreatedException: session not created: This version of ChromeDriver only supports Chrome version 122
Current browser version is 124.0.6367.207 with binary path C:\Program Files\Google\Chrome\Application\chrome.exe
Build info: version: &apos;3.141.59&apos;, revision: &apos;e82be7d358&apos;, time: &apos;2018-11-14T08:17:03&apos;
System info: host: &apos;DESKTOP-CE9JQAE&apos;, ip: &apos;192.168.0.147&apos;, os.name: &apos;Windows 10&apos;, os.arch: &apos;amd64&apos;, os.version: &apos;10.0&apos;, java.version: &apos;11.0.15&apos;
Driver info: driver.version: ChromeDriver
remote stacktrace: 	GetHandleVerifier [0x00007FF776964C82+3505170]
	(No symbol) [0x00007FF776590852]
	(No symbol) [0x00007FF776444145]
	(No symbol) [0x00007FF77647A612]
	(No symbol) [0x00007FF776479A1F]
	(No symbol) [0x00007FF77647361E]
	(No symbol) [0x00007FF7764707D4]
	(No symbol) [0x00007FF7764B5B5F]
	(No symbol) [0x00007FF7764B56C0]
	(No symbol) [0x00007FF7764ABC33]
	(No symbol) [0x00007FF77647D618]
	(No symbol) [0x00007FF77647E6B1]
	GetHandleVerifier [0x00007FF7769967DD+3708781]
	GetHandleVerifier [0x00007FF7769EFC5D+4074477]
	GetHandleVerifier [0x00007FF7769E7DDF+4042095]
	GetHandleVerifier [0x00007FF7766BA136+708806]
	(No symbol) [0x00007FF77659CB0F]
	(No symbol) [0x00007FF776597D14]
	(No symbol) [0x00007FF776597E6C]
	(No symbol) [0x00007FF7765879A4]
	BaseThreadInitThunk [0x00007FFA07847344+20]
	RtlUserThreadStart [0x00007FFA095A26B1+33]

	at org.openqa.selenium.remote.W3CHandshakeResponse.lambda$errorHandler$0(W3CHandshakeResponse.java:62)
	at org.openqa.selenium.remote.HandshakeResponse.lambda$getResponseFunction$0(HandshakeResponse.java:30)
	at org.openqa.selenium.remote.ProtocolHandshake.lambda$createSession$0(ProtocolHandshake.java:126)
	at java.base/java.util.stream.ReferencePipeline$3$1.accept(ReferencePipeline.java:195)
	at java.base/java.util.Spliterators$ArraySpliterator.tryAdvance(Spliterators.java:958)
	at java.base/java.util.stream.ReferencePipeline.forEachWithCancel(ReferencePipeline.java:127)
	at java.base/java.util.stream.AbstractPipeline.copyIntoWithCancel(AbstractPipeline.java:502)
	at java.base/java.util.stream.AbstractPipeline.copyInto(AbstractPipeline.java:488)
	at java.base/java.util.stream.AbstractPipeline.wrapAndCopyInto(AbstractPipeline.java:474)
	at java.base/java.util.stream.FindOps$FindOp.evaluateSequential(FindOps.java:150)
	at java.base/java.util.stream.AbstractPipeline.evaluate(AbstractPipeline.java:234)
	at java.base/java.util.stream.ReferencePipeline.findFirst(ReferencePipeline.java:543)
	at org.openqa.selenium.remote.ProtocolHandshake.createSession(ProtocolHandshake.java:128)
	at org.openqa.selenium.remote.ProtocolHandshake.createSession(ProtocolHandshake.java:74)
	at org.openqa.selenium.remote.HttpCommandExecutor.execute(HttpCommandExecutor.java:136)
	at org.openqa.selenium.remote.service.DriverCommandExecutor.execute(DriverCommandExecutor.java:83)
	at org.openqa.selenium.remote.RemoteWebDriver.execute(RemoteWebDriver.java:552)
	at org.openqa.selenium.remote.RemoteWebDriver.startSession(RemoteWebDriver.java:213)
	at org.openqa.selenium.remote.RemoteWebDriver.&lt;init&gt;(RemoteWebDriver.java:131)
	at org.openqa.selenium.chrome.ChromeDriver.&lt;init&gt;(ChromeDriver.java:181)
	at org.openqa.selenium.chrome.ChromeDriver.&lt;init&gt;(ChromeDriver.java:168)
	at org.openqa.selenium.chrome.ChromeDriver.&lt;init&gt;(ChromeDriver.java:123)
	at com.BaseTest.BaseTest.setUp(BaseTest.java:23)
... Removed 28 stack frames</div></td></tr></table><p class="totop"><a href="#summary">back to summary</a></p>
<h3 id="m4">com.OrangeHRMApplicationTestCases.LogInTest#logInPageTestAfterLogOut</h3><table class="result"><tr><th>Exception</th></tr><tr><td><div class="stacktrace">org.openqa.selenium.SessionNotCreatedException: session not created: This version of ChromeDriver only supports Chrome version 122
Current browser version is 124.0.6367.207 with binary path C:\Program Files\Google\Chrome\Application\chrome.exe
Build info: version: &apos;3.141.59&apos;, revision: &apos;e82be7d358&apos;, time: &apos;2018-11-14T08:17:03&apos;
System info: host: &apos;DESKTOP-CE9JQAE&apos;, ip: &apos;192.168.0.147&apos;, os.name: &apos;Windows 10&apos;, os.arch: &apos;amd64&apos;, os.version: &apos;10.0&apos;, java.version: &apos;11.0.15&apos;
Driver info: driver.version: ChromeDriver
remote stacktrace: 	GetHandleVerifier [0x00007FF776964C82+3505170]
	(No symbol) [0x00007FF776590852]
	(No symbol) [0x00007FF776444145]
	(No symbol) [0x00007FF77647A612]
	(No symbol) [0x00007FF776479A1F]
	(No symbol) [0x00007FF77647361E]
	(No symbol) [0x00007FF7764707D4]
	(No symbol) [0x00007FF7764B5B5F]
	(No symbol) [0x00007FF7764B56C0]
	(No symbol) [0x00007FF7764ABC33]
	(No symbol) [0x00007FF77647D618]
	(No symbol) [0x00007FF77647E6B1]
	GetHandleVerifier [0x00007FF7769967DD+3708781]
	GetHandleVerifier [0x00007FF7769EFC5D+4074477]
	GetHandleVerifier [0x00007FF7769E7DDF+4042095]
	GetHandleVerifier [0x00007FF7766BA136+708806]
	(No symbol) [0x00007FF77659CB0F]
	(No symbol) [0x00007FF776597D14]
	(No symbol) [0x00007FF776597E6C]
	(No symbol) [0x00007FF7765879A4]
	BaseThreadInitThunk [0x00007FFA07847344+20]
	RtlUserThreadStart [0x00007FFA095A26B1+33]

	at org.openqa.selenium.remote.W3CHandshakeResponse.lambda$errorHandler$0(W3CHandshakeResponse.java:62)
	at org.openqa.selenium.remote.HandshakeResponse.lambda$getResponseFunction$0(HandshakeResponse.java:30)
	at org.openqa.selenium.remote.ProtocolHandshake.lambda$createSession$0(ProtocolHandshake.java:126)
	at java.base/java.util.stream.ReferencePipeline$3$1.accept(ReferencePipeline.java:195)
	at java.base/java.util.Spliterators$ArraySpliterator.tryAdvance(Spliterators.java:958)
	at java.base/java.util.stream.ReferencePipeline.forEachWithCancel(ReferencePipeline.java:127)
	at java.base/java.util.stream.AbstractPipeline.copyIntoWithCancel(AbstractPipeline.java:502)
	at java.base/java.util.stream.AbstractPipeline.copyInto(AbstractPipeline.java:488)
	at java.base/java.util.stream.AbstractPipeline.wrapAndCopyInto(AbstractPipeline.java:474)
	at java.base/java.util.stream.FindOps$FindOp.evaluateSequential(FindOps.java:150)
	at java.base/java.util.stream.AbstractPipeline.evaluate(AbstractPipeline.java:234)
	at java.base/java.util.stream.ReferencePipeline.findFirst(ReferencePipeline.java:543)
	at org.openqa.selenium.remote.ProtocolHandshake.createSession(ProtocolHandshake.java:128)
	at org.openqa.selenium.remote.ProtocolHandshake.createSession(ProtocolHandshake.java:74)
	at org.openqa.selenium.remote.HttpCommandExecutor.execute(HttpCommandExecutor.java:136)
	at org.openqa.selenium.remote.service.DriverCommandExecutor.execute(DriverCommandExecutor.java:83)
	at org.openqa.selenium.remote.RemoteWebDriver.execute(RemoteWebDriver.java:552)
	at org.openqa.selenium.remote.RemoteWebDriver.startSession(RemoteWebDriver.java:213)
	at org.openqa.selenium.remote.RemoteWebDriver.&lt;init&gt;(RemoteWebDriver.java:131)
	at org.openqa.selenium.chrome.ChromeDriver.&lt;init&gt;(ChromeDriver.java:181)
	at org.openqa.selenium.chrome.ChromeDriver.&lt;init&gt;(ChromeDriver.java:168)
	at org.openqa.selenium.chrome.ChromeDriver.&lt;init&gt;(ChromeDriver.java:123)
	at com.BaseTest.BaseTest.setUp(BaseTest.java:23)
... Removed 28 stack frames</div></td></tr></table><p class="totop"><a href="#summary">back to summary</a></p>
<h3 id="m5">com.OrangeHRMApplicationTestCases.LogInTest#logInTest</h3><table class="result"><tr><th>Exception</th></tr><tr><td><div class="stacktrace">org.openqa.selenium.SessionNotCreatedException: session not created: This version of ChromeDriver only supports Chrome version 122
Current browser version is 124.0.6367.207 with binary path C:\Program Files\Google\Chrome\Application\chrome.exe
Build info: version: &apos;3.141.59&apos;, revision: &apos;e82be7d358&apos;, time: &apos;2018-11-14T08:17:03&apos;
System info: host: &apos;DESKTOP-CE9JQAE&apos;, ip: &apos;192.168.0.147&apos;, os.name: &apos;Windows 10&apos;, os.arch: &apos;amd64&apos;, os.version: &apos;10.0&apos;, java.version: &apos;11.0.15&apos;
Driver info: driver.version: ChromeDriver
remote stacktrace: 	GetHandleVerifier [0x00007FF776964C82+3505170]
	(No symbol) [0x00007FF776590852]
	(No symbol) [0x00007FF776444145]
	(No symbol) [0x00007FF77647A612]
	(No symbol) [0x00007FF776479A1F]
	(No symbol) [0x00007FF77647361E]
	(No symbol) [0x00007FF7764707D4]
	(No symbol) [0x00007FF7764B5B5F]
	(No symbol) [0x00007FF7764B56C0]
	(No symbol) [0x00007FF7764ABC33]
	(No symbol) [0x00007FF77647D618]
	(No symbol) [0x00007FF77647E6B1]
	GetHandleVerifier [0x00007FF7769967DD+3708781]
	GetHandleVerifier [0x00007FF7769EFC5D+4074477]
	GetHandleVerifier [0x00007FF7769E7DDF+4042095]
	GetHandleVerifier [0x00007FF7766BA136+708806]
	(No symbol) [0x00007FF77659CB0F]
	(No symbol) [0x00007FF776597D14]
	(No symbol) [0x00007FF776597E6C]
	(No symbol) [0x00007FF7765879A4]
	BaseThreadInitThunk [0x00007FFA07847344+20]
	RtlUserThreadStart [0x00007FFA095A26B1+33]

	at org.openqa.selenium.remote.W3CHandshakeResponse.lambda$errorHandler$0(W3CHandshakeResponse.java:62)
	at org.openqa.selenium.remote.HandshakeResponse.lambda$getResponseFunction$0(HandshakeResponse.java:30)
	at org.openqa.selenium.remote.ProtocolHandshake.lambda$createSession$0(ProtocolHandshake.java:126)
	at java.base/java.util.stream.ReferencePipeline$3$1.accept(ReferencePipeline.java:195)
	at java.base/java.util.Spliterators$ArraySpliterator.tryAdvance(Spliterators.java:958)
	at java.base/java.util.stream.ReferencePipeline.forEachWithCancel(ReferencePipeline.java:127)
	at java.base/java.util.stream.AbstractPipeline.copyIntoWithCancel(AbstractPipeline.java:502)
	at java.base/java.util.stream.AbstractPipeline.copyInto(AbstractPipeline.java:488)
	at java.base/java.util.stream.AbstractPipeline.wrapAndCopyInto(AbstractPipeline.java:474)
	at java.base/java.util.stream.FindOps$FindOp.evaluateSequential(FindOps.java:150)
	at java.base/java.util.stream.AbstractPipeline.evaluate(AbstractPipeline.java:234)
	at java.base/java.util.stream.ReferencePipeline.findFirst(ReferencePipeline.java:543)
	at org.openqa.selenium.remote.ProtocolHandshake.createSession(ProtocolHandshake.java:128)
	at org.openqa.selenium.remote.ProtocolHandshake.createSession(ProtocolHandshake.java:74)
	at org.openqa.selenium.remote.HttpCommandExecutor.execute(HttpCommandExecutor.java:136)
	at org.openqa.selenium.remote.service.DriverCommandExecutor.execute(DriverCommandExecutor.java:83)
	at org.openqa.selenium.remote.RemoteWebDriver.execute(RemoteWebDriver.java:552)
	at org.openqa.selenium.remote.RemoteWebDriver.startSession(RemoteWebDriver.java:213)
	at org.openqa.selenium.remote.RemoteWebDriver.&lt;init&gt;(RemoteWebDriver.java:131)
	at org.openqa.selenium.chrome.ChromeDriver.&lt;init&gt;(ChromeDriver.java:181)
	at org.openqa.selenium.chrome.ChromeDriver.&lt;init&gt;(ChromeDriver.java:168)
	at org.openqa.selenium.chrome.ChromeDriver.&lt;init&gt;(ChromeDriver.java:123)
	at com.BaseTest.BaseTest.setUp(BaseTest.java:23)
... Removed 28 stack frames</div></td></tr></table><p class="totop"><a href="#summary">back to summary</a></p>
<h3 id="m6">com.OrangeHRMApplicationTestCases.LogInTest#logOutTest</h3><table class="result"><tr><th>Exception</th></tr><tr><td><div class="stacktrace">org.openqa.selenium.SessionNotCreatedException: session not created: This version of ChromeDriver only supports Chrome version 122
Current browser version is 124.0.6367.207 with binary path C:\Program Files\Google\Chrome\Application\chrome.exe
Build info: version: &apos;3.141.59&apos;, revision: &apos;e82be7d358&apos;, time: &apos;2018-11-14T08:17:03&apos;
System info: host: &apos;DESKTOP-CE9JQAE&apos;, ip: &apos;192.168.0.147&apos;, os.name: &apos;Windows 10&apos;, os.arch: &apos;amd64&apos;, os.version: &apos;10.0&apos;, java.version: &apos;11.0.15&apos;
Driver info: driver.version: ChromeDriver
remote stacktrace: 	GetHandleVerifier [0x00007FF776964C82+3505170]
	(No symbol) [0x00007FF776590852]
	(No symbol) [0x00007FF776444145]
	(No symbol) [0x00007FF77647A612]
	(No symbol) [0x00007FF776479A1F]
	(No symbol) [0x00007FF77647361E]
	(No symbol) [0x00007FF7764707D4]
	(No symbol) [0x00007FF7764B5B5F]
	(No symbol) [0x00007FF7764B56C0]
	(No symbol) [0x00007FF7764ABC33]
	(No symbol) [0x00007FF77647D618]
	(No symbol) [0x00007FF77647E6B1]
	GetHandleVerifier [0x00007FF7769967DD+3708781]
	GetHandleVerifier [0x00007FF7769EFC5D+4074477]
	GetHandleVerifier [0x00007FF7769E7DDF+4042095]
	GetHandleVerifier [0x00007FF7766BA136+708806]
	(No symbol) [0x00007FF77659CB0F]
	(No symbol) [0x00007FF776597D14]
	(No symbol) [0x00007FF776597E6C]
	(No symbol) [0x00007FF7765879A4]
	BaseThreadInitThunk [0x00007FFA07847344+20]
	RtlUserThreadStart [0x00007FFA095A26B1+33]

	at org.openqa.selenium.remote.W3CHandshakeResponse.lambda$errorHandler$0(W3CHandshakeResponse.java:62)
	at org.openqa.selenium.remote.HandshakeResponse.lambda$getResponseFunction$0(HandshakeResponse.java:30)
	at org.openqa.selenium.remote.ProtocolHandshake.lambda$createSession$0(ProtocolHandshake.java:126)
	at java.base/java.util.stream.ReferencePipeline$3$1.accept(ReferencePipeline.java:195)
	at java.base/java.util.Spliterators$ArraySpliterator.tryAdvance(Spliterators.java:958)
	at java.base/java.util.stream.ReferencePipeline.forEachWithCancel(ReferencePipeline.java:127)
	at java.base/java.util.stream.AbstractPipeline.copyIntoWithCancel(AbstractPipeline.java:502)
	at java.base/java.util.stream.AbstractPipeline.copyInto(AbstractPipeline.java:488)
	at java.base/java.util.stream.AbstractPipeline.wrapAndCopyInto(AbstractPipeline.java:474)
	at java.base/java.util.stream.FindOps$FindOp.evaluateSequential(FindOps.java:150)
	at java.base/java.util.stream.AbstractPipeline.evaluate(AbstractPipeline.java:234)
	at java.base/java.util.stream.ReferencePipeline.findFirst(ReferencePipeline.java:543)
	at org.openqa.selenium.remote.ProtocolHandshake.createSession(ProtocolHandshake.java:128)
	at org.openqa.selenium.remote.ProtocolHandshake.createSession(ProtocolHandshake.java:74)
	at org.openqa.selenium.remote.HttpCommandExecutor.execute(HttpCommandExecutor.java:136)
	at org.openqa.selenium.remote.service.DriverCommandExecutor.execute(DriverCommandExecutor.java:83)
	at org.openqa.selenium.remote.RemoteWebDriver.execute(RemoteWebDriver.java:552)
	at org.openqa.selenium.remote.RemoteWebDriver.startSession(RemoteWebDriver.java:213)
	at org.openqa.selenium.remote.RemoteWebDriver.&lt;init&gt;(RemoteWebDriver.java:131)
	at org.openqa.selenium.chrome.ChromeDriver.&lt;init&gt;(ChromeDriver.java:181)
	at org.openqa.selenium.chrome.ChromeDriver.&lt;init&gt;(ChromeDriver.java:168)
	at org.openqa.selenium.chrome.ChromeDriver.&lt;init&gt;(ChromeDriver.java:123)
	at com.BaseTest.BaseTest.setUp(BaseTest.java:23)
... Removed 28 stack frames</div></td></tr></table><p class="totop"><a href="#summary">back to summary</a></p>
<h2>AddEmployeeTest</h2><h3 id="m7">com.OrangeHRMApplicationTestCases.AddEmployeeTest#setUp</h3><table class="result"><tr><th>Exception</th></tr><tr><td><div class="stacktrace">org.openqa.selenium.SessionNotCreatedException: session not created: This version of ChromeDriver only supports Chrome version 122
Current browser version is 124.0.6367.207 with binary path C:\Program Files\Google\Chrome\Application\chrome.exe
Build info: version: &apos;3.141.59&apos;, revision: &apos;e82be7d358&apos;, time: &apos;2018-11-14T08:17:03&apos;
System info: host: &apos;DESKTOP-CE9JQAE&apos;, ip: &apos;192.168.0.147&apos;, os.name: &apos;Windows 10&apos;, os.arch: &apos;amd64&apos;, os.version: &apos;10.0&apos;, java.version: &apos;11.0.15&apos;
Driver info: driver.version: ChromeDriver
remote stacktrace: 	GetHandleVerifier [0x00007FF776964C82+3505170]
	(No symbol) [0x00007FF776590852]
	(No symbol) [0x00007FF776444145]
	(No symbol) [0x00007FF77647A612]
	(No symbol) [0x00007FF776479A1F]
	(No symbol) [0x00007FF77647361E]
	(No symbol) [0x00007FF7764707D4]
	(No symbol) [0x00007FF7764B5B5F]
	(No symbol) [0x00007FF7764B56C0]
	(No symbol) [0x00007FF7764ABC33]
	(No symbol) [0x00007FF77647D618]
	(No symbol) [0x00007FF77647E6B1]
	GetHandleVerifier [0x00007FF7769967DD+3708781]
	GetHandleVerifier [0x00007FF7769EFC5D+4074477]
	GetHandleVerifier [0x00007FF7769E7DDF+4042095]
	GetHandleVerifier [0x00007FF7766BA136+708806]
	(No symbol) [0x00007FF77659CB0F]
	(No symbol) [0x00007FF776597D14]
	(No symbol) [0x00007FF776597E6C]
	(No symbol) [0x00007FF7765879A4]
	BaseThreadInitThunk [0x00007FFA07847344+20]
	RtlUserThreadStart [0x00007FFA095A26B1+33]

	at org.openqa.selenium.remote.W3CHandshakeResponse.lambda$errorHandler$0(W3CHandshakeResponse.java:62)
	at org.openqa.selenium.remote.HandshakeResponse.lambda$getResponseFunction$0(HandshakeResponse.java:30)
	at org.openqa.selenium.remote.ProtocolHandshake.lambda$createSession$0(ProtocolHandshake.java:126)
	at java.base/java.util.stream.ReferencePipeline$3$1.accept(ReferencePipeline.java:195)
	at java.base/java.util.Spliterators$ArraySpliterator.tryAdvance(Spliterators.java:958)
	at java.base/java.util.stream.ReferencePipeline.forEachWithCancel(ReferencePipeline.java:127)
	at java.base/java.util.stream.AbstractPipeline.copyIntoWithCancel(AbstractPipeline.java:502)
	at java.base/java.util.stream.AbstractPipeline.copyInto(AbstractPipeline.java:488)
	at java.base/java.util.stream.AbstractPipeline.wrapAndCopyInto(AbstractPipeline.java:474)
	at java.base/java.util.stream.FindOps$FindOp.evaluateSequential(FindOps.java:150)
	at java.base/java.util.stream.AbstractPipeline.evaluate(AbstractPipeline.java:234)
	at java.base/java.util.stream.ReferencePipeline.findFirst(ReferencePipeline.java:543)
	at org.openqa.selenium.remote.ProtocolHandshake.createSession(ProtocolHandshake.java:128)
	at org.openqa.selenium.remote.ProtocolHandshake.createSession(ProtocolHandshake.java:74)
	at org.openqa.selenium.remote.HttpCommandExecutor.execute(HttpCommandExecutor.java:136)
	at org.openqa.selenium.remote.service.DriverCommandExecutor.execute(DriverCommandExecutor.java:83)
	at org.openqa.selenium.remote.RemoteWebDriver.execute(RemoteWebDriver.java:552)
	at org.openqa.selenium.remote.RemoteWebDriver.startSession(RemoteWebDriver.java:213)
	at org.openqa.selenium.remote.RemoteWebDriver.&lt;init&gt;(RemoteWebDriver.java:131)
	at org.openqa.selenium.chrome.ChromeDriver.&lt;init&gt;(ChromeDriver.java:181)
	at org.openqa.selenium.chrome.ChromeDriver.&lt;init&gt;(ChromeDriver.java:168)
	at org.openqa.selenium.chrome.ChromeDriver.&lt;init&gt;(ChromeDriver.java:123)
	at com.BaseTest.BaseTest.setUp(BaseTest.java:23)
... Removed 28 stack frames</div></td></tr></table><p class="totop"><a href="#summary">back to summary</a></p>
<h3 id="m8">com.OrangeHRMApplicationTestCases.AddEmployeeTest#tearDown</h3><table class="result"><tr><th class="invisible"/></tr></table><p class="totop"><a href="#summary">back to summary</a></p>
<h3 id="m9">com.OrangeHRMApplicationTestCases.AddEmployeeTest#addEmployeeTest</h3><table class="result"><tr><th>Exception</th></tr><tr><td><div class="stacktrace">org.openqa.selenium.SessionNotCreatedException: session not created: This version of ChromeDriver only supports Chrome version 122
Current browser version is 124.0.6367.207 with binary path C:\Program Files\Google\Chrome\Application\chrome.exe
Build info: version: &apos;3.141.59&apos;, revision: &apos;e82be7d358&apos;, time: &apos;2018-11-14T08:17:03&apos;
System info: host: &apos;DESKTOP-CE9JQAE&apos;, ip: &apos;192.168.0.147&apos;, os.name: &apos;Windows 10&apos;, os.arch: &apos;amd64&apos;, os.version: &apos;10.0&apos;, java.version: &apos;11.0.15&apos;
Driver info: driver.version: ChromeDriver
remote stacktrace: 	GetHandleVerifier [0x00007FF776964C82+3505170]
	(No symbol) [0x00007FF776590852]
	(No symbol) [0x00007FF776444145]
	(No symbol) [0x00007FF77647A612]
	(No symbol) [0x00007FF776479A1F]
	(No symbol) [0x00007FF77647361E]
	(No symbol) [0x00007FF7764707D4]
	(No symbol) [0x00007FF7764B5B5F]
	(No symbol) [0x00007FF7764B56C0]
	(No symbol) [0x00007FF7764ABC33]
	(No symbol) [0x00007FF77647D618]
	(No symbol) [0x00007FF77647E6B1]
	GetHandleVerifier [0x00007FF7769967DD+3708781]
	GetHandleVerifier [0x00007FF7769EFC5D+4074477]
	GetHandleVerifier [0x00007FF7769E7DDF+4042095]
	GetHandleVerifier [0x00007FF7766BA136+708806]
	(No symbol) [0x00007FF77659CB0F]
	(No symbol) [0x00007FF776597D14]
	(No symbol) [0x00007FF776597E6C]
	(No symbol) [0x00007FF7765879A4]
	BaseThreadInitThunk [0x00007FFA07847344+20]
	RtlUserThreadStart [0x00007FFA095A26B1+33]

	at org.openqa.selenium.remote.W3CHandshakeResponse.lambda$errorHandler$0(W3CHandshakeResponse.java:62)
	at org.openqa.selenium.remote.HandshakeResponse.lambda$getResponseFunction$0(HandshakeResponse.java:30)
	at org.openqa.selenium.remote.ProtocolHandshake.lambda$createSession$0(ProtocolHandshake.java:126)
	at java.base/java.util.stream.ReferencePipeline$3$1.accept(ReferencePipeline.java:195)
	at java.base/java.util.Spliterators$ArraySpliterator.tryAdvance(Spliterators.java:958)
	at java.base/java.util.stream.ReferencePipeline.forEachWithCancel(ReferencePipeline.java:127)
	at java.base/java.util.stream.AbstractPipeline.copyIntoWithCancel(AbstractPipeline.java:502)
	at java.base/java.util.stream.AbstractPipeline.copyInto(AbstractPipeline.java:488)
	at java.base/java.util.stream.AbstractPipeline.wrapAndCopyInto(AbstractPipeline.java:474)
	at java.base/java.util.stream.FindOps$FindOp.evaluateSequential(FindOps.java:150)
	at java.base/java.util.stream.AbstractPipeline.evaluate(AbstractPipeline.java:234)
	at java.base/java.util.stream.ReferencePipeline.findFirst(ReferencePipeline.java:543)
	at org.openqa.selenium.remote.ProtocolHandshake.createSession(ProtocolHandshake.java:128)
	at org.openqa.selenium.remote.ProtocolHandshake.createSession(ProtocolHandshake.java:74)
	at org.openqa.selenium.remote.HttpCommandExecutor.execute(HttpCommandExecutor.java:136)
	at org.openqa.selenium.remote.service.DriverCommandExecutor.execute(DriverCommandExecutor.java:83)
	at org.openqa.selenium.remote.RemoteWebDriver.execute(RemoteWebDriver.java:552)
	at org.openqa.selenium.remote.RemoteWebDriver.startSession(RemoteWebDriver.java:213)
	at org.openqa.selenium.remote.RemoteWebDriver.&lt;init&gt;(RemoteWebDriver.java:131)
	at org.openqa.selenium.chrome.ChromeDriver.&lt;init&gt;(ChromeDriver.java:181)
	at org.openqa.selenium.chrome.ChromeDriver.&lt;init&gt;(ChromeDriver.java:168)
	at org.openqa.selenium.chrome.ChromeDriver.&lt;init&gt;(ChromeDriver.java:123)
	at com.BaseTest.BaseTest.setUp(BaseTest.java:23)
... Removed 28 stack frames</div></td></tr></table><p class="totop"><a href="#summary">back to summary</a></p>
<h3 id="m10">com.OrangeHRMApplicationTestCases.AddEmployeeTest#homePageTest</h3><table class="result"><tr><th>Exception</th></tr><tr><td><div class="stacktrace">org.openqa.selenium.SessionNotCreatedException: session not created: This version of ChromeDriver only supports Chrome version 122
Current browser version is 124.0.6367.207 with binary path C:\Program Files\Google\Chrome\Application\chrome.exe
Build info: version: &apos;3.141.59&apos;, revision: &apos;e82be7d358&apos;, time: &apos;2018-11-14T08:17:03&apos;
System info: host: &apos;DESKTOP-CE9JQAE&apos;, ip: &apos;192.168.0.147&apos;, os.name: &apos;Windows 10&apos;, os.arch: &apos;amd64&apos;, os.version: &apos;10.0&apos;, java.version: &apos;11.0.15&apos;
Driver info: driver.version: ChromeDriver
remote stacktrace: 	GetHandleVerifier [0x00007FF776964C82+3505170]
	(No symbol) [0x00007FF776590852]
	(No symbol) [0x00007FF776444145]
	(No symbol) [0x00007FF77647A612]
	(No symbol) [0x00007FF776479A1F]
	(No symbol) [0x00007FF77647361E]
	(No symbol) [0x00007FF7764707D4]
	(No symbol) [0x00007FF7764B5B5F]
	(No symbol) [0x00007FF7764B56C0]
	(No symbol) [0x00007FF7764ABC33]
	(No symbol) [0x00007FF77647D618]
	(No symbol) [0x00007FF77647E6B1]
	GetHandleVerifier [0x00007FF7769967DD+3708781]
	GetHandleVerifier [0x00007FF7769EFC5D+4074477]
	GetHandleVerifier [0x00007FF7769E7DDF+4042095]
	GetHandleVerifier [0x00007FF7766BA136+708806]
	(No symbol) [0x00007FF77659CB0F]
	(No symbol) [0x00007FF776597D14]
	(No symbol) [0x00007FF776597E6C]
	(No symbol) [0x00007FF7765879A4]
	BaseThreadInitThunk [0x00007FFA07847344+20]
	RtlUserThreadStart [0x00007FFA095A26B1+33]

	at org.openqa.selenium.remote.W3CHandshakeResponse.lambda$errorHandler$0(W3CHandshakeResponse.java:62)
	at org.openqa.selenium.remote.HandshakeResponse.lambda$getResponseFunction$0(HandshakeResponse.java:30)
	at org.openqa.selenium.remote.ProtocolHandshake.lambda$createSession$0(ProtocolHandshake.java:126)
	at java.base/java.util.stream.ReferencePipeline$3$1.accept(ReferencePipeline.java:195)
	at java.base/java.util.Spliterators$ArraySpliterator.tryAdvance(Spliterators.java:958)
	at java.base/java.util.stream.ReferencePipeline.forEachWithCancel(ReferencePipeline.java:127)
	at java.base/java.util.stream.AbstractPipeline.copyIntoWithCancel(AbstractPipeline.java:502)
	at java.base/java.util.stream.AbstractPipeline.copyInto(AbstractPipeline.java:488)
	at java.base/java.util.stream.AbstractPipeline.wrapAndCopyInto(AbstractPipeline.java:474)
	at java.base/java.util.stream.FindOps$FindOp.evaluateSequential(FindOps.java:150)
	at java.base/java.util.stream.AbstractPipeline.evaluate(AbstractPipeline.java:234)
	at java.base/java.util.stream.ReferencePipeline.findFirst(ReferencePipeline.java:543)
	at org.openqa.selenium.remote.ProtocolHandshake.createSession(ProtocolHandshake.java:128)
	at org.openqa.selenium.remote.ProtocolHandshake.createSession(ProtocolHandshake.java:74)
	at org.openqa.selenium.remote.HttpCommandExecutor.execute(HttpCommandExecutor.java:136)
	at org.openqa.selenium.remote.service.DriverCommandExecutor.execute(DriverCommandExecutor.java:83)
	at org.openqa.selenium.remote.RemoteWebDriver.execute(RemoteWebDriver.java:552)
	at org.openqa.selenium.remote.RemoteWebDriver.startSession(RemoteWebDriver.java:213)
	at org.openqa.selenium.remote.RemoteWebDriver.&lt;init&gt;(RemoteWebDriver.java:131)
	at org.openqa.selenium.chrome.ChromeDriver.&lt;init&gt;(ChromeDriver.java:181)
	at org.openqa.selenium.chrome.ChromeDriver.&lt;init&gt;(ChromeDriver.java:168)
	at org.openqa.selenium.chrome.ChromeDriver.&lt;init&gt;(ChromeDriver.java:123)
	at com.BaseTest.BaseTest.setUp(BaseTest.java:23)
... Removed 28 stack frames</div></td></tr></table><p class="totop"><a href="#summary">back to summary</a></p>
<h3 id="m11">com.OrangeHRMApplicationTestCases.AddEmployeeTest#logInPageTest</h3><table class="result"><tr><th>Exception</th></tr><tr><td><div class="stacktrace">org.openqa.selenium.SessionNotCreatedException: session not created: This version of ChromeDriver only supports Chrome version 122
Current browser version is 124.0.6367.207 with binary path C:\Program Files\Google\Chrome\Application\chrome.exe
Build info: version: &apos;3.141.59&apos;, revision: &apos;e82be7d358&apos;, time: &apos;2018-11-14T08:17:03&apos;
System info: host: &apos;DESKTOP-CE9JQAE&apos;, ip: &apos;192.168.0.147&apos;, os.name: &apos;Windows 10&apos;, os.arch: &apos;amd64&apos;, os.version: &apos;10.0&apos;, java.version: &apos;11.0.15&apos;
Driver info: driver.version: ChromeDriver
remote stacktrace: 	GetHandleVerifier [0x00007FF776964C82+3505170]
	(No symbol) [0x00007FF776590852]
	(No symbol) [0x00007FF776444145]
	(No symbol) [0x00007FF77647A612]
	(No symbol) [0x00007FF776479A1F]
	(No symbol) [0x00007FF77647361E]
	(No symbol) [0x00007FF7764707D4]
	(No symbol) [0x00007FF7764B5B5F]
	(No symbol) [0x00007FF7764B56C0]
	(No symbol) [0x00007FF7764ABC33]
	(No symbol) [0x00007FF77647D618]
	(No symbol) [0x00007FF77647E6B1]
	GetHandleVerifier [0x00007FF7769967DD+3708781]
	GetHandleVerifier [0x00007FF7769EFC5D+4074477]
	GetHandleVerifier [0x00007FF7769E7DDF+4042095]
	GetHandleVerifier [0x00007FF7766BA136+708806]
	(No symbol) [0x00007FF77659CB0F]
	(No symbol) [0x00007FF776597D14]
	(No symbol) [0x00007FF776597E6C]
	(No symbol) [0x00007FF7765879A4]
	BaseThreadInitThunk [0x00007FFA07847344+20]
	RtlUserThreadStart [0x00007FFA095A26B1+33]

	at org.openqa.selenium.remote.W3CHandshakeResponse.lambda$errorHandler$0(W3CHandshakeResponse.java:62)
	at org.openqa.selenium.remote.HandshakeResponse.lambda$getResponseFunction$0(HandshakeResponse.java:30)
	at org.openqa.selenium.remote.ProtocolHandshake.lambda$createSession$0(ProtocolHandshake.java:126)
	at java.base/java.util.stream.ReferencePipeline$3$1.accept(ReferencePipeline.java:195)
	at java.base/java.util.Spliterators$ArraySpliterator.tryAdvance(Spliterators.java:958)
	at java.base/java.util.stream.ReferencePipeline.forEachWithCancel(ReferencePipeline.java:127)
	at java.base/java.util.stream.AbstractPipeline.copyIntoWithCancel(AbstractPipeline.java:502)
	at java.base/java.util.stream.AbstractPipeline.copyInto(AbstractPipeline.java:488)
	at java.base/java.util.stream.AbstractPipeline.wrapAndCopyInto(AbstractPipeline.java:474)
	at java.base/java.util.stream.FindOps$FindOp.evaluateSequential(FindOps.java:150)
	at java.base/java.util.stream.AbstractPipeline.evaluate(AbstractPipeline.java:234)
	at java.base/java.util.stream.ReferencePipeline.findFirst(ReferencePipeline.java:543)
	at org.openqa.selenium.remote.ProtocolHandshake.createSession(ProtocolHandshake.java:128)
	at org.openqa.selenium.remote.ProtocolHandshake.createSession(ProtocolHandshake.java:74)
	at org.openqa.selenium.remote.HttpCommandExecutor.execute(HttpCommandExecutor.java:136)
	at org.openqa.selenium.remote.service.DriverCommandExecutor.execute(DriverCommandExecutor.java:83)
	at org.openqa.selenium.remote.RemoteWebDriver.execute(RemoteWebDriver.java:552)
	at org.openqa.selenium.remote.RemoteWebDriver.startSession(RemoteWebDriver.java:213)
	at org.openqa.selenium.remote.RemoteWebDriver.&lt;init&gt;(RemoteWebDriver.java:131)
	at org.openqa.selenium.chrome.ChromeDriver.&lt;init&gt;(ChromeDriver.java:181)
	at org.openqa.selenium.chrome.ChromeDriver.&lt;init&gt;(ChromeDriver.java:168)
	at org.openqa.selenium.chrome.ChromeDriver.&lt;init&gt;(ChromeDriver.java:123)
	at com.BaseTest.BaseTest.setUp(BaseTest.java:23)
... Removed 28 stack frames</div></td></tr></table><p class="totop"><a href="#summary">back to summary</a></p>
<h3 id="m12">com.OrangeHRMApplicationTestCases.AddEmployeeTest#logInPageTestAfterLogOut</h3><table class="result"><tr><th>Exception</th></tr><tr><td><div class="stacktrace">org.openqa.selenium.SessionNotCreatedException: session not created: This version of ChromeDriver only supports Chrome version 122
Current browser version is 124.0.6367.207 with binary path C:\Program Files\Google\Chrome\Application\chrome.exe
Build info: version: &apos;3.141.59&apos;, revision: &apos;e82be7d358&apos;, time: &apos;2018-11-14T08:17:03&apos;
System info: host: &apos;DESKTOP-CE9JQAE&apos;, ip: &apos;192.168.0.147&apos;, os.name: &apos;Windows 10&apos;, os.arch: &apos;amd64&apos;, os.version: &apos;10.0&apos;, java.version: &apos;11.0.15&apos;
Driver info: driver.version: ChromeDriver
remote stacktrace: 	GetHandleVerifier [0x00007FF776964C82+3505170]
	(No symbol) [0x00007FF776590852]
	(No symbol) [0x00007FF776444145]
	(No symbol) [0x00007FF77647A612]
	(No symbol) [0x00007FF776479A1F]
	(No symbol) [0x00007FF77647361E]
	(No symbol) [0x00007FF7764707D4]
	(No symbol) [0x00007FF7764B5B5F]
	(No symbol) [0x00007FF7764B56C0]
	(No symbol) [0x00007FF7764ABC33]
	(No symbol) [0x00007FF77647D618]
	(No symbol) [0x00007FF77647E6B1]
	GetHandleVerifier [0x00007FF7769967DD+3708781]
	GetHandleVerifier [0x00007FF7769EFC5D+4074477]
	GetHandleVerifier [0x00007FF7769E7DDF+4042095]
	GetHandleVerifier [0x00007FF7766BA136+708806]
	(No symbol) [0x00007FF77659CB0F]
	(No symbol) [0x00007FF776597D14]
	(No symbol) [0x00007FF776597E6C]
	(No symbol) [0x00007FF7765879A4]
	BaseThreadInitThunk [0x00007FFA07847344+20]
	RtlUserThreadStart [0x00007FFA095A26B1+33]

	at org.openqa.selenium.remote.W3CHandshakeResponse.lambda$errorHandler$0(W3CHandshakeResponse.java:62)
	at org.openqa.selenium.remote.HandshakeResponse.lambda$getResponseFunction$0(HandshakeResponse.java:30)
	at org.openqa.selenium.remote.ProtocolHandshake.lambda$createSession$0(ProtocolHandshake.java:126)
	at java.base/java.util.stream.ReferencePipeline$3$1.accept(ReferencePipeline.java:195)
	at java.base/java.util.Spliterators$ArraySpliterator.tryAdvance(Spliterators.java:958)
	at java.base/java.util.stream.ReferencePipeline.forEachWithCancel(ReferencePipeline.java:127)
	at java.base/java.util.stream.AbstractPipeline.copyIntoWithCancel(AbstractPipeline.java:502)
	at java.base/java.util.stream.AbstractPipeline.copyInto(AbstractPipeline.java:488)
	at java.base/java.util.stream.AbstractPipeline.wrapAndCopyInto(AbstractPipeline.java:474)
	at java.base/java.util.stream.FindOps$FindOp.evaluateSequential(FindOps.java:150)
	at java.base/java.util.stream.AbstractPipeline.evaluate(AbstractPipeline.java:234)
	at java.base/java.util.stream.ReferencePipeline.findFirst(ReferencePipeline.java:543)
	at org.openqa.selenium.remote.ProtocolHandshake.createSession(ProtocolHandshake.java:128)
	at org.openqa.selenium.remote.ProtocolHandshake.createSession(ProtocolHandshake.java:74)
	at org.openqa.selenium.remote.HttpCommandExecutor.execute(HttpCommandExecutor.java:136)
	at org.openqa.selenium.remote.service.DriverCommandExecutor.execute(DriverCommandExecutor.java:83)
	at org.openqa.selenium.remote.RemoteWebDriver.execute(RemoteWebDriver.java:552)
	at org.openqa.selenium.remote.RemoteWebDriver.startSession(RemoteWebDriver.java:213)
	at org.openqa.selenium.remote.RemoteWebDriver.&lt;init&gt;(RemoteWebDriver.java:131)
	at org.openqa.selenium.chrome.ChromeDriver.&lt;init&gt;(ChromeDriver.java:181)
	at org.openqa.selenium.chrome.ChromeDriver.&lt;init&gt;(ChromeDriver.java:168)
	at org.openqa.selenium.chrome.ChromeDriver.&lt;init&gt;(ChromeDriver.java:123)
	at com.BaseTest.BaseTest.setUp(BaseTest.java:23)
... Removed 28 stack frames</div></td></tr></table><p class="totop"><a href="#summary">back to summary</a></p>
<h3 id="m13">com.OrangeHRMApplicationTestCases.AddEmployeeTest#logInTest</h3><table class="result"><tr><th>Exception</th></tr><tr><td><div class="stacktrace">org.openqa.selenium.SessionNotCreatedException: session not created: This version of ChromeDriver only supports Chrome version 122
Current browser version is 124.0.6367.207 with binary path C:\Program Files\Google\Chrome\Application\chrome.exe
Build info: version: &apos;3.141.59&apos;, revision: &apos;e82be7d358&apos;, time: &apos;2018-11-14T08:17:03&apos;
System info: host: &apos;DESKTOP-CE9JQAE&apos;, ip: &apos;192.168.0.147&apos;, os.name: &apos;Windows 10&apos;, os.arch: &apos;amd64&apos;, os.version: &apos;10.0&apos;, java.version: &apos;11.0.15&apos;
Driver info: driver.version: ChromeDriver
remote stacktrace: 	GetHandleVerifier [0x00007FF776964C82+3505170]
	(No symbol) [0x00007FF776590852]
	(No symbol) [0x00007FF776444145]
	(No symbol) [0x00007FF77647A612]
	(No symbol) [0x00007FF776479A1F]
	(No symbol) [0x00007FF77647361E]
	(No symbol) [0x00007FF7764707D4]
	(No symbol) [0x00007FF7764B5B5F]
	(No symbol) [0x00007FF7764B56C0]
	(No symbol) [0x00007FF7764ABC33]
	(No symbol) [0x00007FF77647D618]
	(No symbol) [0x00007FF77647E6B1]
	GetHandleVerifier [0x00007FF7769967DD+3708781]
	GetHandleVerifier [0x00007FF7769EFC5D+4074477]
	GetHandleVerifier [0x00007FF7769E7DDF+4042095]
	GetHandleVerifier [0x00007FF7766BA136+708806]
	(No symbol) [0x00007FF77659CB0F]
	(No symbol) [0x00007FF776597D14]
	(No symbol) [0x00007FF776597E6C]
	(No symbol) [0x00007FF7765879A4]
	BaseThreadInitThunk [0x00007FFA07847344+20]
	RtlUserThreadStart [0x00007FFA095A26B1+33]

	at org.openqa.selenium.remote.W3CHandshakeResponse.lambda$errorHandler$0(W3CHandshakeResponse.java:62)
	at org.openqa.selenium.remote.HandshakeResponse.lambda$getResponseFunction$0(HandshakeResponse.java:30)
	at org.openqa.selenium.remote.ProtocolHandshake.lambda$createSession$0(ProtocolHandshake.java:126)
	at java.base/java.util.stream.ReferencePipeline$3$1.accept(ReferencePipeline.java:195)
	at java.base/java.util.Spliterators$ArraySpliterator.tryAdvance(Spliterators.java:958)
	at java.base/java.util.stream.ReferencePipeline.forEachWithCancel(ReferencePipeline.java:127)
	at java.base/java.util.stream.AbstractPipeline.copyIntoWithCancel(AbstractPipeline.java:502)
	at java.base/java.util.stream.AbstractPipeline.copyInto(AbstractPipeline.java:488)
	at java.base/java.util.stream.AbstractPipeline.wrapAndCopyInto(AbstractPipeline.java:474)
	at java.base/java.util.stream.FindOps$FindOp.evaluateSequential(FindOps.java:150)
	at java.base/java.util.stream.AbstractPipeline.evaluate(AbstractPipeline.java:234)
	at java.base/java.util.stream.ReferencePipeline.findFirst(ReferencePipeline.java:543)
	at org.openqa.selenium.remote.ProtocolHandshake.createSession(ProtocolHandshake.java:128)
	at org.openqa.selenium.remote.ProtocolHandshake.createSession(ProtocolHandshake.java:74)
	at org.openqa.selenium.remote.HttpCommandExecutor.execute(HttpCommandExecutor.java:136)
	at org.openqa.selenium.remote.service.DriverCommandExecutor.execute(DriverCommandExecutor.java:83)
	at org.openqa.selenium.remote.RemoteWebDriver.execute(RemoteWebDriver.java:552)
	at org.openqa.selenium.remote.RemoteWebDriver.startSession(RemoteWebDriver.java:213)
	at org.openqa.selenium.remote.RemoteWebDriver.&lt;init&gt;(RemoteWebDriver.java:131)
	at org.openqa.selenium.chrome.ChromeDriver.&lt;init&gt;(ChromeDriver.java:181)
	at org.openqa.selenium.chrome.ChromeDriver.&lt;init&gt;(ChromeDriver.java:168)
	at org.openqa.selenium.chrome.ChromeDriver.&lt;init&gt;(ChromeDriver.java:123)
	at com.BaseTest.BaseTest.setUp(BaseTest.java:23)
... Removed 28 stack frames</div></td></tr></table><p class="totop"><a href="#summary">back to summary</a></p>
<h3 id="m14">com.OrangeHRMApplicationTestCases.AddEmployeeTest#logOutTest</h3><table class="result"><tr><th>Exception</th></tr><tr><td><div class="stacktrace">org.openqa.selenium.SessionNotCreatedException: session not created: This version of ChromeDriver only supports Chrome version 122
Current browser version is 124.0.6367.207 with binary path C:\Program Files\Google\Chrome\Application\chrome.exe
Build info: version: &apos;3.141.59&apos;, revision: &apos;e82be7d358&apos;, time: &apos;2018-11-14T08:17:03&apos;
System info: host: &apos;DESKTOP-CE9JQAE&apos;, ip: &apos;192.168.0.147&apos;, os.name: &apos;Windows 10&apos;, os.arch: &apos;amd64&apos;, os.version: &apos;10.0&apos;, java.version: &apos;11.0.15&apos;
Driver info: driver.version: ChromeDriver
remote stacktrace: 	GetHandleVerifier [0x00007FF776964C82+3505170]
	(No symbol) [0x00007FF776590852]
	(No symbol) [0x00007FF776444145]
	(No symbol) [0x00007FF77647A612]
	(No symbol) [0x00007FF776479A1F]
	(No symbol) [0x00007FF77647361E]
	(No symbol) [0x00007FF7764707D4]
	(No symbol) [0x00007FF7764B5B5F]
	(No symbol) [0x00007FF7764B56C0]
	(No symbol) [0x00007FF7764ABC33]
	(No symbol) [0x00007FF77647D618]
	(No symbol) [0x00007FF77647E6B1]
	GetHandleVerifier [0x00007FF7769967DD+3708781]
	GetHandleVerifier [0x00007FF7769EFC5D+4074477]
	GetHandleVerifier [0x00007FF7769E7DDF+4042095]
	GetHandleVerifier [0x00007FF7766BA136+708806]
	(No symbol) [0x00007FF77659CB0F]
	(No symbol) [0x00007FF776597D14]
	(No symbol) [0x00007FF776597E6C]
	(No symbol) [0x00007FF7765879A4]
	BaseThreadInitThunk [0x00007FFA07847344+20]
	RtlUserThreadStart [0x00007FFA095A26B1+33]

	at org.openqa.selenium.remote.W3CHandshakeResponse.lambda$errorHandler$0(W3CHandshakeResponse.java:62)
	at org.openqa.selenium.remote.HandshakeResponse.lambda$getResponseFunction$0(HandshakeResponse.java:30)
	at org.openqa.selenium.remote.ProtocolHandshake.lambda$createSession$0(ProtocolHandshake.java:126)
	at java.base/java.util.stream.ReferencePipeline$3$1.accept(ReferencePipeline.java:195)
	at java.base/java.util.Spliterators$ArraySpliterator.tryAdvance(Spliterators.java:958)
	at java.base/java.util.stream.ReferencePipeline.forEachWithCancel(ReferencePipeline.java:127)
	at java.base/java.util.stream.AbstractPipeline.copyIntoWithCancel(AbstractPipeline.java:502)
	at java.base/java.util.stream.AbstractPipeline.copyInto(AbstractPipeline.java:488)
	at java.base/java.util.stream.AbstractPipeline.wrapAndCopyInto(AbstractPipeline.java:474)
	at java.base/java.util.stream.FindOps$FindOp.evaluateSequential(FindOps.java:150)
	at java.base/java.util.stream.AbstractPipeline.evaluate(AbstractPipeline.java:234)
	at java.base/java.util.stream.ReferencePipeline.findFirst(ReferencePipeline.java:543)
	at org.openqa.selenium.remote.ProtocolHandshake.createSession(ProtocolHandshake.java:128)
	at org.openqa.selenium.remote.ProtocolHandshake.createSession(ProtocolHandshake.java:74)
	at org.openqa.selenium.remote.HttpCommandExecutor.execute(HttpCommandExecutor.java:136)
	at org.openqa.selenium.remote.service.DriverCommandExecutor.execute(DriverCommandExecutor.java:83)
	at org.openqa.selenium.remote.RemoteWebDriver.execute(RemoteWebDriver.java:552)
	at org.openqa.selenium.remote.RemoteWebDriver.startSession(RemoteWebDriver.java:213)
	at org.openqa.selenium.remote.RemoteWebDriver.&lt;init&gt;(RemoteWebDriver.java:131)
	at org.openqa.selenium.chrome.ChromeDriver.&lt;init&gt;(ChromeDriver.java:181)
	at org.openqa.selenium.chrome.ChromeDriver.&lt;init&gt;(ChromeDriver.java:168)
	at org.openqa.selenium.chrome.ChromeDriver.&lt;init&gt;(ChromeDriver.java:123)
	at com.BaseTest.BaseTest.setUp(BaseTest.java:23)
... Removed 28 stack frames</div></td></tr></table><p class="totop"><a href="#summary">back to summary</a></p>
<h3 id="m15">com.OrangeHRMApplicationTestCases.AddEmployeeTest#pimPageTest</h3><table class="result"><tr><th>Exception</th></tr><tr><td><div class="stacktrace">org.openqa.selenium.SessionNotCreatedException: session not created: This version of ChromeDriver only supports Chrome version 122
Current browser version is 124.0.6367.207 with binary path C:\Program Files\Google\Chrome\Application\chrome.exe
Build info: version: &apos;3.141.59&apos;, revision: &apos;e82be7d358&apos;, time: &apos;2018-11-14T08:17:03&apos;
System info: host: &apos;DESKTOP-CE9JQAE&apos;, ip: &apos;192.168.0.147&apos;, os.name: &apos;Windows 10&apos;, os.arch: &apos;amd64&apos;, os.version: &apos;10.0&apos;, java.version: &apos;11.0.15&apos;
Driver info: driver.version: ChromeDriver
remote stacktrace: 	GetHandleVerifier [0x00007FF776964C82+3505170]
	(No symbol) [0x00007FF776590852]
	(No symbol) [0x00007FF776444145]
	(No symbol) [0x00007FF77647A612]
	(No symbol) [0x00007FF776479A1F]
	(No symbol) [0x00007FF77647361E]
	(No symbol) [0x00007FF7764707D4]
	(No symbol) [0x00007FF7764B5B5F]
	(No symbol) [0x00007FF7764B56C0]
	(No symbol) [0x00007FF7764ABC33]
	(No symbol) [0x00007FF77647D618]
	(No symbol) [0x00007FF77647E6B1]
	GetHandleVerifier [0x00007FF7769967DD+3708781]
	GetHandleVerifier [0x00007FF7769EFC5D+4074477]
	GetHandleVerifier [0x00007FF7769E7DDF+4042095]
	GetHandleVerifier [0x00007FF7766BA136+708806]
	(No symbol) [0x00007FF77659CB0F]
	(No symbol) [0x00007FF776597D14]
	(No symbol) [0x00007FF776597E6C]
	(No symbol) [0x00007FF7765879A4]
	BaseThreadInitThunk [0x00007FFA07847344+20]
	RtlUserThreadStart [0x00007FFA095A26B1+33]

	at org.openqa.selenium.remote.W3CHandshakeResponse.lambda$errorHandler$0(W3CHandshakeResponse.java:62)
	at org.openqa.selenium.remote.HandshakeResponse.lambda$getResponseFunction$0(HandshakeResponse.java:30)
	at org.openqa.selenium.remote.ProtocolHandshake.lambda$createSession$0(ProtocolHandshake.java:126)
	at java.base/java.util.stream.ReferencePipeline$3$1.accept(ReferencePipeline.java:195)
	at java.base/java.util.Spliterators$ArraySpliterator.tryAdvance(Spliterators.java:958)
	at java.base/java.util.stream.ReferencePipeline.forEachWithCancel(ReferencePipeline.java:127)
	at java.base/java.util.stream.AbstractPipeline.copyIntoWithCancel(AbstractPipeline.java:502)
	at java.base/java.util.stream.AbstractPipeline.copyInto(AbstractPipeline.java:488)
	at java.base/java.util.stream.AbstractPipeline.wrapAndCopyInto(AbstractPipeline.java:474)
	at java.base/java.util.stream.FindOps$FindOp.evaluateSequential(FindOps.java:150)
	at java.base/java.util.stream.AbstractPipeline.evaluate(AbstractPipeline.java:234)
	at java.base/java.util.stream.ReferencePipeline.findFirst(ReferencePipeline.java:543)
	at org.openqa.selenium.remote.ProtocolHandshake.createSession(ProtocolHandshake.java:128)
	at org.openqa.selenium.remote.ProtocolHandshake.createSession(ProtocolHandshake.java:74)
	at org.openqa.selenium.remote.HttpCommandExecutor.execute(HttpCommandExecutor.java:136)
	at org.openqa.selenium.remote.service.DriverCommandExecutor.execute(DriverCommandExecutor.java:83)
	at org.openqa.selenium.remote.RemoteWebDriver.execute(RemoteWebDriver.java:552)
	at org.openqa.selenium.remote.RemoteWebDriver.startSession(RemoteWebDriver.java:213)
	at org.openqa.selenium.remote.RemoteWebDriver.&lt;init&gt;(RemoteWebDriver.java:131)
	at org.openqa.selenium.chrome.ChromeDriver.&lt;init&gt;(ChromeDriver.java:181)
	at org.openqa.selenium.chrome.ChromeDriver.&lt;init&gt;(ChromeDriver.java:168)
	at org.openqa.selenium.chrome.ChromeDriver.&lt;init&gt;(ChromeDriver.java:123)
	at com.BaseTest.BaseTest.setUp(BaseTest.java:23)
... Removed 28 stack frames</div></td></tr></table><p class="totop"><a href="#summary">back to summary</a></p>
<h2>EmployeeList</h2><h3 id="m16">com.OrangeHRMApplicationTestCases.EmployeeList#setUp</h3><table class="result"><tr><th>Exception</th></tr><tr><td><div class="stacktrace">org.openqa.selenium.SessionNotCreatedException: session not created: This version of ChromeDriver only supports Chrome version 122
Current browser version is 124.0.6367.207 with binary path C:\Program Files\Google\Chrome\Application\chrome.exe
Build info: version: &apos;3.141.59&apos;, revision: &apos;e82be7d358&apos;, time: &apos;2018-11-14T08:17:03&apos;
System info: host: &apos;DESKTOP-CE9JQAE&apos;, ip: &apos;192.168.0.147&apos;, os.name: &apos;Windows 10&apos;, os.arch: &apos;amd64&apos;, os.version: &apos;10.0&apos;, java.version: &apos;11.0.15&apos;
Driver info: driver.version: ChromeDriver
remote stacktrace: 	GetHandleVerifier [0x00007FF776964C82+3505170]
	(No symbol) [0x00007FF776590852]
	(No symbol) [0x00007FF776444145]
	(No symbol) [0x00007FF77647A612]
	(No symbol) [0x00007FF776479A1F]
	(No symbol) [0x00007FF77647361E]
	(No symbol) [0x00007FF7764707D4]
	(No symbol) [0x00007FF7764B5B5F]
	(No symbol) [0x00007FF7764B56C0]
	(No symbol) [0x00007FF7764ABC33]
	(No symbol) [0x00007FF77647D618]
	(No symbol) [0x00007FF77647E6B1]
	GetHandleVerifier [0x00007FF7769967DD+3708781]
	GetHandleVerifier [0x00007FF7769EFC5D+4074477]
	GetHandleVerifier [0x00007FF7769E7DDF+4042095]
	GetHandleVerifier [0x00007FF7766BA136+708806]
	(No symbol) [0x00007FF77659CB0F]
	(No symbol) [0x00007FF776597D14]
	(No symbol) [0x00007FF776597E6C]
	(No symbol) [0x00007FF7765879A4]
	BaseThreadInitThunk [0x00007FFA07847344+20]
	RtlUserThreadStart [0x00007FFA095A26B1+33]

	at org.openqa.selenium.remote.W3CHandshakeResponse.lambda$errorHandler$0(W3CHandshakeResponse.java:62)
	at org.openqa.selenium.remote.HandshakeResponse.lambda$getResponseFunction$0(HandshakeResponse.java:30)
	at org.openqa.selenium.remote.ProtocolHandshake.lambda$createSession$0(ProtocolHandshake.java:126)
	at java.base/java.util.stream.ReferencePipeline$3$1.accept(ReferencePipeline.java:195)
	at java.base/java.util.Spliterators$ArraySpliterator.tryAdvance(Spliterators.java:958)
	at java.base/java.util.stream.ReferencePipeline.forEachWithCancel(ReferencePipeline.java:127)
	at java.base/java.util.stream.AbstractPipeline.copyIntoWithCancel(AbstractPipeline.java:502)
	at java.base/java.util.stream.AbstractPipeline.copyInto(AbstractPipeline.java:488)
	at java.base/java.util.stream.AbstractPipeline.wrapAndCopyInto(AbstractPipeline.java:474)
	at java.base/java.util.stream.FindOps$FindOp.evaluateSequential(FindOps.java:150)
	at java.base/java.util.stream.AbstractPipeline.evaluate(AbstractPipeline.java:234)
	at java.base/java.util.stream.ReferencePipeline.findFirst(ReferencePipeline.java:543)
	at org.openqa.selenium.remote.ProtocolHandshake.createSession(ProtocolHandshake.java:128)
	at org.openqa.selenium.remote.ProtocolHandshake.createSession(ProtocolHandshake.java:74)
	at org.openqa.selenium.remote.HttpCommandExecutor.execute(HttpCommandExecutor.java:136)
	at org.openqa.selenium.remote.service.DriverCommandExecutor.execute(DriverCommandExecutor.java:83)
	at org.openqa.selenium.remote.RemoteWebDriver.execute(RemoteWebDriver.java:552)
	at org.openqa.selenium.remote.RemoteWebDriver.startSession(RemoteWebDriver.java:213)
	at org.openqa.selenium.remote.RemoteWebDriver.&lt;init&gt;(RemoteWebDriver.java:131)
	at org.openqa.selenium.chrome.ChromeDriver.&lt;init&gt;(ChromeDriver.java:181)
	at org.openqa.selenium.chrome.ChromeDriver.&lt;init&gt;(ChromeDriver.java:168)
	at org.openqa.selenium.chrome.ChromeDriver.&lt;init&gt;(ChromeDriver.java:123)
	at com.BaseTest.BaseTest.setUp(BaseTest.java:23)
... Removed 28 stack frames</div></td></tr></table><p class="totop"><a href="#summary">back to summary</a></p>
<h3 id="m17">com.OrangeHRMApplicationTestCases.EmployeeList#tearDown</h3><table class="result"><tr><th class="invisible"/></tr></table><p class="totop"><a href="#summary">back to summary</a></p>
<h3 id="m18">com.OrangeHRMApplicationTestCases.EmployeeList#Print_EmployeeList</h3><table class="result"><tr><th>Exception</th></tr><tr><td><div class="stacktrace">org.openqa.selenium.SessionNotCreatedException: session not created: This version of ChromeDriver only supports Chrome version 122
Current browser version is 124.0.6367.207 with binary path C:\Program Files\Google\Chrome\Application\chrome.exe
Build info: version: &apos;3.141.59&apos;, revision: &apos;e82be7d358&apos;, time: &apos;2018-11-14T08:17:03&apos;
System info: host: &apos;DESKTOP-CE9JQAE&apos;, ip: &apos;192.168.0.147&apos;, os.name: &apos;Windows 10&apos;, os.arch: &apos;amd64&apos;, os.version: &apos;10.0&apos;, java.version: &apos;11.0.15&apos;
Driver info: driver.version: ChromeDriver
remote stacktrace: 	GetHandleVerifier [0x00007FF776964C82+3505170]
	(No symbol) [0x00007FF776590852]
	(No symbol) [0x00007FF776444145]
	(No symbol) [0x00007FF77647A612]
	(No symbol) [0x00007FF776479A1F]
	(No symbol) [0x00007FF77647361E]
	(No symbol) [0x00007FF7764707D4]
	(No symbol) [0x00007FF7764B5B5F]
	(No symbol) [0x00007FF7764B56C0]
	(No symbol) [0x00007FF7764ABC33]
	(No symbol) [0x00007FF77647D618]
	(No symbol) [0x00007FF77647E6B1]
	GetHandleVerifier [0x00007FF7769967DD+3708781]
	GetHandleVerifier [0x00007FF7769EFC5D+4074477]
	GetHandleVerifier [0x00007FF7769E7DDF+4042095]
	GetHandleVerifier [0x00007FF7766BA136+708806]
	(No symbol) [0x00007FF77659CB0F]
	(No symbol) [0x00007FF776597D14]
	(No symbol) [0x00007FF776597E6C]
	(No symbol) [0x00007FF7765879A4]
	BaseThreadInitThunk [0x00007FFA07847344+20]
	RtlUserThreadStart [0x00007FFA095A26B1+33]

	at org.openqa.selenium.remote.W3CHandshakeResponse.lambda$errorHandler$0(W3CHandshakeResponse.java:62)
	at org.openqa.selenium.remote.HandshakeResponse.lambda$getResponseFunction$0(HandshakeResponse.java:30)
	at org.openqa.selenium.remote.ProtocolHandshake.lambda$createSession$0(ProtocolHandshake.java:126)
	at java.base/java.util.stream.ReferencePipeline$3$1.accept(ReferencePipeline.java:195)
	at java.base/java.util.Spliterators$ArraySpliterator.tryAdvance(Spliterators.java:958)
	at java.base/java.util.stream.ReferencePipeline.forEachWithCancel(ReferencePipeline.java:127)
	at java.base/java.util.stream.AbstractPipeline.copyIntoWithCancel(AbstractPipeline.java:502)
	at java.base/java.util.stream.AbstractPipeline.copyInto(AbstractPipeline.java:488)
	at java.base/java.util.stream.AbstractPipeline.wrapAndCopyInto(AbstractPipeline.java:474)
	at java.base/java.util.stream.FindOps$FindOp.evaluateSequential(FindOps.java:150)
	at java.base/java.util.stream.AbstractPipeline.evaluate(AbstractPipeline.java:234)
	at java.base/java.util.stream.ReferencePipeline.findFirst(ReferencePipeline.java:543)
	at org.openqa.selenium.remote.ProtocolHandshake.createSession(ProtocolHandshake.java:128)
	at org.openqa.selenium.remote.ProtocolHandshake.createSession(ProtocolHandshake.java:74)
	at org.openqa.selenium.remote.HttpCommandExecutor.execute(HttpCommandExecutor.java:136)
	at org.openqa.selenium.remote.service.DriverCommandExecutor.execute(DriverCommandExecutor.java:83)
	at org.openqa.selenium.remote.RemoteWebDriver.execute(RemoteWebDriver.java:552)
	at org.openqa.selenium.remote.RemoteWebDriver.startSession(RemoteWebDriver.java:213)
	at org.openqa.selenium.remote.RemoteWebDriver.&lt;init&gt;(RemoteWebDriver.java:131)
	at org.openqa.selenium.chrome.ChromeDriver.&lt;init&gt;(ChromeDriver.java:181)
	at org.openqa.selenium.chrome.ChromeDriver.&lt;init&gt;(ChromeDriver.java:168)
	at org.openqa.selenium.chrome.ChromeDriver.&lt;init&gt;(ChromeDriver.java:123)
	at com.BaseTest.BaseTest.setUp(BaseTest.java:23)
... Removed 28 stack frames</div></td></tr></table><p class="totop"><a href="#summary">back to summary</a></p>
<h3 id="m19">com.OrangeHRMApplicationTestCases.EmployeeList#homePageTest</h3><table class="result"><tr><th>Exception</th></tr><tr><td><div class="stacktrace">org.openqa.selenium.SessionNotCreatedException: session not created: This version of ChromeDriver only supports Chrome version 122
Current browser version is 124.0.6367.207 with binary path C:\Program Files\Google\Chrome\Application\chrome.exe
Build info: version: &apos;3.141.59&apos;, revision: &apos;e82be7d358&apos;, time: &apos;2018-11-14T08:17:03&apos;
System info: host: &apos;DESKTOP-CE9JQAE&apos;, ip: &apos;192.168.0.147&apos;, os.name: &apos;Windows 10&apos;, os.arch: &apos;amd64&apos;, os.version: &apos;10.0&apos;, java.version: &apos;11.0.15&apos;
Driver info: driver.version: ChromeDriver
remote stacktrace: 	GetHandleVerifier [0x00007FF776964C82+3505170]
	(No symbol) [0x00007FF776590852]
	(No symbol) [0x00007FF776444145]
	(No symbol) [0x00007FF77647A612]
	(No symbol) [0x00007FF776479A1F]
	(No symbol) [0x00007FF77647361E]
	(No symbol) [0x00007FF7764707D4]
	(No symbol) [0x00007FF7764B5B5F]
	(No symbol) [0x00007FF7764B56C0]
	(No symbol) [0x00007FF7764ABC33]
	(No symbol) [0x00007FF77647D618]
	(No symbol) [0x00007FF77647E6B1]
	GetHandleVerifier [0x00007FF7769967DD+3708781]
	GetHandleVerifier [0x00007FF7769EFC5D+4074477]
	GetHandleVerifier [0x00007FF7769E7DDF+4042095]
	GetHandleVerifier [0x00007FF7766BA136+708806]
	(No symbol) [0x00007FF77659CB0F]
	(No symbol) [0x00007FF776597D14]
	(No symbol) [0x00007FF776597E6C]
	(No symbol) [0x00007FF7765879A4]
	BaseThreadInitThunk [0x00007FFA07847344+20]
	RtlUserThreadStart [0x00007FFA095A26B1+33]

	at org.openqa.selenium.remote.W3CHandshakeResponse.lambda$errorHandler$0(W3CHandshakeResponse.java:62)
	at org.openqa.selenium.remote.HandshakeResponse.lambda$getResponseFunction$0(HandshakeResponse.java:30)
	at org.openqa.selenium.remote.ProtocolHandshake.lambda$createSession$0(ProtocolHandshake.java:126)
	at java.base/java.util.stream.ReferencePipeline$3$1.accept(ReferencePipeline.java:195)
	at java.base/java.util.Spliterators$ArraySpliterator.tryAdvance(Spliterators.java:958)
	at java.base/java.util.stream.ReferencePipeline.forEachWithCancel(ReferencePipeline.java:127)
	at java.base/java.util.stream.AbstractPipeline.copyIntoWithCancel(AbstractPipeline.java:502)
	at java.base/java.util.stream.AbstractPipeline.copyInto(AbstractPipeline.java:488)
	at java.base/java.util.stream.AbstractPipeline.wrapAndCopyInto(AbstractPipeline.java:474)
	at java.base/java.util.stream.FindOps$FindOp.evaluateSequential(FindOps.java:150)
	at java.base/java.util.stream.AbstractPipeline.evaluate(AbstractPipeline.java:234)
	at java.base/java.util.stream.ReferencePipeline.findFirst(ReferencePipeline.java:543)
	at org.openqa.selenium.remote.ProtocolHandshake.createSession(ProtocolHandshake.java:128)
	at org.openqa.selenium.remote.ProtocolHandshake.createSession(ProtocolHandshake.java:74)
	at org.openqa.selenium.remote.HttpCommandExecutor.execute(HttpCommandExecutor.java:136)
	at org.openqa.selenium.remote.service.DriverCommandExecutor.execute(DriverCommandExecutor.java:83)
	at org.openqa.selenium.remote.RemoteWebDriver.execute(RemoteWebDriver.java:552)
	at org.openqa.selenium.remote.RemoteWebDriver.startSession(RemoteWebDriver.java:213)
	at org.openqa.selenium.remote.RemoteWebDriver.&lt;init&gt;(RemoteWebDriver.java:131)
	at org.openqa.selenium.chrome.ChromeDriver.&lt;init&gt;(ChromeDriver.java:181)
	at org.openqa.selenium.chrome.ChromeDriver.&lt;init&gt;(ChromeDriver.java:168)
	at org.openqa.selenium.chrome.ChromeDriver.&lt;init&gt;(ChromeDriver.java:123)
	at com.BaseTest.BaseTest.setUp(BaseTest.java:23)
... Removed 28 stack frames</div></td></tr></table><p class="totop"><a href="#summary">back to summary</a></p>
<h3 id="m20">com.OrangeHRMApplicationTestCases.EmployeeList#logInPageTest</h3><table class="result"><tr><th>Exception</th></tr><tr><td><div class="stacktrace">org.openqa.selenium.SessionNotCreatedException: session not created: This version of ChromeDriver only supports Chrome version 122
Current browser version is 124.0.6367.207 with binary path C:\Program Files\Google\Chrome\Application\chrome.exe
Build info: version: &apos;3.141.59&apos;, revision: &apos;e82be7d358&apos;, time: &apos;2018-11-14T08:17:03&apos;
System info: host: &apos;DESKTOP-CE9JQAE&apos;, ip: &apos;192.168.0.147&apos;, os.name: &apos;Windows 10&apos;, os.arch: &apos;amd64&apos;, os.version: &apos;10.0&apos;, java.version: &apos;11.0.15&apos;
Driver info: driver.version: ChromeDriver
remote stacktrace: 	GetHandleVerifier [0x00007FF776964C82+3505170]
	(No symbol) [0x00007FF776590852]
	(No symbol) [0x00007FF776444145]
	(No symbol) [0x00007FF77647A612]
	(No symbol) [0x00007FF776479A1F]
	(No symbol) [0x00007FF77647361E]
	(No symbol) [0x00007FF7764707D4]
	(No symbol) [0x00007FF7764B5B5F]
	(No symbol) [0x00007FF7764B56C0]
	(No symbol) [0x00007FF7764ABC33]
	(No symbol) [0x00007FF77647D618]
	(No symbol) [0x00007FF77647E6B1]
	GetHandleVerifier [0x00007FF7769967DD+3708781]
	GetHandleVerifier [0x00007FF7769EFC5D+4074477]
	GetHandleVerifier [0x00007FF7769E7DDF+4042095]
	GetHandleVerifier [0x00007FF7766BA136+708806]
	(No symbol) [0x00007FF77659CB0F]
	(No symbol) [0x00007FF776597D14]
	(No symbol) [0x00007FF776597E6C]
	(No symbol) [0x00007FF7765879A4]
	BaseThreadInitThunk [0x00007FFA07847344+20]
	RtlUserThreadStart [0x00007FFA095A26B1+33]

	at org.openqa.selenium.remote.W3CHandshakeResponse.lambda$errorHandler$0(W3CHandshakeResponse.java:62)
	at org.openqa.selenium.remote.HandshakeResponse.lambda$getResponseFunction$0(HandshakeResponse.java:30)
	at org.openqa.selenium.remote.ProtocolHandshake.lambda$createSession$0(ProtocolHandshake.java:126)
	at java.base/java.util.stream.ReferencePipeline$3$1.accept(ReferencePipeline.java:195)
	at java.base/java.util.Spliterators$ArraySpliterator.tryAdvance(Spliterators.java:958)
	at java.base/java.util.stream.ReferencePipeline.forEachWithCancel(ReferencePipeline.java:127)
	at java.base/java.util.stream.AbstractPipeline.copyIntoWithCancel(AbstractPipeline.java:502)
	at java.base/java.util.stream.AbstractPipeline.copyInto(AbstractPipeline.java:488)
	at java.base/java.util.stream.AbstractPipeline.wrapAndCopyInto(AbstractPipeline.java:474)
	at java.base/java.util.stream.FindOps$FindOp.evaluateSequential(FindOps.java:150)
	at java.base/java.util.stream.AbstractPipeline.evaluate(AbstractPipeline.java:234)
	at java.base/java.util.stream.ReferencePipeline.findFirst(ReferencePipeline.java:543)
	at org.openqa.selenium.remote.ProtocolHandshake.createSession(ProtocolHandshake.java:128)
	at org.openqa.selenium.remote.ProtocolHandshake.createSession(ProtocolHandshake.java:74)
	at org.openqa.selenium.remote.HttpCommandExecutor.execute(HttpCommandExecutor.java:136)
	at org.openqa.selenium.remote.service.DriverCommandExecutor.execute(DriverCommandExecutor.java:83)
	at org.openqa.selenium.remote.RemoteWebDriver.execute(RemoteWebDriver.java:552)
	at org.openqa.selenium.remote.RemoteWebDriver.startSession(RemoteWebDriver.java:213)
	at org.openqa.selenium.remote.RemoteWebDriver.&lt;init&gt;(RemoteWebDriver.java:131)
	at org.openqa.selenium.chrome.ChromeDriver.&lt;init&gt;(ChromeDriver.java:181)
	at org.openqa.selenium.chrome.ChromeDriver.&lt;init&gt;(ChromeDriver.java:168)
	at org.openqa.selenium.chrome.ChromeDriver.&lt;init&gt;(ChromeDriver.java:123)
	at com.BaseTest.BaseTest.setUp(BaseTest.java:23)
... Removed 28 stack frames</div></td></tr></table><p class="totop"><a href="#summary">back to summary</a></p>
<h3 id="m21">com.OrangeHRMApplicationTestCases.EmployeeList#logInPageTestAfterLogOut</h3><table class="result"><tr><th>Exception</th></tr><tr><td><div class="stacktrace">org.openqa.selenium.SessionNotCreatedException: session not created: This version of ChromeDriver only supports Chrome version 122
Current browser version is 124.0.6367.207 with binary path C:\Program Files\Google\Chrome\Application\chrome.exe
Build info: version: &apos;3.141.59&apos;, revision: &apos;e82be7d358&apos;, time: &apos;2018-11-14T08:17:03&apos;
System info: host: &apos;DESKTOP-CE9JQAE&apos;, ip: &apos;192.168.0.147&apos;, os.name: &apos;Windows 10&apos;, os.arch: &apos;amd64&apos;, os.version: &apos;10.0&apos;, java.version: &apos;11.0.15&apos;
Driver info: driver.version: ChromeDriver
remote stacktrace: 	GetHandleVerifier [0x00007FF776964C82+3505170]
	(No symbol) [0x00007FF776590852]
	(No symbol) [0x00007FF776444145]
	(No symbol) [0x00007FF77647A612]
	(No symbol) [0x00007FF776479A1F]
	(No symbol) [0x00007FF77647361E]
	(No symbol) [0x00007FF7764707D4]
	(No symbol) [0x00007FF7764B5B5F]
	(No symbol) [0x00007FF7764B56C0]
	(No symbol) [0x00007FF7764ABC33]
	(No symbol) [0x00007FF77647D618]
	(No symbol) [0x00007FF77647E6B1]
	GetHandleVerifier [0x00007FF7769967DD+3708781]
	GetHandleVerifier [0x00007FF7769EFC5D+4074477]
	GetHandleVerifier [0x00007FF7769E7DDF+4042095]
	GetHandleVerifier [0x00007FF7766BA136+708806]
	(No symbol) [0x00007FF77659CB0F]
	(No symbol) [0x00007FF776597D14]
	(No symbol) [0x00007FF776597E6C]
	(No symbol) [0x00007FF7765879A4]
	BaseThreadInitThunk [0x00007FFA07847344+20]
	RtlUserThreadStart [0x00007FFA095A26B1+33]

	at org.openqa.selenium.remote.W3CHandshakeResponse.lambda$errorHandler$0(W3CHandshakeResponse.java:62)
	at org.openqa.selenium.remote.HandshakeResponse.lambda$getResponseFunction$0(HandshakeResponse.java:30)
	at org.openqa.selenium.remote.ProtocolHandshake.lambda$createSession$0(ProtocolHandshake.java:126)
	at java.base/java.util.stream.ReferencePipeline$3$1.accept(ReferencePipeline.java:195)
	at java.base/java.util.Spliterators$ArraySpliterator.tryAdvance(Spliterators.java:958)
	at java.base/java.util.stream.ReferencePipeline.forEachWithCancel(ReferencePipeline.java:127)
	at java.base/java.util.stream.AbstractPipeline.copyIntoWithCancel(AbstractPipeline.java:502)
	at java.base/java.util.stream.AbstractPipeline.copyInto(AbstractPipeline.java:488)
	at java.base/java.util.stream.AbstractPipeline.wrapAndCopyInto(AbstractPipeline.java:474)
	at java.base/java.util.stream.FindOps$FindOp.evaluateSequential(FindOps.java:150)
	at java.base/java.util.stream.AbstractPipeline.evaluate(AbstractPipeline.java:234)
	at java.base/java.util.stream.ReferencePipeline.findFirst(ReferencePipeline.java:543)
	at org.openqa.selenium.remote.ProtocolHandshake.createSession(ProtocolHandshake.java:128)
	at org.openqa.selenium.remote.ProtocolHandshake.createSession(ProtocolHandshake.java:74)
	at org.openqa.selenium.remote.HttpCommandExecutor.execute(HttpCommandExecutor.java:136)
	at org.openqa.selenium.remote.service.DriverCommandExecutor.execute(DriverCommandExecutor.java:83)
	at org.openqa.selenium.remote.RemoteWebDriver.execute(RemoteWebDriver.java:552)
	at org.openqa.selenium.remote.RemoteWebDriver.startSession(RemoteWebDriver.java:213)
	at org.openqa.selenium.remote.RemoteWebDriver.&lt;init&gt;(RemoteWebDriver.java:131)
	at org.openqa.selenium.chrome.ChromeDriver.&lt;init&gt;(ChromeDriver.java:181)
	at org.openqa.selenium.chrome.ChromeDriver.&lt;init&gt;(ChromeDriver.java:168)
	at org.openqa.selenium.chrome.ChromeDriver.&lt;init&gt;(ChromeDriver.java:123)
	at com.BaseTest.BaseTest.setUp(BaseTest.java:23)
... Removed 28 stack frames</div></td></tr></table><p class="totop"><a href="#summary">back to summary</a></p>
<h3 id="m22">com.OrangeHRMApplicationTestCases.EmployeeList#logInTest</h3><table class="result"><tr><th>Exception</th></tr><tr><td><div class="stacktrace">org.openqa.selenium.SessionNotCreatedException: session not created: This version of ChromeDriver only supports Chrome version 122
Current browser version is 124.0.6367.207 with binary path C:\Program Files\Google\Chrome\Application\chrome.exe
Build info: version: &apos;3.141.59&apos;, revision: &apos;e82be7d358&apos;, time: &apos;2018-11-14T08:17:03&apos;
System info: host: &apos;DESKTOP-CE9JQAE&apos;, ip: &apos;192.168.0.147&apos;, os.name: &apos;Windows 10&apos;, os.arch: &apos;amd64&apos;, os.version: &apos;10.0&apos;, java.version: &apos;11.0.15&apos;
Driver info: driver.version: ChromeDriver
remote stacktrace: 	GetHandleVerifier [0x00007FF776964C82+3505170]
	(No symbol) [0x00007FF776590852]
	(No symbol) [0x00007FF776444145]
	(No symbol) [0x00007FF77647A612]
	(No symbol) [0x00007FF776479A1F]
	(No symbol) [0x00007FF77647361E]
	(No symbol) [0x00007FF7764707D4]
	(No symbol) [0x00007FF7764B5B5F]
	(No symbol) [0x00007FF7764B56C0]
	(No symbol) [0x00007FF7764ABC33]
	(No symbol) [0x00007FF77647D618]
	(No symbol) [0x00007FF77647E6B1]
	GetHandleVerifier [0x00007FF7769967DD+3708781]
	GetHandleVerifier [0x00007FF7769EFC5D+4074477]
	GetHandleVerifier [0x00007FF7769E7DDF+4042095]
	GetHandleVerifier [0x00007FF7766BA136+708806]
	(No symbol) [0x00007FF77659CB0F]
	(No symbol) [0x00007FF776597D14]
	(No symbol) [0x00007FF776597E6C]
	(No symbol) [0x00007FF7765879A4]
	BaseThreadInitThunk [0x00007FFA07847344+20]
	RtlUserThreadStart [0x00007FFA095A26B1+33]

	at org.openqa.selenium.remote.W3CHandshakeResponse.lambda$errorHandler$0(W3CHandshakeResponse.java:62)
	at org.openqa.selenium.remote.HandshakeResponse.lambda$getResponseFunction$0(HandshakeResponse.java:30)
	at org.openqa.selenium.remote.ProtocolHandshake.lambda$createSession$0(ProtocolHandshake.java:126)
	at java.base/java.util.stream.ReferencePipeline$3$1.accept(ReferencePipeline.java:195)
	at java.base/java.util.Spliterators$ArraySpliterator.tryAdvance(Spliterators.java:958)
	at java.base/java.util.stream.ReferencePipeline.forEachWithCancel(ReferencePipeline.java:127)
	at java.base/java.util.stream.AbstractPipeline.copyIntoWithCancel(AbstractPipeline.java:502)
	at java.base/java.util.stream.AbstractPipeline.copyInto(AbstractPipeline.java:488)
	at java.base/java.util.stream.AbstractPipeline.wrapAndCopyInto(AbstractPipeline.java:474)
	at java.base/java.util.stream.FindOps$FindOp.evaluateSequential(FindOps.java:150)
	at java.base/java.util.stream.AbstractPipeline.evaluate(AbstractPipeline.java:234)
	at java.base/java.util.stream.ReferencePipeline.findFirst(ReferencePipeline.java:543)
	at org.openqa.selenium.remote.ProtocolHandshake.createSession(ProtocolHandshake.java:128)
	at org.openqa.selenium.remote.ProtocolHandshake.createSession(ProtocolHandshake.java:74)
	at org.openqa.selenium.remote.HttpCommandExecutor.execute(HttpCommandExecutor.java:136)
	at org.openqa.selenium.remote.service.DriverCommandExecutor.execute(DriverCommandExecutor.java:83)
	at org.openqa.selenium.remote.RemoteWebDriver.execute(RemoteWebDriver.java:552)
	at org.openqa.selenium.remote.RemoteWebDriver.startSession(RemoteWebDriver.java:213)
	at org.openqa.selenium.remote.RemoteWebDriver.&lt;init&gt;(RemoteWebDriver.java:131)
	at org.openqa.selenium.chrome.ChromeDriver.&lt;init&gt;(ChromeDriver.java:181)
	at org.openqa.selenium.chrome.ChromeDriver.&lt;init&gt;(ChromeDriver.java:168)
	at org.openqa.selenium.chrome.ChromeDriver.&lt;init&gt;(ChromeDriver.java:123)
	at com.BaseTest.BaseTest.setUp(BaseTest.java:23)
... Removed 28 stack frames</div></td></tr></table><p class="totop"><a href="#summary">back to summary</a></p>
<h3 id="m23">com.OrangeHRMApplicationTestCases.EmployeeList#logOutTest</h3><table class="result"><tr><th>Exception</th></tr><tr><td><div class="stacktrace">org.openqa.selenium.SessionNotCreatedException: session not created: This version of ChromeDriver only supports Chrome version 122
Current browser version is 124.0.6367.207 with binary path C:\Program Files\Google\Chrome\Application\chrome.exe
Build info: version: &apos;3.141.59&apos;, revision: &apos;e82be7d358&apos;, time: &apos;2018-11-14T08:17:03&apos;
System info: host: &apos;DESKTOP-CE9JQAE&apos;, ip: &apos;192.168.0.147&apos;, os.name: &apos;Windows 10&apos;, os.arch: &apos;amd64&apos;, os.version: &apos;10.0&apos;, java.version: &apos;11.0.15&apos;
Driver info: driver.version: ChromeDriver
remote stacktrace: 	GetHandleVerifier [0x00007FF776964C82+3505170]
	(No symbol) [0x00007FF776590852]
	(No symbol) [0x00007FF776444145]
	(No symbol) [0x00007FF77647A612]
	(No symbol) [0x00007FF776479A1F]
	(No symbol) [0x00007FF77647361E]
	(No symbol) [0x00007FF7764707D4]
	(No symbol) [0x00007FF7764B5B5F]
	(No symbol) [0x00007FF7764B56C0]
	(No symbol) [0x00007FF7764ABC33]
	(No symbol) [0x00007FF77647D618]
	(No symbol) [0x00007FF77647E6B1]
	GetHandleVerifier [0x00007FF7769967DD+3708781]
	GetHandleVerifier [0x00007FF7769EFC5D+4074477]
	GetHandleVerifier [0x00007FF7769E7DDF+4042095]
	GetHandleVerifier [0x00007FF7766BA136+708806]
	(No symbol) [0x00007FF77659CB0F]
	(No symbol) [0x00007FF776597D14]
	(No symbol) [0x00007FF776597E6C]
	(No symbol) [0x00007FF7765879A4]
	BaseThreadInitThunk [0x00007FFA07847344+20]
	RtlUserThreadStart [0x00007FFA095A26B1+33]

	at org.openqa.selenium.remote.W3CHandshakeResponse.lambda$errorHandler$0(W3CHandshakeResponse.java:62)
	at org.openqa.selenium.remote.HandshakeResponse.lambda$getResponseFunction$0(HandshakeResponse.java:30)
	at org.openqa.selenium.remote.ProtocolHandshake.lambda$createSession$0(ProtocolHandshake.java:126)
	at java.base/java.util.stream.ReferencePipeline$3$1.accept(ReferencePipeline.java:195)
	at java.base/java.util.Spliterators$ArraySpliterator.tryAdvance(Spliterators.java:958)
	at java.base/java.util.stream.ReferencePipeline.forEachWithCancel(ReferencePipeline.java:127)
	at java.base/java.util.stream.AbstractPipeline.copyIntoWithCancel(AbstractPipeline.java:502)
	at java.base/java.util.stream.AbstractPipeline.copyInto(AbstractPipeline.java:488)
	at java.base/java.util.stream.AbstractPipeline.wrapAndCopyInto(AbstractPipeline.java:474)
	at java.base/java.util.stream.FindOps$FindOp.evaluateSequential(FindOps.java:150)
	at java.base/java.util.stream.AbstractPipeline.evaluate(AbstractPipeline.java:234)
	at java.base/java.util.stream.ReferencePipeline.findFirst(ReferencePipeline.java:543)
	at org.openqa.selenium.remote.ProtocolHandshake.createSession(ProtocolHandshake.java:128)
	at org.openqa.selenium.remote.ProtocolHandshake.createSession(ProtocolHandshake.java:74)
	at org.openqa.selenium.remote.HttpCommandExecutor.execute(HttpCommandExecutor.java:136)
	at org.openqa.selenium.remote.service.DriverCommandExecutor.execute(DriverCommandExecutor.java:83)
	at org.openqa.selenium.remote.RemoteWebDriver.execute(RemoteWebDriver.java:552)
	at org.openqa.selenium.remote.RemoteWebDriver.startSession(RemoteWebDriver.java:213)
	at org.openqa.selenium.remote.RemoteWebDriver.&lt;init&gt;(RemoteWebDriver.java:131)
	at org.openqa.selenium.chrome.ChromeDriver.&lt;init&gt;(ChromeDriver.java:181)
	at org.openqa.selenium.chrome.ChromeDriver.&lt;init&gt;(ChromeDriver.java:168)
	at org.openqa.selenium.chrome.ChromeDriver.&lt;init&gt;(ChromeDriver.java:123)
	at com.BaseTest.BaseTest.setUp(BaseTest.java:23)
... Removed 28 stack frames</div></td></tr></table><p class="totop"><a href="#summary">back to summary</a></p>
<h3 id="m24">com.OrangeHRMApplicationTestCases.EmployeeList#pimTest</h3><table class="result"><tr><th>Exception</th></tr><tr><td><div class="stacktrace">org.openqa.selenium.SessionNotCreatedException: session not created: This version of ChromeDriver only supports Chrome version 122
Current browser version is 124.0.6367.207 with binary path C:\Program Files\Google\Chrome\Application\chrome.exe
Build info: version: &apos;3.141.59&apos;, revision: &apos;e82be7d358&apos;, time: &apos;2018-11-14T08:17:03&apos;
System info: host: &apos;DESKTOP-CE9JQAE&apos;, ip: &apos;192.168.0.147&apos;, os.name: &apos;Windows 10&apos;, os.arch: &apos;amd64&apos;, os.version: &apos;10.0&apos;, java.version: &apos;11.0.15&apos;
Driver info: driver.version: ChromeDriver
remote stacktrace: 	GetHandleVerifier [0x00007FF776964C82+3505170]
	(No symbol) [0x00007FF776590852]
	(No symbol) [0x00007FF776444145]
	(No symbol) [0x00007FF77647A612]
	(No symbol) [0x00007FF776479A1F]
	(No symbol) [0x00007FF77647361E]
	(No symbol) [0x00007FF7764707D4]
	(No symbol) [0x00007FF7764B5B5F]
	(No symbol) [0x00007FF7764B56C0]
	(No symbol) [0x00007FF7764ABC33]
	(No symbol) [0x00007FF77647D618]
	(No symbol) [0x00007FF77647E6B1]
	GetHandleVerifier [0x00007FF7769967DD+3708781]
	GetHandleVerifier [0x00007FF7769EFC5D+4074477]
	GetHandleVerifier [0x00007FF7769E7DDF+4042095]
	GetHandleVerifier [0x00007FF7766BA136+708806]
	(No symbol) [0x00007FF77659CB0F]
	(No symbol) [0x00007FF776597D14]
	(No symbol) [0x00007FF776597E6C]
	(No symbol) [0x00007FF7765879A4]
	BaseThreadInitThunk [0x00007FFA07847344+20]
	RtlUserThreadStart [0x00007FFA095A26B1+33]

	at org.openqa.selenium.remote.W3CHandshakeResponse.lambda$errorHandler$0(W3CHandshakeResponse.java:62)
	at org.openqa.selenium.remote.HandshakeResponse.lambda$getResponseFunction$0(HandshakeResponse.java:30)
	at org.openqa.selenium.remote.ProtocolHandshake.lambda$createSession$0(ProtocolHandshake.java:126)
	at java.base/java.util.stream.ReferencePipeline$3$1.accept(ReferencePipeline.java:195)
	at java.base/java.util.Spliterators$ArraySpliterator.tryAdvance(Spliterators.java:958)
	at java.base/java.util.stream.ReferencePipeline.forEachWithCancel(ReferencePipeline.java:127)
	at java.base/java.util.stream.AbstractPipeline.copyIntoWithCancel(AbstractPipeline.java:502)
	at java.base/java.util.stream.AbstractPipeline.copyInto(AbstractPipeline.java:488)
	at java.base/java.util.stream.AbstractPipeline.wrapAndCopyInto(AbstractPipeline.java:474)
	at java.base/java.util.stream.FindOps$FindOp.evaluateSequential(FindOps.java:150)
	at java.base/java.util.stream.AbstractPipeline.evaluate(AbstractPipeline.java:234)
	at java.base/java.util.stream.ReferencePipeline.findFirst(ReferencePipeline.java:543)
	at org.openqa.selenium.remote.ProtocolHandshake.createSession(ProtocolHandshake.java:128)
	at org.openqa.selenium.remote.ProtocolHandshake.createSession(ProtocolHandshake.java:74)
	at org.openqa.selenium.remote.HttpCommandExecutor.execute(HttpCommandExecutor.java:136)
	at org.openqa.selenium.remote.service.DriverCommandExecutor.execute(DriverCommandExecutor.java:83)
	at org.openqa.selenium.remote.RemoteWebDriver.execute(RemoteWebDriver.java:552)
	at org.openqa.selenium.remote.RemoteWebDriver.startSession(RemoteWebDriver.java:213)
	at org.openqa.selenium.remote.RemoteWebDriver.&lt;init&gt;(RemoteWebDriver.java:131)
	at org.openqa.selenium.chrome.ChromeDriver.&lt;init&gt;(ChromeDriver.java:181)
	at org.openqa.selenium.chrome.ChromeDriver.&lt;init&gt;(ChromeDriver.java:168)
	at org.openqa.selenium.chrome.ChromeDriver.&lt;init&gt;(ChromeDriver.java:123)
	at com.BaseTest.BaseTest.setUp(BaseTest.java:23)
... Removed 28 stack frames</div></td></tr></table><p class="totop"><a href="#summary">back to summary</a></p>
</body>
</html>
