<!DOCTYPE html>

<html>
  <head>
  <meta charset='utf-8'>
  <title>TestNG reports</title>

    <link type="text/css" href="testng-reports1.css" rel="stylesheet" id="ultra" />
    <link type="text/css" href="testng-reports.css" rel="stylesheet" id="retro" disabled="false"/>
    <script type="text/javascript" src="jquery-3.6.0.min.js"></script>
    <script type="text/javascript" src="testng-reports.js"></script>
    <script type="text/javascript" src="https://www.google.com/jsapi"></script>
    <script type='text/javascript'>
      google.load('visualization', '1', {packages:['table']});
      google.setOnLoadCallback(drawTable);
      var suiteTableInitFunctions = new Array();
      var suiteTableData = new Array();
    </script>
    <!--
      <script type="text/javascript" src="jquery-ui/js/jquery-ui-1.8.16.custom.min.js"></script>
     -->
  </head>

  <body>    <div class="top-banner-root">
      <span class="top-banner-title-font">Test results</span>
      <button id="button" class="button">Switch Retro Theme</button> <!-- button -->
      <br/>
      <span class="top-banner-font-1">1 suite</span>
    </div> <!-- top-banner-root -->
    <div class="navigator-root">
      <div class="navigator-suite-header">
        <span>All suites</span>
        <a href="#" title="Collapse/expand all the suites" class="collapse-all-link">
          <img src="collapseall.gif" class="collapse-all-icon">
          </img> <!-- collapse-all-icon -->
        </a> <!-- collapse-all-link -->
      </div> <!-- navigator-suite-header -->
      <div class="suite">
        <div class="rounded-window">
          <div class="suite-header light-rounded-window-top">
            <a href="#" panel-name="suite-com_OrangeHRMApplicationTestCases" class="navigator-link">
              <span class="suite-name border-skipped">com.OrangeHRMApplicationTestCases</span>
            </a> <!-- navigator-link -->
          </div> <!-- suite-header light-rounded-window-top -->
          <div class="navigator-suite-content">
            <div class="suite-section-title">
              <span>Info</span>
            </div> <!-- suite-section-title -->
            <div class="suite-section-content">
              <ul>
                <li>
                  <a href="#" panel-name="test-xml-com_OrangeHRMApplicationTestCases" class="navigator-link ">
                    <span>C:\Users\HP\OneDrive\Desktop\OrangeHRM\OrangeHRMApplication_DDT\OrangeHRMApplication.xml</span>
                  </a> <!-- navigator-link  -->
                </li>
                <li>
                  <a href="#" panel-name="testlist-com_OrangeHRMApplicationTestCases" class="navigator-link ">
                    <span class="test-stats">3 tests</span>
                  </a> <!-- navigator-link  -->
                </li>
                <li>
                  <a href="#" panel-name="group-com_OrangeHRMApplicationTestCases" class="navigator-link ">
                    <span>0 groups</span>
                  </a> <!-- navigator-link  -->
                </li>
                <li>
                  <a href="#" panel-name="times-com_OrangeHRMApplicationTestCases" class="navigator-link ">
                    <span>Times</span>
                  </a> <!-- navigator-link  -->
                </li>
                <li>
                  <a href="#" panel-name="reporter-com_OrangeHRMApplicationTestCases" class="navigator-link ">
                    <span>Reporter output</span>
                  </a> <!-- navigator-link  -->
                </li>
                <li>
                  <a href="#" panel-name="ignored-methods-com_OrangeHRMApplicationTestCases" class="navigator-link ">
                    <span>Ignored methods</span>
                  </a> <!-- navigator-link  -->
                </li>
                <li>
                  <a href="#" panel-name="chronological-com_OrangeHRMApplicationTestCases" class="navigator-link ">
                    <span>Chronological view</span>
                  </a> <!-- navigator-link  -->
                </li>
              </ul>
            </div> <!-- suite-section-content -->
            <div class="result-section">
              <div class="suite-section-title">
                <span>Results</span>
              </div> <!-- suite-section-title -->
              <div class="suite-section-content">
                <ul>
                  <li>
                    <span class="method-stats">19 methods,  19 skipped,  </span>
                  </li>
                  <li>
                    <span class="method-list-title skipped">Skipped methods</span>
                    <span class="show-or-hide-methods skipped">
                      <a href="#" panel-name="suite-com_OrangeHRMApplicationTestCases" class="hide-methods skipped suite-com_OrangeHRMApplicationTestCases"> (hide)</a> <!-- hide-methods skipped suite-com_OrangeHRMApplicationTestCases -->
                      <a href="#" panel-name="suite-com_OrangeHRMApplicationTestCases" class="show-methods skipped suite-com_OrangeHRMApplicationTestCases"> (show)</a> <!-- show-methods skipped suite-com_OrangeHRMApplicationTestCases -->
                    </span>
                    <div class="method-list-content skipped suite-com_OrangeHRMApplicationTestCases">
                      <span>
                        <img src="skipped.png" width="3%"/>
                        <a href="#" panel-name="suite-com_OrangeHRMApplicationTestCases" title="com.OrangeHRMApplicationTestCases.EmployeeList" class="method navigator-link" hash-for-method="Print_EmployeeList">Print_EmployeeList</a> <!-- method navigator-link -->
                      </span>
                      <br/>
                      <span>
                        <img src="skipped.png" width="3%"/>
                        <a href="#" panel-name="suite-com_OrangeHRMApplicationTestCases" title="com.OrangeHRMApplicationTestCases.AddEmployeeTest" class="method navigator-link" hash-for-method="addEmployeeTest">addEmployeeTest</a> <!-- method navigator-link -->
                      </span>
                      <br/>
                      <span>
                        <img src="skipped.png" width="3%"/>
                        <a href="#" panel-name="suite-com_OrangeHRMApplicationTestCases" title="com.OrangeHRMApplicationTestCases.LogInTest" class="method navigator-link" hash-for-method="homePageTest">homePageTest</a> <!-- method navigator-link -->
                      </span>
                      <br/>
                      <span>
                        <img src="skipped.png" width="3%"/>
                        <a href="#" panel-name="suite-com_OrangeHRMApplicationTestCases" title="com.OrangeHRMApplicationTestCases.AddEmployeeTest" class="method navigator-link" hash-for-method="homePageTest">homePageTest</a> <!-- method navigator-link -->
                      </span>
                      <br/>
                      <span>
                        <img src="skipped.png" width="3%"/>
                        <a href="#" panel-name="suite-com_OrangeHRMApplicationTestCases" title="com.OrangeHRMApplicationTestCases.EmployeeList" class="method navigator-link" hash-for-method="homePageTest">homePageTest</a> <!-- method navigator-link -->
                      </span>
                      <br/>
                      <span>
                        <img src="skipped.png" width="3%"/>
                        <a href="#" panel-name="suite-com_OrangeHRMApplicationTestCases" title="com.OrangeHRMApplicationTestCases.LogInTest" class="method navigator-link" hash-for-method="logInPageTest">logInPageTest</a> <!-- method navigator-link -->
                      </span>
                      <br/>
                      <span>
                        <img src="skipped.png" width="3%"/>
                        <a href="#" panel-name="suite-com_OrangeHRMApplicationTestCases" title="com.OrangeHRMApplicationTestCases.AddEmployeeTest" class="method navigator-link" hash-for-method="logInPageTest">logInPageTest</a> <!-- method navigator-link -->
                      </span>
                      <br/>
                      <span>
                        <img src="skipped.png" width="3%"/>
                        <a href="#" panel-name="suite-com_OrangeHRMApplicationTestCases" title="com.OrangeHRMApplicationTestCases.EmployeeList" class="method navigator-link" hash-for-method="logInPageTest">logInPageTest</a> <!-- method navigator-link -->
                      </span>
                      <br/>
                      <span>
                        <img src="skipped.png" width="3%"/>
                        <a href="#" panel-name="suite-com_OrangeHRMApplicationTestCases" title="com.OrangeHRMApplicationTestCases.LogInTest" class="method navigator-link" hash-for-method="logInPageTestAfterLogOut">logInPageTestAfterLogOut</a> <!-- method navigator-link -->
                      </span>
                      <br/>
                      <span>
                        <img src="skipped.png" width="3%"/>
                        <a href="#" panel-name="suite-com_OrangeHRMApplicationTestCases" title="com.OrangeHRMApplicationTestCases.AddEmployeeTest" class="method navigator-link" hash-for-method="logInPageTestAfterLogOut">logInPageTestAfterLogOut</a> <!-- method navigator-link -->
                      </span>
                      <br/>
                      <span>
                        <img src="skipped.png" width="3%"/>
                        <a href="#" panel-name="suite-com_OrangeHRMApplicationTestCases" title="com.OrangeHRMApplicationTestCases.EmployeeList" class="method navigator-link" hash-for-method="logInPageTestAfterLogOut">logInPageTestAfterLogOut</a> <!-- method navigator-link -->
                      </span>
                      <br/>
                      <span>
                        <img src="skipped.png" width="3%"/>
                        <a href="#" panel-name="suite-com_OrangeHRMApplicationTestCases" title="com.OrangeHRMApplicationTestCases.LogInTest" class="method navigator-link" hash-for-method="logInTest">logInTest</a> <!-- method navigator-link -->
                      </span>
                      <br/>
                      <span>
                        <img src="skipped.png" width="3%"/>
                        <a href="#" panel-name="suite-com_OrangeHRMApplicationTestCases" title="com.OrangeHRMApplicationTestCases.AddEmployeeTest" class="method navigator-link" hash-for-method="logInTest">logInTest</a> <!-- method navigator-link -->
                      </span>
                      <br/>
                      <span>
                        <img src="skipped.png" width="3%"/>
                        <a href="#" panel-name="suite-com_OrangeHRMApplicationTestCases" title="com.OrangeHRMApplicationTestCases.EmployeeList" class="method navigator-link" hash-for-method="logInTest">logInTest</a> <!-- method navigator-link -->
                      </span>
                      <br/>
                      <span>
                        <img src="skipped.png" width="3%"/>
                        <a href="#" panel-name="suite-com_OrangeHRMApplicationTestCases" title="com.OrangeHRMApplicationTestCases.LogInTest" class="method navigator-link" hash-for-method="logOutTest">logOutTest</a> <!-- method navigator-link -->
                      </span>
                      <br/>
                      <span>
                        <img src="skipped.png" width="3%"/>
                        <a href="#" panel-name="suite-com_OrangeHRMApplicationTestCases" title="com.OrangeHRMApplicationTestCases.AddEmployeeTest" class="method navigator-link" hash-for-method="logOutTest">logOutTest</a> <!-- method navigator-link -->
                      </span>
                      <br/>
                      <span>
                        <img src="skipped.png" width="3%"/>
                        <a href="#" panel-name="suite-com_OrangeHRMApplicationTestCases" title="com.OrangeHRMApplicationTestCases.EmployeeList" class="method navigator-link" hash-for-method="logOutTest">logOutTest</a> <!-- method navigator-link -->
                      </span>
                      <br/>
                      <span>
                        <img src="skipped.png" width="3%"/>
                        <a href="#" panel-name="suite-com_OrangeHRMApplicationTestCases" title="com.OrangeHRMApplicationTestCases.AddEmployeeTest" class="method navigator-link" hash-for-method="pimPageTest">pimPageTest</a> <!-- method navigator-link -->
                      </span>
                      <br/>
                      <span>
                        <img src="skipped.png" width="3%"/>
                        <a href="#" panel-name="suite-com_OrangeHRMApplicationTestCases" title="com.OrangeHRMApplicationTestCases.EmployeeList" class="method navigator-link" hash-for-method="pimTest">pimTest</a> <!-- method navigator-link -->
                      </span>
                      <br/>
                    </div> <!-- method-list-content skipped suite-com_OrangeHRMApplicationTestCases -->
                  </li>
                </ul>
              </div> <!-- suite-section-content -->
            </div> <!-- result-section -->
          </div> <!-- navigator-suite-content -->
        </div> <!-- rounded-window -->
      </div> <!-- suite -->
    </div> <!-- navigator-root -->
    <div class="wrapper">
      <div class="main-panel-root">
        <div panel-name="suite-com_OrangeHRMApplicationTestCases" class="panel com_OrangeHRMApplicationTestCases">
          <div class="suite-com_OrangeHRMApplicationTestCases-class-skipped">
            <div class="main-panel-header rounded-window-top">
              <img src="skipped.png"/>
              <span class="class-name">com.OrangeHRMApplicationTestCases.AddEmployeeTest</span>
            </div> <!-- main-panel-header rounded-window-top -->
            <div class="main-panel-content rounded-window-bottom">
              <div class="method">
                <div class="method-content">
                  <a name="addEmployeeTest">
                  </a> <!-- addEmployeeTest -->
                  <span class="method-name">addEmployeeTest</span>
                  <div class="stack-trace">org.openqa.selenium.SessionNotCreatedException: session not created: This version of ChromeDriver only supports Chrome version 122
Current browser version is 124.0.6367.207 with binary path C:\Program Files\Google\Chrome\Application\chrome.exe
Build info: version: &apos;3.141.59&apos;, revision: &apos;e82be7d358&apos;, time: &apos;2018-11-14T08:17:03&apos;
System info: host: &apos;DESKTOP-CE9JQAE&apos;, ip: &apos;192.168.0.147&apos;, os.name: &apos;Windows 10&apos;, os.arch: &apos;amd64&apos;, os.version: &apos;10.0&apos;, java.version: &apos;11.0.15&apos;
Driver info: driver.version: ChromeDriver
remote stacktrace: 	GetHandleVerifier [0x00007FF776964C82+3505170]
	(No symbol) [0x00007FF776590852]
	(No symbol) [0x00007FF776444145]
	(No symbol) [0x00007FF77647A612]
	(No symbol) [0x00007FF776479A1F]
	(No symbol) [0x00007FF77647361E]
	(No symbol) [0x00007FF7764707D4]
	(No symbol) [0x00007FF7764B5B5F]
	(No symbol) [0x00007FF7764B56C0]
	(No symbol) [0x00007FF7764ABC33]
	(No symbol) [0x00007FF77647D618]
	(No symbol) [0x00007FF77647E6B1]
	GetHandleVerifier [0x00007FF7769967DD+3708781]
	GetHandleVerifier [0x00007FF7769EFC5D+4074477]
	GetHandleVerifier [0x00007FF7769E7DDF+4042095]
	GetHandleVerifier [0x00007FF7766BA136+708806]
	(No symbol) [0x00007FF77659CB0F]
	(No symbol) [0x00007FF776597D14]
	(No symbol) [0x00007FF776597E6C]
	(No symbol) [0x00007FF7765879A4]
	BaseThreadInitThunk [0x00007FFA07847344+20]
	RtlUserThreadStart [0x00007FFA095A26B1+33]

	at org.openqa.selenium.remote.W3CHandshakeResponse.lambda$errorHandler$0(W3CHandshakeResponse.java:62)
	at org.openqa.selenium.remote.HandshakeResponse.lambda$getResponseFunction$0(HandshakeResponse.java:30)
	at org.openqa.selenium.remote.ProtocolHandshake.lambda$createSession$0(ProtocolHandshake.java:126)
	at java.base/java.util.stream.ReferencePipeline$3$1.accept(ReferencePipeline.java:195)
	at java.base/java.util.Spliterators$ArraySpliterator.tryAdvance(Spliterators.java:958)
	at java.base/java.util.stream.ReferencePipeline.forEachWithCancel(ReferencePipeline.java:127)
	at java.base/java.util.stream.AbstractPipeline.copyIntoWithCancel(AbstractPipeline.java:502)
	at java.base/java.util.stream.AbstractPipeline.copyInto(AbstractPipeline.java:488)
	at java.base/java.util.stream.AbstractPipeline.wrapAndCopyInto(AbstractPipeline.java:474)
	at java.base/java.util.stream.FindOps$FindOp.evaluateSequential(FindOps.java:150)
	at java.base/java.util.stream.AbstractPipeline.evaluate(AbstractPipeline.java:234)
	at java.base/java.util.stream.ReferencePipeline.findFirst(ReferencePipeline.java:543)
	at org.openqa.selenium.remote.ProtocolHandshake.createSession(ProtocolHandshake.java:128)
	at org.openqa.selenium.remote.ProtocolHandshake.createSession(ProtocolHandshake.java:74)
	at org.openqa.selenium.remote.HttpCommandExecutor.execute(HttpCommandExecutor.java:136)
	at org.openqa.selenium.remote.service.DriverCommandExecutor.execute(DriverCommandExecutor.java:83)
	at org.openqa.selenium.remote.RemoteWebDriver.execute(RemoteWebDriver.java:552)
	at org.openqa.selenium.remote.RemoteWebDriver.startSession(RemoteWebDriver.java:213)
	at org.openqa.selenium.remote.RemoteWebDriver.&lt;init&gt;(RemoteWebDriver.java:131)
	at org.openqa.selenium.chrome.ChromeDriver.&lt;init&gt;(ChromeDriver.java:181)
	at org.openqa.selenium.chrome.ChromeDriver.&lt;init&gt;(ChromeDriver.java:168)
	at org.openqa.selenium.chrome.ChromeDriver.&lt;init&gt;(ChromeDriver.java:123)
	at com.BaseTest.BaseTest.setUp(BaseTest.java:23)
... Removed 28 stack frames
</div> <!-- stack-trace -->
                  <em>
(Validating OrangeHRM Application AddEmployee Functionality  Test )                  </em>
                </div> <!-- method-content -->
              </div> <!-- method -->
              <div class="method">
                <div class="method-content">
                  <a name="homePageTest">
                  </a> <!-- homePageTest -->
                  <span class="method-name">homePageTest</span>
                  <div class="stack-trace">org.openqa.selenium.SessionNotCreatedException: session not created: This version of ChromeDriver only supports Chrome version 122
Current browser version is 124.0.6367.207 with binary path C:\Program Files\Google\Chrome\Application\chrome.exe
Build info: version: &apos;3.141.59&apos;, revision: &apos;e82be7d358&apos;, time: &apos;2018-11-14T08:17:03&apos;
System info: host: &apos;DESKTOP-CE9JQAE&apos;, ip: &apos;192.168.0.147&apos;, os.name: &apos;Windows 10&apos;, os.arch: &apos;amd64&apos;, os.version: &apos;10.0&apos;, java.version: &apos;11.0.15&apos;
Driver info: driver.version: ChromeDriver
remote stacktrace: 	GetHandleVerifier [0x00007FF776964C82+3505170]
	(No symbol) [0x00007FF776590852]
	(No symbol) [0x00007FF776444145]
	(No symbol) [0x00007FF77647A612]
	(No symbol) [0x00007FF776479A1F]
	(No symbol) [0x00007FF77647361E]
	(No symbol) [0x00007FF7764707D4]
	(No symbol) [0x00007FF7764B5B5F]
	(No symbol) [0x00007FF7764B56C0]
	(No symbol) [0x00007FF7764ABC33]
	(No symbol) [0x00007FF77647D618]
	(No symbol) [0x00007FF77647E6B1]
	GetHandleVerifier [0x00007FF7769967DD+3708781]
	GetHandleVerifier [0x00007FF7769EFC5D+4074477]
	GetHandleVerifier [0x00007FF7769E7DDF+4042095]
	GetHandleVerifier [0x00007FF7766BA136+708806]
	(No symbol) [0x00007FF77659CB0F]
	(No symbol) [0x00007FF776597D14]
	(No symbol) [0x00007FF776597E6C]
	(No symbol) [0x00007FF7765879A4]
	BaseThreadInitThunk [0x00007FFA07847344+20]
	RtlUserThreadStart [0x00007FFA095A26B1+33]

	at org.openqa.selenium.remote.W3CHandshakeResponse.lambda$errorHandler$0(W3CHandshakeResponse.java:62)
	at org.openqa.selenium.remote.HandshakeResponse.lambda$getResponseFunction$0(HandshakeResponse.java:30)
	at org.openqa.selenium.remote.ProtocolHandshake.lambda$createSession$0(ProtocolHandshake.java:126)
	at java.base/java.util.stream.ReferencePipeline$3$1.accept(ReferencePipeline.java:195)
	at java.base/java.util.Spliterators$ArraySpliterator.tryAdvance(Spliterators.java:958)
	at java.base/java.util.stream.ReferencePipeline.forEachWithCancel(ReferencePipeline.java:127)
	at java.base/java.util.stream.AbstractPipeline.copyIntoWithCancel(AbstractPipeline.java:502)
	at java.base/java.util.stream.AbstractPipeline.copyInto(AbstractPipeline.java:488)
	at java.base/java.util.stream.AbstractPipeline.wrapAndCopyInto(AbstractPipeline.java:474)
	at java.base/java.util.stream.FindOps$FindOp.evaluateSequential(FindOps.java:150)
	at java.base/java.util.stream.AbstractPipeline.evaluate(AbstractPipeline.java:234)
	at java.base/java.util.stream.ReferencePipeline.findFirst(ReferencePipeline.java:543)
	at org.openqa.selenium.remote.ProtocolHandshake.createSession(ProtocolHandshake.java:128)
	at org.openqa.selenium.remote.ProtocolHandshake.createSession(ProtocolHandshake.java:74)
	at org.openqa.selenium.remote.HttpCommandExecutor.execute(HttpCommandExecutor.java:136)
	at org.openqa.selenium.remote.service.DriverCommandExecutor.execute(DriverCommandExecutor.java:83)
	at org.openqa.selenium.remote.RemoteWebDriver.execute(RemoteWebDriver.java:552)
	at org.openqa.selenium.remote.RemoteWebDriver.startSession(RemoteWebDriver.java:213)
	at org.openqa.selenium.remote.RemoteWebDriver.&lt;init&gt;(RemoteWebDriver.java:131)
	at org.openqa.selenium.chrome.ChromeDriver.&lt;init&gt;(ChromeDriver.java:181)
	at org.openqa.selenium.chrome.ChromeDriver.&lt;init&gt;(ChromeDriver.java:168)
	at org.openqa.selenium.chrome.ChromeDriver.&lt;init&gt;(ChromeDriver.java:123)
	at com.BaseTest.BaseTest.setUp(BaseTest.java:23)
... Removed 28 stack frames
</div> <!-- stack-trace -->
                  <em>
(Validating OrangeHRM Application HomePage WebPage)                  </em>
                </div> <!-- method-content -->
              </div> <!-- method -->
              <div class="method">
                <div class="method-content">
                  <a name="logInPageTest">
                  </a> <!-- logInPageTest -->
                  <span class="method-name">logInPageTest</span>
                  <div class="stack-trace">org.openqa.selenium.SessionNotCreatedException: session not created: This version of ChromeDriver only supports Chrome version 122
Current browser version is 124.0.6367.207 with binary path C:\Program Files\Google\Chrome\Application\chrome.exe
Build info: version: &apos;3.141.59&apos;, revision: &apos;e82be7d358&apos;, time: &apos;2018-11-14T08:17:03&apos;
System info: host: &apos;DESKTOP-CE9JQAE&apos;, ip: &apos;192.168.0.147&apos;, os.name: &apos;Windows 10&apos;, os.arch: &apos;amd64&apos;, os.version: &apos;10.0&apos;, java.version: &apos;11.0.15&apos;
Driver info: driver.version: ChromeDriver
remote stacktrace: 	GetHandleVerifier [0x00007FF776964C82+3505170]
	(No symbol) [0x00007FF776590852]
	(No symbol) [0x00007FF776444145]
	(No symbol) [0x00007FF77647A612]
	(No symbol) [0x00007FF776479A1F]
	(No symbol) [0x00007FF77647361E]
	(No symbol) [0x00007FF7764707D4]
	(No symbol) [0x00007FF7764B5B5F]
	(No symbol) [0x00007FF7764B56C0]
	(No symbol) [0x00007FF7764ABC33]
	(No symbol) [0x00007FF77647D618]
	(No symbol) [0x00007FF77647E6B1]
	GetHandleVerifier [0x00007FF7769967DD+3708781]
	GetHandleVerifier [0x00007FF7769EFC5D+4074477]
	GetHandleVerifier [0x00007FF7769E7DDF+4042095]
	GetHandleVerifier [0x00007FF7766BA136+708806]
	(No symbol) [0x00007FF77659CB0F]
	(No symbol) [0x00007FF776597D14]
	(No symbol) [0x00007FF776597E6C]
	(No symbol) [0x00007FF7765879A4]
	BaseThreadInitThunk [0x00007FFA07847344+20]
	RtlUserThreadStart [0x00007FFA095A26B1+33]

	at org.openqa.selenium.remote.W3CHandshakeResponse.lambda$errorHandler$0(W3CHandshakeResponse.java:62)
	at org.openqa.selenium.remote.HandshakeResponse.lambda$getResponseFunction$0(HandshakeResponse.java:30)
	at org.openqa.selenium.remote.ProtocolHandshake.lambda$createSession$0(ProtocolHandshake.java:126)
	at java.base/java.util.stream.ReferencePipeline$3$1.accept(ReferencePipeline.java:195)
	at java.base/java.util.Spliterators$ArraySpliterator.tryAdvance(Spliterators.java:958)
	at java.base/java.util.stream.ReferencePipeline.forEachWithCancel(ReferencePipeline.java:127)
	at java.base/java.util.stream.AbstractPipeline.copyIntoWithCancel(AbstractPipeline.java:502)
	at java.base/java.util.stream.AbstractPipeline.copyInto(AbstractPipeline.java:488)
	at java.base/java.util.stream.AbstractPipeline.wrapAndCopyInto(AbstractPipeline.java:474)
	at java.base/java.util.stream.FindOps$FindOp.evaluateSequential(FindOps.java:150)
	at java.base/java.util.stream.AbstractPipeline.evaluate(AbstractPipeline.java:234)
	at java.base/java.util.stream.ReferencePipeline.findFirst(ReferencePipeline.java:543)
	at org.openqa.selenium.remote.ProtocolHandshake.createSession(ProtocolHandshake.java:128)
	at org.openqa.selenium.remote.ProtocolHandshake.createSession(ProtocolHandshake.java:74)
	at org.openqa.selenium.remote.HttpCommandExecutor.execute(HttpCommandExecutor.java:136)
	at org.openqa.selenium.remote.service.DriverCommandExecutor.execute(DriverCommandExecutor.java:83)
	at org.openqa.selenium.remote.RemoteWebDriver.execute(RemoteWebDriver.java:552)
	at org.openqa.selenium.remote.RemoteWebDriver.startSession(RemoteWebDriver.java:213)
	at org.openqa.selenium.remote.RemoteWebDriver.&lt;init&gt;(RemoteWebDriver.java:131)
	at org.openqa.selenium.chrome.ChromeDriver.&lt;init&gt;(ChromeDriver.java:181)
	at org.openqa.selenium.chrome.ChromeDriver.&lt;init&gt;(ChromeDriver.java:168)
	at org.openqa.selenium.chrome.ChromeDriver.&lt;init&gt;(ChromeDriver.java:123)
	at com.BaseTest.BaseTest.setUp(BaseTest.java:23)
... Removed 28 stack frames
</div> <!-- stack-trace -->
                  <em>
(Validating OrangeHRM Application LogIn WebPage)                  </em>
                </div> <!-- method-content -->
              </div> <!-- method -->
              <div class="method">
                <div class="method-content">
                  <a name="logInPageTestAfterLogOut">
                  </a> <!-- logInPageTestAfterLogOut -->
                  <span class="method-name">logInPageTestAfterLogOut</span>
                  <div class="stack-trace">org.openqa.selenium.SessionNotCreatedException: session not created: This version of ChromeDriver only supports Chrome version 122
Current browser version is 124.0.6367.207 with binary path C:\Program Files\Google\Chrome\Application\chrome.exe
Build info: version: &apos;3.141.59&apos;, revision: &apos;e82be7d358&apos;, time: &apos;2018-11-14T08:17:03&apos;
System info: host: &apos;DESKTOP-CE9JQAE&apos;, ip: &apos;192.168.0.147&apos;, os.name: &apos;Windows 10&apos;, os.arch: &apos;amd64&apos;, os.version: &apos;10.0&apos;, java.version: &apos;11.0.15&apos;
Driver info: driver.version: ChromeDriver
remote stacktrace: 	GetHandleVerifier [0x00007FF776964C82+3505170]
	(No symbol) [0x00007FF776590852]
	(No symbol) [0x00007FF776444145]
	(No symbol) [0x00007FF77647A612]
	(No symbol) [0x00007FF776479A1F]
	(No symbol) [0x00007FF77647361E]
	(No symbol) [0x00007FF7764707D4]
	(No symbol) [0x00007FF7764B5B5F]
	(No symbol) [0x00007FF7764B56C0]
	(No symbol) [0x00007FF7764ABC33]
	(No symbol) [0x00007FF77647D618]
	(No symbol) [0x00007FF77647E6B1]
	GetHandleVerifier [0x00007FF7769967DD+3708781]
	GetHandleVerifier [0x00007FF7769EFC5D+4074477]
	GetHandleVerifier [0x00007FF7769E7DDF+4042095]
	GetHandleVerifier [0x00007FF7766BA136+708806]
	(No symbol) [0x00007FF77659CB0F]
	(No symbol) [0x00007FF776597D14]
	(No symbol) [0x00007FF776597E6C]
	(No symbol) [0x00007FF7765879A4]
	BaseThreadInitThunk [0x00007FFA07847344+20]
	RtlUserThreadStart [0x00007FFA095A26B1+33]

	at org.openqa.selenium.remote.W3CHandshakeResponse.lambda$errorHandler$0(W3CHandshakeResponse.java:62)
	at org.openqa.selenium.remote.HandshakeResponse.lambda$getResponseFunction$0(HandshakeResponse.java:30)
	at org.openqa.selenium.remote.ProtocolHandshake.lambda$createSession$0(ProtocolHandshake.java:126)
	at java.base/java.util.stream.ReferencePipeline$3$1.accept(ReferencePipeline.java:195)
	at java.base/java.util.Spliterators$ArraySpliterator.tryAdvance(Spliterators.java:958)
	at java.base/java.util.stream.ReferencePipeline.forEachWithCancel(ReferencePipeline.java:127)
	at java.base/java.util.stream.AbstractPipeline.copyIntoWithCancel(AbstractPipeline.java:502)
	at java.base/java.util.stream.AbstractPipeline.copyInto(AbstractPipeline.java:488)
	at java.base/java.util.stream.AbstractPipeline.wrapAndCopyInto(AbstractPipeline.java:474)
	at java.base/java.util.stream.FindOps$FindOp.evaluateSequential(FindOps.java:150)
	at java.base/java.util.stream.AbstractPipeline.evaluate(AbstractPipeline.java:234)
	at java.base/java.util.stream.ReferencePipeline.findFirst(ReferencePipeline.java:543)
	at org.openqa.selenium.remote.ProtocolHandshake.createSession(ProtocolHandshake.java:128)
	at org.openqa.selenium.remote.ProtocolHandshake.createSession(ProtocolHandshake.java:74)
	at org.openqa.selenium.remote.HttpCommandExecutor.execute(HttpCommandExecutor.java:136)
	at org.openqa.selenium.remote.service.DriverCommandExecutor.execute(DriverCommandExecutor.java:83)
	at org.openqa.selenium.remote.RemoteWebDriver.execute(RemoteWebDriver.java:552)
	at org.openqa.selenium.remote.RemoteWebDriver.startSession(RemoteWebDriver.java:213)
	at org.openqa.selenium.remote.RemoteWebDriver.&lt;init&gt;(RemoteWebDriver.java:131)
	at org.openqa.selenium.chrome.ChromeDriver.&lt;init&gt;(ChromeDriver.java:181)
	at org.openqa.selenium.chrome.ChromeDriver.&lt;init&gt;(ChromeDriver.java:168)
	at org.openqa.selenium.chrome.ChromeDriver.&lt;init&gt;(ChromeDriver.java:123)
	at com.BaseTest.BaseTest.setUp(BaseTest.java:23)
... Removed 28 stack frames
</div> <!-- stack-trace -->
                </div> <!-- method-content -->
              </div> <!-- method -->
              <div class="method">
                <div class="method-content">
                  <a name="logInTest">
                  </a> <!-- logInTest -->
                  <span class="method-name">logInTest</span>
                  <div class="stack-trace">org.openqa.selenium.SessionNotCreatedException: session not created: This version of ChromeDriver only supports Chrome version 122
Current browser version is 124.0.6367.207 with binary path C:\Program Files\Google\Chrome\Application\chrome.exe
Build info: version: &apos;3.141.59&apos;, revision: &apos;e82be7d358&apos;, time: &apos;2018-11-14T08:17:03&apos;
System info: host: &apos;DESKTOP-CE9JQAE&apos;, ip: &apos;192.168.0.147&apos;, os.name: &apos;Windows 10&apos;, os.arch: &apos;amd64&apos;, os.version: &apos;10.0&apos;, java.version: &apos;11.0.15&apos;
Driver info: driver.version: ChromeDriver
remote stacktrace: 	GetHandleVerifier [0x00007FF776964C82+3505170]
	(No symbol) [0x00007FF776590852]
	(No symbol) [0x00007FF776444145]
	(No symbol) [0x00007FF77647A612]
	(No symbol) [0x00007FF776479A1F]
	(No symbol) [0x00007FF77647361E]
	(No symbol) [0x00007FF7764707D4]
	(No symbol) [0x00007FF7764B5B5F]
	(No symbol) [0x00007FF7764B56C0]
	(No symbol) [0x00007FF7764ABC33]
	(No symbol) [0x00007FF77647D618]
	(No symbol) [0x00007FF77647E6B1]
	GetHandleVerifier [0x00007FF7769967DD+3708781]
	GetHandleVerifier [0x00007FF7769EFC5D+4074477]
	GetHandleVerifier [0x00007FF7769E7DDF+4042095]
	GetHandleVerifier [0x00007FF7766BA136+708806]
	(No symbol) [0x00007FF77659CB0F]
	(No symbol) [0x00007FF776597D14]
	(No symbol) [0x00007FF776597E6C]
	(No symbol) [0x00007FF7765879A4]
	BaseThreadInitThunk [0x00007FFA07847344+20]
	RtlUserThreadStart [0x00007FFA095A26B1+33]

	at org.openqa.selenium.remote.W3CHandshakeResponse.lambda$errorHandler$0(W3CHandshakeResponse.java:62)
	at org.openqa.selenium.remote.HandshakeResponse.lambda$getResponseFunction$0(HandshakeResponse.java:30)
	at org.openqa.selenium.remote.ProtocolHandshake.lambda$createSession$0(ProtocolHandshake.java:126)
	at java.base/java.util.stream.ReferencePipeline$3$1.accept(ReferencePipeline.java:195)
	at java.base/java.util.Spliterators$ArraySpliterator.tryAdvance(Spliterators.java:958)
	at java.base/java.util.stream.ReferencePipeline.forEachWithCancel(ReferencePipeline.java:127)
	at java.base/java.util.stream.AbstractPipeline.copyIntoWithCancel(AbstractPipeline.java:502)
	at java.base/java.util.stream.AbstractPipeline.copyInto(AbstractPipeline.java:488)
	at java.base/java.util.stream.AbstractPipeline.wrapAndCopyInto(AbstractPipeline.java:474)
	at java.base/java.util.stream.FindOps$FindOp.evaluateSequential(FindOps.java:150)
	at java.base/java.util.stream.AbstractPipeline.evaluate(AbstractPipeline.java:234)
	at java.base/java.util.stream.ReferencePipeline.findFirst(ReferencePipeline.java:543)
	at org.openqa.selenium.remote.ProtocolHandshake.createSession(ProtocolHandshake.java:128)
	at org.openqa.selenium.remote.ProtocolHandshake.createSession(ProtocolHandshake.java:74)
	at org.openqa.selenium.remote.HttpCommandExecutor.execute(HttpCommandExecutor.java:136)
	at org.openqa.selenium.remote.service.DriverCommandExecutor.execute(DriverCommandExecutor.java:83)
	at org.openqa.selenium.remote.RemoteWebDriver.execute(RemoteWebDriver.java:552)
	at org.openqa.selenium.remote.RemoteWebDriver.startSession(RemoteWebDriver.java:213)
	at org.openqa.selenium.remote.RemoteWebDriver.&lt;init&gt;(RemoteWebDriver.java:131)
	at org.openqa.selenium.chrome.ChromeDriver.&lt;init&gt;(ChromeDriver.java:181)
	at org.openqa.selenium.chrome.ChromeDriver.&lt;init&gt;(ChromeDriver.java:168)
	at org.openqa.selenium.chrome.ChromeDriver.&lt;init&gt;(ChromeDriver.java:123)
	at com.BaseTest.BaseTest.setUp(BaseTest.java:23)
... Removed 28 stack frames
</div> <!-- stack-trace -->
                  <em>
(Validating OrangeHRM Application LogIn Functionality)                  </em>
                </div> <!-- method-content -->
              </div> <!-- method -->
              <div class="method">
                <div class="method-content">
                  <a name="logOutTest">
                  </a> <!-- logOutTest -->
                  <span class="method-name">logOutTest</span>
                  <div class="stack-trace">org.openqa.selenium.SessionNotCreatedException: session not created: This version of ChromeDriver only supports Chrome version 122
Current browser version is 124.0.6367.207 with binary path C:\Program Files\Google\Chrome\Application\chrome.exe
Build info: version: &apos;3.141.59&apos;, revision: &apos;e82be7d358&apos;, time: &apos;2018-11-14T08:17:03&apos;
System info: host: &apos;DESKTOP-CE9JQAE&apos;, ip: &apos;192.168.0.147&apos;, os.name: &apos;Windows 10&apos;, os.arch: &apos;amd64&apos;, os.version: &apos;10.0&apos;, java.version: &apos;11.0.15&apos;
Driver info: driver.version: ChromeDriver
remote stacktrace: 	GetHandleVerifier [0x00007FF776964C82+3505170]
	(No symbol) [0x00007FF776590852]
	(No symbol) [0x00007FF776444145]
	(No symbol) [0x00007FF77647A612]
	(No symbol) [0x00007FF776479A1F]
	(No symbol) [0x00007FF77647361E]
	(No symbol) [0x00007FF7764707D4]
	(No symbol) [0x00007FF7764B5B5F]
	(No symbol) [0x00007FF7764B56C0]
	(No symbol) [0x00007FF7764ABC33]
	(No symbol) [0x00007FF77647D618]
	(No symbol) [0x00007FF77647E6B1]
	GetHandleVerifier [0x00007FF7769967DD+3708781]
	GetHandleVerifier [0x00007FF7769EFC5D+4074477]
	GetHandleVerifier [0x00007FF7769E7DDF+4042095]
	GetHandleVerifier [0x00007FF7766BA136+708806]
	(No symbol) [0x00007FF77659CB0F]
	(No symbol) [0x00007FF776597D14]
	(No symbol) [0x00007FF776597E6C]
	(No symbol) [0x00007FF7765879A4]
	BaseThreadInitThunk [0x00007FFA07847344+20]
	RtlUserThreadStart [0x00007FFA095A26B1+33]

	at org.openqa.selenium.remote.W3CHandshakeResponse.lambda$errorHandler$0(W3CHandshakeResponse.java:62)
	at org.openqa.selenium.remote.HandshakeResponse.lambda$getResponseFunction$0(HandshakeResponse.java:30)
	at org.openqa.selenium.remote.ProtocolHandshake.lambda$createSession$0(ProtocolHandshake.java:126)
	at java.base/java.util.stream.ReferencePipeline$3$1.accept(ReferencePipeline.java:195)
	at java.base/java.util.Spliterators$ArraySpliterator.tryAdvance(Spliterators.java:958)
	at java.base/java.util.stream.ReferencePipeline.forEachWithCancel(ReferencePipeline.java:127)
	at java.base/java.util.stream.AbstractPipeline.copyIntoWithCancel(AbstractPipeline.java:502)
	at java.base/java.util.stream.AbstractPipeline.copyInto(AbstractPipeline.java:488)
	at java.base/java.util.stream.AbstractPipeline.wrapAndCopyInto(AbstractPipeline.java:474)
	at java.base/java.util.stream.FindOps$FindOp.evaluateSequential(FindOps.java:150)
	at java.base/java.util.stream.AbstractPipeline.evaluate(AbstractPipeline.java:234)
	at java.base/java.util.stream.ReferencePipeline.findFirst(ReferencePipeline.java:543)
	at org.openqa.selenium.remote.ProtocolHandshake.createSession(ProtocolHandshake.java:128)
	at org.openqa.selenium.remote.ProtocolHandshake.createSession(ProtocolHandshake.java:74)
	at org.openqa.selenium.remote.HttpCommandExecutor.execute(HttpCommandExecutor.java:136)
	at org.openqa.selenium.remote.service.DriverCommandExecutor.execute(DriverCommandExecutor.java:83)
	at org.openqa.selenium.remote.RemoteWebDriver.execute(RemoteWebDriver.java:552)
	at org.openqa.selenium.remote.RemoteWebDriver.startSession(RemoteWebDriver.java:213)
	at org.openqa.selenium.remote.RemoteWebDriver.&lt;init&gt;(RemoteWebDriver.java:131)
	at org.openqa.selenium.chrome.ChromeDriver.&lt;init&gt;(ChromeDriver.java:181)
	at org.openqa.selenium.chrome.ChromeDriver.&lt;init&gt;(ChromeDriver.java:168)
	at org.openqa.selenium.chrome.ChromeDriver.&lt;init&gt;(ChromeDriver.java:123)
	at com.BaseTest.BaseTest.setUp(BaseTest.java:23)
... Removed 28 stack frames
</div> <!-- stack-trace -->
                </div> <!-- method-content -->
              </div> <!-- method -->
              <div class="method">
                <div class="method-content">
                  <a name="pimPageTest">
                  </a> <!-- pimPageTest -->
                  <span class="method-name">pimPageTest</span>
                  <div class="stack-trace">org.openqa.selenium.SessionNotCreatedException: session not created: This version of ChromeDriver only supports Chrome version 122
Current browser version is 124.0.6367.207 with binary path C:\Program Files\Google\Chrome\Application\chrome.exe
Build info: version: &apos;3.141.59&apos;, revision: &apos;e82be7d358&apos;, time: &apos;2018-11-14T08:17:03&apos;
System info: host: &apos;DESKTOP-CE9JQAE&apos;, ip: &apos;192.168.0.147&apos;, os.name: &apos;Windows 10&apos;, os.arch: &apos;amd64&apos;, os.version: &apos;10.0&apos;, java.version: &apos;11.0.15&apos;
Driver info: driver.version: ChromeDriver
remote stacktrace: 	GetHandleVerifier [0x00007FF776964C82+3505170]
	(No symbol) [0x00007FF776590852]
	(No symbol) [0x00007FF776444145]
	(No symbol) [0x00007FF77647A612]
	(No symbol) [0x00007FF776479A1F]
	(No symbol) [0x00007FF77647361E]
	(No symbol) [0x00007FF7764707D4]
	(No symbol) [0x00007FF7764B5B5F]
	(No symbol) [0x00007FF7764B56C0]
	(No symbol) [0x00007FF7764ABC33]
	(No symbol) [0x00007FF77647D618]
	(No symbol) [0x00007FF77647E6B1]
	GetHandleVerifier [0x00007FF7769967DD+3708781]
	GetHandleVerifier [0x00007FF7769EFC5D+4074477]
	GetHandleVerifier [0x00007FF7769E7DDF+4042095]
	GetHandleVerifier [0x00007FF7766BA136+708806]
	(No symbol) [0x00007FF77659CB0F]
	(No symbol) [0x00007FF776597D14]
	(No symbol) [0x00007FF776597E6C]
	(No symbol) [0x00007FF7765879A4]
	BaseThreadInitThunk [0x00007FFA07847344+20]
	RtlUserThreadStart [0x00007FFA095A26B1+33]

	at org.openqa.selenium.remote.W3CHandshakeResponse.lambda$errorHandler$0(W3CHandshakeResponse.java:62)
	at org.openqa.selenium.remote.HandshakeResponse.lambda$getResponseFunction$0(HandshakeResponse.java:30)
	at org.openqa.selenium.remote.ProtocolHandshake.lambda$createSession$0(ProtocolHandshake.java:126)
	at java.base/java.util.stream.ReferencePipeline$3$1.accept(ReferencePipeline.java:195)
	at java.base/java.util.Spliterators$ArraySpliterator.tryAdvance(Spliterators.java:958)
	at java.base/java.util.stream.ReferencePipeline.forEachWithCancel(ReferencePipeline.java:127)
	at java.base/java.util.stream.AbstractPipeline.copyIntoWithCancel(AbstractPipeline.java:502)
	at java.base/java.util.stream.AbstractPipeline.copyInto(AbstractPipeline.java:488)
	at java.base/java.util.stream.AbstractPipeline.wrapAndCopyInto(AbstractPipeline.java:474)
	at java.base/java.util.stream.FindOps$FindOp.evaluateSequential(FindOps.java:150)
	at java.base/java.util.stream.AbstractPipeline.evaluate(AbstractPipeline.java:234)
	at java.base/java.util.stream.ReferencePipeline.findFirst(ReferencePipeline.java:543)
	at org.openqa.selenium.remote.ProtocolHandshake.createSession(ProtocolHandshake.java:128)
	at org.openqa.selenium.remote.ProtocolHandshake.createSession(ProtocolHandshake.java:74)
	at org.openqa.selenium.remote.HttpCommandExecutor.execute(HttpCommandExecutor.java:136)
	at org.openqa.selenium.remote.service.DriverCommandExecutor.execute(DriverCommandExecutor.java:83)
	at org.openqa.selenium.remote.RemoteWebDriver.execute(RemoteWebDriver.java:552)
	at org.openqa.selenium.remote.RemoteWebDriver.startSession(RemoteWebDriver.java:213)
	at org.openqa.selenium.remote.RemoteWebDriver.&lt;init&gt;(RemoteWebDriver.java:131)
	at org.openqa.selenium.chrome.ChromeDriver.&lt;init&gt;(ChromeDriver.java:181)
	at org.openqa.selenium.chrome.ChromeDriver.&lt;init&gt;(ChromeDriver.java:168)
	at org.openqa.selenium.chrome.ChromeDriver.&lt;init&gt;(ChromeDriver.java:123)
	at com.BaseTest.BaseTest.setUp(BaseTest.java:23)
... Removed 28 stack frames
</div> <!-- stack-trace -->
                  <em>
(Validating OrangeHRM Application Home Page PIM Functionality )                  </em>
                </div> <!-- method-content -->
              </div> <!-- method -->
            </div> <!-- main-panel-content rounded-window-bottom -->
          </div> <!-- suite-com_OrangeHRMApplicationTestCases-class-skipped -->
          <div class="suite-com_OrangeHRMApplicationTestCases-class-skipped">
            <div class="main-panel-header rounded-window-top">
              <img src="skipped.png"/>
              <span class="class-name">com.OrangeHRMApplicationTestCases.LogInTest</span>
            </div> <!-- main-panel-header rounded-window-top -->
            <div class="main-panel-content rounded-window-bottom">
              <div class="method">
                <div class="method-content">
                  <a name="homePageTest">
                  </a> <!-- homePageTest -->
                  <span class="method-name">homePageTest</span>
                  <div class="stack-trace">org.openqa.selenium.SessionNotCreatedException: session not created: This version of ChromeDriver only supports Chrome version 122
Current browser version is 124.0.6367.207 with binary path C:\Program Files\Google\Chrome\Application\chrome.exe
Build info: version: &apos;3.141.59&apos;, revision: &apos;e82be7d358&apos;, time: &apos;2018-11-14T08:17:03&apos;
System info: host: &apos;DESKTOP-CE9JQAE&apos;, ip: &apos;192.168.0.147&apos;, os.name: &apos;Windows 10&apos;, os.arch: &apos;amd64&apos;, os.version: &apos;10.0&apos;, java.version: &apos;11.0.15&apos;
Driver info: driver.version: ChromeDriver
remote stacktrace: 	GetHandleVerifier [0x00007FF776964C82+3505170]
	(No symbol) [0x00007FF776590852]
	(No symbol) [0x00007FF776444145]
	(No symbol) [0x00007FF77647A612]
	(No symbol) [0x00007FF776479A1F]
	(No symbol) [0x00007FF77647361E]
	(No symbol) [0x00007FF7764707D4]
	(No symbol) [0x00007FF7764B5B5F]
	(No symbol) [0x00007FF7764B56C0]
	(No symbol) [0x00007FF7764ABC33]
	(No symbol) [0x00007FF77647D618]
	(No symbol) [0x00007FF77647E6B1]
	GetHandleVerifier [0x00007FF7769967DD+3708781]
	GetHandleVerifier [0x00007FF7769EFC5D+4074477]
	GetHandleVerifier [0x00007FF7769E7DDF+4042095]
	GetHandleVerifier [0x00007FF7766BA136+708806]
	(No symbol) [0x00007FF77659CB0F]
	(No symbol) [0x00007FF776597D14]
	(No symbol) [0x00007FF776597E6C]
	(No symbol) [0x00007FF7765879A4]
	BaseThreadInitThunk [0x00007FFA07847344+20]
	RtlUserThreadStart [0x00007FFA095A26B1+33]

	at org.openqa.selenium.remote.W3CHandshakeResponse.lambda$errorHandler$0(W3CHandshakeResponse.java:62)
	at org.openqa.selenium.remote.HandshakeResponse.lambda$getResponseFunction$0(HandshakeResponse.java:30)
	at org.openqa.selenium.remote.ProtocolHandshake.lambda$createSession$0(ProtocolHandshake.java:126)
	at java.base/java.util.stream.ReferencePipeline$3$1.accept(ReferencePipeline.java:195)
	at java.base/java.util.Spliterators$ArraySpliterator.tryAdvance(Spliterators.java:958)
	at java.base/java.util.stream.ReferencePipeline.forEachWithCancel(ReferencePipeline.java:127)
	at java.base/java.util.stream.AbstractPipeline.copyIntoWithCancel(AbstractPipeline.java:502)
	at java.base/java.util.stream.AbstractPipeline.copyInto(AbstractPipeline.java:488)
	at java.base/java.util.stream.AbstractPipeline.wrapAndCopyInto(AbstractPipeline.java:474)
	at java.base/java.util.stream.FindOps$FindOp.evaluateSequential(FindOps.java:150)
	at java.base/java.util.stream.AbstractPipeline.evaluate(AbstractPipeline.java:234)
	at java.base/java.util.stream.ReferencePipeline.findFirst(ReferencePipeline.java:543)
	at org.openqa.selenium.remote.ProtocolHandshake.createSession(ProtocolHandshake.java:128)
	at org.openqa.selenium.remote.ProtocolHandshake.createSession(ProtocolHandshake.java:74)
	at org.openqa.selenium.remote.HttpCommandExecutor.execute(HttpCommandExecutor.java:136)
	at org.openqa.selenium.remote.service.DriverCommandExecutor.execute(DriverCommandExecutor.java:83)
	at org.openqa.selenium.remote.RemoteWebDriver.execute(RemoteWebDriver.java:552)
	at org.openqa.selenium.remote.RemoteWebDriver.startSession(RemoteWebDriver.java:213)
	at org.openqa.selenium.remote.RemoteWebDriver.&lt;init&gt;(RemoteWebDriver.java:131)
	at org.openqa.selenium.chrome.ChromeDriver.&lt;init&gt;(ChromeDriver.java:181)
	at org.openqa.selenium.chrome.ChromeDriver.&lt;init&gt;(ChromeDriver.java:168)
	at org.openqa.selenium.chrome.ChromeDriver.&lt;init&gt;(ChromeDriver.java:123)
	at com.BaseTest.BaseTest.setUp(BaseTest.java:23)
... Removed 28 stack frames
</div> <!-- stack-trace -->
                  <em>
(Validating OrangeHRM Application HomePage WebPage)                  </em>
                </div> <!-- method-content -->
              </div> <!-- method -->
              <div class="method">
                <div class="method-content">
                  <a name="logInPageTest">
                  </a> <!-- logInPageTest -->
                  <span class="method-name">logInPageTest</span>
                  <div class="stack-trace">org.openqa.selenium.SessionNotCreatedException: session not created: This version of ChromeDriver only supports Chrome version 122
Current browser version is 124.0.6367.207 with binary path C:\Program Files\Google\Chrome\Application\chrome.exe
Build info: version: &apos;3.141.59&apos;, revision: &apos;e82be7d358&apos;, time: &apos;2018-11-14T08:17:03&apos;
System info: host: &apos;DESKTOP-CE9JQAE&apos;, ip: &apos;192.168.0.147&apos;, os.name: &apos;Windows 10&apos;, os.arch: &apos;amd64&apos;, os.version: &apos;10.0&apos;, java.version: &apos;11.0.15&apos;
Driver info: driver.version: ChromeDriver
remote stacktrace: 	GetHandleVerifier [0x00007FF776964C82+3505170]
	(No symbol) [0x00007FF776590852]
	(No symbol) [0x00007FF776444145]
	(No symbol) [0x00007FF77647A612]
	(No symbol) [0x00007FF776479A1F]
	(No symbol) [0x00007FF77647361E]
	(No symbol) [0x00007FF7764707D4]
	(No symbol) [0x00007FF7764B5B5F]
	(No symbol) [0x00007FF7764B56C0]
	(No symbol) [0x00007FF7764ABC33]
	(No symbol) [0x00007FF77647D618]
	(No symbol) [0x00007FF77647E6B1]
	GetHandleVerifier [0x00007FF7769967DD+3708781]
	GetHandleVerifier [0x00007FF7769EFC5D+4074477]
	GetHandleVerifier [0x00007FF7769E7DDF+4042095]
	GetHandleVerifier [0x00007FF7766BA136+708806]
	(No symbol) [0x00007FF77659CB0F]
	(No symbol) [0x00007FF776597D14]
	(No symbol) [0x00007FF776597E6C]
	(No symbol) [0x00007FF7765879A4]
	BaseThreadInitThunk [0x00007FFA07847344+20]
	RtlUserThreadStart [0x00007FFA095A26B1+33]

	at org.openqa.selenium.remote.W3CHandshakeResponse.lambda$errorHandler$0(W3CHandshakeResponse.java:62)
	at org.openqa.selenium.remote.HandshakeResponse.lambda$getResponseFunction$0(HandshakeResponse.java:30)
	at org.openqa.selenium.remote.ProtocolHandshake.lambda$createSession$0(ProtocolHandshake.java:126)
	at java.base/java.util.stream.ReferencePipeline$3$1.accept(ReferencePipeline.java:195)
	at java.base/java.util.Spliterators$ArraySpliterator.tryAdvance(Spliterators.java:958)
	at java.base/java.util.stream.ReferencePipeline.forEachWithCancel(ReferencePipeline.java:127)
	at java.base/java.util.stream.AbstractPipeline.copyIntoWithCancel(AbstractPipeline.java:502)
	at java.base/java.util.stream.AbstractPipeline.copyInto(AbstractPipeline.java:488)
	at java.base/java.util.stream.AbstractPipeline.wrapAndCopyInto(AbstractPipeline.java:474)
	at java.base/java.util.stream.FindOps$FindOp.evaluateSequential(FindOps.java:150)
	at java.base/java.util.stream.AbstractPipeline.evaluate(AbstractPipeline.java:234)
	at java.base/java.util.stream.ReferencePipeline.findFirst(ReferencePipeline.java:543)
	at org.openqa.selenium.remote.ProtocolHandshake.createSession(ProtocolHandshake.java:128)
	at org.openqa.selenium.remote.ProtocolHandshake.createSession(ProtocolHandshake.java:74)
	at org.openqa.selenium.remote.HttpCommandExecutor.execute(HttpCommandExecutor.java:136)
	at org.openqa.selenium.remote.service.DriverCommandExecutor.execute(DriverCommandExecutor.java:83)
	at org.openqa.selenium.remote.RemoteWebDriver.execute(RemoteWebDriver.java:552)
	at org.openqa.selenium.remote.RemoteWebDriver.startSession(RemoteWebDriver.java:213)
	at org.openqa.selenium.remote.RemoteWebDriver.&lt;init&gt;(RemoteWebDriver.java:131)
	at org.openqa.selenium.chrome.ChromeDriver.&lt;init&gt;(ChromeDriver.java:181)
	at org.openqa.selenium.chrome.ChromeDriver.&lt;init&gt;(ChromeDriver.java:168)
	at org.openqa.selenium.chrome.ChromeDriver.&lt;init&gt;(ChromeDriver.java:123)
	at com.BaseTest.BaseTest.setUp(BaseTest.java:23)
... Removed 28 stack frames
</div> <!-- stack-trace -->
                  <em>
(Validating OrangeHRM Application LogIn WebPage)                  </em>
                </div> <!-- method-content -->
              </div> <!-- method -->
              <div class="method">
                <div class="method-content">
                  <a name="logInPageTestAfterLogOut">
                  </a> <!-- logInPageTestAfterLogOut -->
                  <span class="method-name">logInPageTestAfterLogOut</span>
                  <div class="stack-trace">org.openqa.selenium.SessionNotCreatedException: session not created: This version of ChromeDriver only supports Chrome version 122
Current browser version is 124.0.6367.207 with binary path C:\Program Files\Google\Chrome\Application\chrome.exe
Build info: version: &apos;3.141.59&apos;, revision: &apos;e82be7d358&apos;, time: &apos;2018-11-14T08:17:03&apos;
System info: host: &apos;DESKTOP-CE9JQAE&apos;, ip: &apos;192.168.0.147&apos;, os.name: &apos;Windows 10&apos;, os.arch: &apos;amd64&apos;, os.version: &apos;10.0&apos;, java.version: &apos;11.0.15&apos;
Driver info: driver.version: ChromeDriver
remote stacktrace: 	GetHandleVerifier [0x00007FF776964C82+3505170]
	(No symbol) [0x00007FF776590852]
	(No symbol) [0x00007FF776444145]
	(No symbol) [0x00007FF77647A612]
	(No symbol) [0x00007FF776479A1F]
	(No symbol) [0x00007FF77647361E]
	(No symbol) [0x00007FF7764707D4]
	(No symbol) [0x00007FF7764B5B5F]
	(No symbol) [0x00007FF7764B56C0]
	(No symbol) [0x00007FF7764ABC33]
	(No symbol) [0x00007FF77647D618]
	(No symbol) [0x00007FF77647E6B1]
	GetHandleVerifier [0x00007FF7769967DD+3708781]
	GetHandleVerifier [0x00007FF7769EFC5D+4074477]
	GetHandleVerifier [0x00007FF7769E7DDF+4042095]
	GetHandleVerifier [0x00007FF7766BA136+708806]
	(No symbol) [0x00007FF77659CB0F]
	(No symbol) [0x00007FF776597D14]
	(No symbol) [0x00007FF776597E6C]
	(No symbol) [0x00007FF7765879A4]
	BaseThreadInitThunk [0x00007FFA07847344+20]
	RtlUserThreadStart [0x00007FFA095A26B1+33]

	at org.openqa.selenium.remote.W3CHandshakeResponse.lambda$errorHandler$0(W3CHandshakeResponse.java:62)
	at org.openqa.selenium.remote.HandshakeResponse.lambda$getResponseFunction$0(HandshakeResponse.java:30)
	at org.openqa.selenium.remote.ProtocolHandshake.lambda$createSession$0(ProtocolHandshake.java:126)
	at java.base/java.util.stream.ReferencePipeline$3$1.accept(ReferencePipeline.java:195)
	at java.base/java.util.Spliterators$ArraySpliterator.tryAdvance(Spliterators.java:958)
	at java.base/java.util.stream.ReferencePipeline.forEachWithCancel(ReferencePipeline.java:127)
	at java.base/java.util.stream.AbstractPipeline.copyIntoWithCancel(AbstractPipeline.java:502)
	at java.base/java.util.stream.AbstractPipeline.copyInto(AbstractPipeline.java:488)
	at java.base/java.util.stream.AbstractPipeline.wrapAndCopyInto(AbstractPipeline.java:474)
	at java.base/java.util.stream.FindOps$FindOp.evaluateSequential(FindOps.java:150)
	at java.base/java.util.stream.AbstractPipeline.evaluate(AbstractPipeline.java:234)
	at java.base/java.util.stream.ReferencePipeline.findFirst(ReferencePipeline.java:543)
	at org.openqa.selenium.remote.ProtocolHandshake.createSession(ProtocolHandshake.java:128)
	at org.openqa.selenium.remote.ProtocolHandshake.createSession(ProtocolHandshake.java:74)
	at org.openqa.selenium.remote.HttpCommandExecutor.execute(HttpCommandExecutor.java:136)
	at org.openqa.selenium.remote.service.DriverCommandExecutor.execute(DriverCommandExecutor.java:83)
	at org.openqa.selenium.remote.RemoteWebDriver.execute(RemoteWebDriver.java:552)
	at org.openqa.selenium.remote.RemoteWebDriver.startSession(RemoteWebDriver.java:213)
	at org.openqa.selenium.remote.RemoteWebDriver.&lt;init&gt;(RemoteWebDriver.java:131)
	at org.openqa.selenium.chrome.ChromeDriver.&lt;init&gt;(ChromeDriver.java:181)
	at org.openqa.selenium.chrome.ChromeDriver.&lt;init&gt;(ChromeDriver.java:168)
	at org.openqa.selenium.chrome.ChromeDriver.&lt;init&gt;(ChromeDriver.java:123)
	at com.BaseTest.BaseTest.setUp(BaseTest.java:23)
... Removed 28 stack frames
</div> <!-- stack-trace -->
                  <em>
(Validating OrangeHRM Application Login WebPage After LogOut)                  </em>
                </div> <!-- method-content -->
              </div> <!-- method -->
              <div class="method">
                <div class="method-content">
                  <a name="logInTest">
                  </a> <!-- logInTest -->
                  <span class="method-name">logInTest</span>
                  <div class="stack-trace">org.openqa.selenium.SessionNotCreatedException: session not created: This version of ChromeDriver only supports Chrome version 122
Current browser version is 124.0.6367.207 with binary path C:\Program Files\Google\Chrome\Application\chrome.exe
Build info: version: &apos;3.141.59&apos;, revision: &apos;e82be7d358&apos;, time: &apos;2018-11-14T08:17:03&apos;
System info: host: &apos;DESKTOP-CE9JQAE&apos;, ip: &apos;192.168.0.147&apos;, os.name: &apos;Windows 10&apos;, os.arch: &apos;amd64&apos;, os.version: &apos;10.0&apos;, java.version: &apos;11.0.15&apos;
Driver info: driver.version: ChromeDriver
remote stacktrace: 	GetHandleVerifier [0x00007FF776964C82+3505170]
	(No symbol) [0x00007FF776590852]
	(No symbol) [0x00007FF776444145]
	(No symbol) [0x00007FF77647A612]
	(No symbol) [0x00007FF776479A1F]
	(No symbol) [0x00007FF77647361E]
	(No symbol) [0x00007FF7764707D4]
	(No symbol) [0x00007FF7764B5B5F]
	(No symbol) [0x00007FF7764B56C0]
	(No symbol) [0x00007FF7764ABC33]
	(No symbol) [0x00007FF77647D618]
	(No symbol) [0x00007FF77647E6B1]
	GetHandleVerifier [0x00007FF7769967DD+3708781]
	GetHandleVerifier [0x00007FF7769EFC5D+4074477]
	GetHandleVerifier [0x00007FF7769E7DDF+4042095]
	GetHandleVerifier [0x00007FF7766BA136+708806]
	(No symbol) [0x00007FF77659CB0F]
	(No symbol) [0x00007FF776597D14]
	(No symbol) [0x00007FF776597E6C]
	(No symbol) [0x00007FF7765879A4]
	BaseThreadInitThunk [0x00007FFA07847344+20]
	RtlUserThreadStart [0x00007FFA095A26B1+33]

	at org.openqa.selenium.remote.W3CHandshakeResponse.lambda$errorHandler$0(W3CHandshakeResponse.java:62)
	at org.openqa.selenium.remote.HandshakeResponse.lambda$getResponseFunction$0(HandshakeResponse.java:30)
	at org.openqa.selenium.remote.ProtocolHandshake.lambda$createSession$0(ProtocolHandshake.java:126)
	at java.base/java.util.stream.ReferencePipeline$3$1.accept(ReferencePipeline.java:195)
	at java.base/java.util.Spliterators$ArraySpliterator.tryAdvance(Spliterators.java:958)
	at java.base/java.util.stream.ReferencePipeline.forEachWithCancel(ReferencePipeline.java:127)
	at java.base/java.util.stream.AbstractPipeline.copyIntoWithCancel(AbstractPipeline.java:502)
	at java.base/java.util.stream.AbstractPipeline.copyInto(AbstractPipeline.java:488)
	at java.base/java.util.stream.AbstractPipeline.wrapAndCopyInto(AbstractPipeline.java:474)
	at java.base/java.util.stream.FindOps$FindOp.evaluateSequential(FindOps.java:150)
	at java.base/java.util.stream.AbstractPipeline.evaluate(AbstractPipeline.java:234)
	at java.base/java.util.stream.ReferencePipeline.findFirst(ReferencePipeline.java:543)
	at org.openqa.selenium.remote.ProtocolHandshake.createSession(ProtocolHandshake.java:128)
	at org.openqa.selenium.remote.ProtocolHandshake.createSession(ProtocolHandshake.java:74)
	at org.openqa.selenium.remote.HttpCommandExecutor.execute(HttpCommandExecutor.java:136)
	at org.openqa.selenium.remote.service.DriverCommandExecutor.execute(DriverCommandExecutor.java:83)
	at org.openqa.selenium.remote.RemoteWebDriver.execute(RemoteWebDriver.java:552)
	at org.openqa.selenium.remote.RemoteWebDriver.startSession(RemoteWebDriver.java:213)
	at org.openqa.selenium.remote.RemoteWebDriver.&lt;init&gt;(RemoteWebDriver.java:131)
	at org.openqa.selenium.chrome.ChromeDriver.&lt;init&gt;(ChromeDriver.java:181)
	at org.openqa.selenium.chrome.ChromeDriver.&lt;init&gt;(ChromeDriver.java:168)
	at org.openqa.selenium.chrome.ChromeDriver.&lt;init&gt;(ChromeDriver.java:123)
	at com.BaseTest.BaseTest.setUp(BaseTest.java:23)
... Removed 28 stack frames
</div> <!-- stack-trace -->
                  <em>
(Validating OrangeHRM Application LogIn Functionality)                  </em>
                </div> <!-- method-content -->
              </div> <!-- method -->
              <div class="method">
                <div class="method-content">
                  <a name="logOutTest">
                  </a> <!-- logOutTest -->
                  <span class="method-name">logOutTest</span>
                  <div class="stack-trace">org.openqa.selenium.SessionNotCreatedException: session not created: This version of ChromeDriver only supports Chrome version 122
Current browser version is 124.0.6367.207 with binary path C:\Program Files\Google\Chrome\Application\chrome.exe
Build info: version: &apos;3.141.59&apos;, revision: &apos;e82be7d358&apos;, time: &apos;2018-11-14T08:17:03&apos;
System info: host: &apos;DESKTOP-CE9JQAE&apos;, ip: &apos;192.168.0.147&apos;, os.name: &apos;Windows 10&apos;, os.arch: &apos;amd64&apos;, os.version: &apos;10.0&apos;, java.version: &apos;11.0.15&apos;
Driver info: driver.version: ChromeDriver
remote stacktrace: 	GetHandleVerifier [0x00007FF776964C82+3505170]
	(No symbol) [0x00007FF776590852]
	(No symbol) [0x00007FF776444145]
	(No symbol) [0x00007FF77647A612]
	(No symbol) [0x00007FF776479A1F]
	(No symbol) [0x00007FF77647361E]
	(No symbol) [0x00007FF7764707D4]
	(No symbol) [0x00007FF7764B5B5F]
	(No symbol) [0x00007FF7764B56C0]
	(No symbol) [0x00007FF7764ABC33]
	(No symbol) [0x00007FF77647D618]
	(No symbol) [0x00007FF77647E6B1]
	GetHandleVerifier [0x00007FF7769967DD+3708781]
	GetHandleVerifier [0x00007FF7769EFC5D+4074477]
	GetHandleVerifier [0x00007FF7769E7DDF+4042095]
	GetHandleVerifier [0x00007FF7766BA136+708806]
	(No symbol) [0x00007FF77659CB0F]
	(No symbol) [0x00007FF776597D14]
	(No symbol) [0x00007FF776597E6C]
	(No symbol) [0x00007FF7765879A4]
	BaseThreadInitThunk [0x00007FFA07847344+20]
	RtlUserThreadStart [0x00007FFA095A26B1+33]

	at org.openqa.selenium.remote.W3CHandshakeResponse.lambda$errorHandler$0(W3CHandshakeResponse.java:62)
	at org.openqa.selenium.remote.HandshakeResponse.lambda$getResponseFunction$0(HandshakeResponse.java:30)
	at org.openqa.selenium.remote.ProtocolHandshake.lambda$createSession$0(ProtocolHandshake.java:126)
	at java.base/java.util.stream.ReferencePipeline$3$1.accept(ReferencePipeline.java:195)
	at java.base/java.util.Spliterators$ArraySpliterator.tryAdvance(Spliterators.java:958)
	at java.base/java.util.stream.ReferencePipeline.forEachWithCancel(ReferencePipeline.java:127)
	at java.base/java.util.stream.AbstractPipeline.copyIntoWithCancel(AbstractPipeline.java:502)
	at java.base/java.util.stream.AbstractPipeline.copyInto(AbstractPipeline.java:488)
	at java.base/java.util.stream.AbstractPipeline.wrapAndCopyInto(AbstractPipeline.java:474)
	at java.base/java.util.stream.FindOps$FindOp.evaluateSequential(FindOps.java:150)
	at java.base/java.util.stream.AbstractPipeline.evaluate(AbstractPipeline.java:234)
	at java.base/java.util.stream.ReferencePipeline.findFirst(ReferencePipeline.java:543)
	at org.openqa.selenium.remote.ProtocolHandshake.createSession(ProtocolHandshake.java:128)
	at org.openqa.selenium.remote.ProtocolHandshake.createSession(ProtocolHandshake.java:74)
	at org.openqa.selenium.remote.HttpCommandExecutor.execute(HttpCommandExecutor.java:136)
	at org.openqa.selenium.remote.service.DriverCommandExecutor.execute(DriverCommandExecutor.java:83)
	at org.openqa.selenium.remote.RemoteWebDriver.execute(RemoteWebDriver.java:552)
	at org.openqa.selenium.remote.RemoteWebDriver.startSession(RemoteWebDriver.java:213)
	at org.openqa.selenium.remote.RemoteWebDriver.&lt;init&gt;(RemoteWebDriver.java:131)
	at org.openqa.selenium.chrome.ChromeDriver.&lt;init&gt;(ChromeDriver.java:181)
	at org.openqa.selenium.chrome.ChromeDriver.&lt;init&gt;(ChromeDriver.java:168)
	at org.openqa.selenium.chrome.ChromeDriver.&lt;init&gt;(ChromeDriver.java:123)
	at com.BaseTest.BaseTest.setUp(BaseTest.java:23)
... Removed 28 stack frames
</div> <!-- stack-trace -->
                  <em>
(Validating OrangeHRM Application Logout Functionality)                  </em>
                </div> <!-- method-content -->
              </div> <!-- method -->
            </div> <!-- main-panel-content rounded-window-bottom -->
          </div> <!-- suite-com_OrangeHRMApplicationTestCases-class-skipped -->
          <div class="suite-com_OrangeHRMApplicationTestCases-class-skipped">
            <div class="main-panel-header rounded-window-top">
              <img src="skipped.png"/>
              <span class="class-name">com.OrangeHRMApplicationTestCases.EmployeeList</span>
            </div> <!-- main-panel-header rounded-window-top -->
            <div class="main-panel-content rounded-window-bottom">
              <div class="method">
                <div class="method-content">
                  <a name="Print_EmployeeList">
                  </a> <!-- Print_EmployeeList -->
                  <span class="method-name">Print_EmployeeList</span>
                  <div class="stack-trace">org.openqa.selenium.SessionNotCreatedException: session not created: This version of ChromeDriver only supports Chrome version 122
Current browser version is 124.0.6367.207 with binary path C:\Program Files\Google\Chrome\Application\chrome.exe
Build info: version: &apos;3.141.59&apos;, revision: &apos;e82be7d358&apos;, time: &apos;2018-11-14T08:17:03&apos;
System info: host: &apos;DESKTOP-CE9JQAE&apos;, ip: &apos;192.168.0.147&apos;, os.name: &apos;Windows 10&apos;, os.arch: &apos;amd64&apos;, os.version: &apos;10.0&apos;, java.version: &apos;11.0.15&apos;
Driver info: driver.version: ChromeDriver
remote stacktrace: 	GetHandleVerifier [0x00007FF776964C82+3505170]
	(No symbol) [0x00007FF776590852]
	(No symbol) [0x00007FF776444145]
	(No symbol) [0x00007FF77647A612]
	(No symbol) [0x00007FF776479A1F]
	(No symbol) [0x00007FF77647361E]
	(No symbol) [0x00007FF7764707D4]
	(No symbol) [0x00007FF7764B5B5F]
	(No symbol) [0x00007FF7764B56C0]
	(No symbol) [0x00007FF7764ABC33]
	(No symbol) [0x00007FF77647D618]
	(No symbol) [0x00007FF77647E6B1]
	GetHandleVerifier [0x00007FF7769967DD+3708781]
	GetHandleVerifier [0x00007FF7769EFC5D+4074477]
	GetHandleVerifier [0x00007FF7769E7DDF+4042095]
	GetHandleVerifier [0x00007FF7766BA136+708806]
	(No symbol) [0x00007FF77659CB0F]
	(No symbol) [0x00007FF776597D14]
	(No symbol) [0x00007FF776597E6C]
	(No symbol) [0x00007FF7765879A4]
	BaseThreadInitThunk [0x00007FFA07847344+20]
	RtlUserThreadStart [0x00007FFA095A26B1+33]

	at org.openqa.selenium.remote.W3CHandshakeResponse.lambda$errorHandler$0(W3CHandshakeResponse.java:62)
	at org.openqa.selenium.remote.HandshakeResponse.lambda$getResponseFunction$0(HandshakeResponse.java:30)
	at org.openqa.selenium.remote.ProtocolHandshake.lambda$createSession$0(ProtocolHandshake.java:126)
	at java.base/java.util.stream.ReferencePipeline$3$1.accept(ReferencePipeline.java:195)
	at java.base/java.util.Spliterators$ArraySpliterator.tryAdvance(Spliterators.java:958)
	at java.base/java.util.stream.ReferencePipeline.forEachWithCancel(ReferencePipeline.java:127)
	at java.base/java.util.stream.AbstractPipeline.copyIntoWithCancel(AbstractPipeline.java:502)
	at java.base/java.util.stream.AbstractPipeline.copyInto(AbstractPipeline.java:488)
	at java.base/java.util.stream.AbstractPipeline.wrapAndCopyInto(AbstractPipeline.java:474)
	at java.base/java.util.stream.FindOps$FindOp.evaluateSequential(FindOps.java:150)
	at java.base/java.util.stream.AbstractPipeline.evaluate(AbstractPipeline.java:234)
	at java.base/java.util.stream.ReferencePipeline.findFirst(ReferencePipeline.java:543)
	at org.openqa.selenium.remote.ProtocolHandshake.createSession(ProtocolHandshake.java:128)
	at org.openqa.selenium.remote.ProtocolHandshake.createSession(ProtocolHandshake.java:74)
	at org.openqa.selenium.remote.HttpCommandExecutor.execute(HttpCommandExecutor.java:136)
	at org.openqa.selenium.remote.service.DriverCommandExecutor.execute(DriverCommandExecutor.java:83)
	at org.openqa.selenium.remote.RemoteWebDriver.execute(RemoteWebDriver.java:552)
	at org.openqa.selenium.remote.RemoteWebDriver.startSession(RemoteWebDriver.java:213)
	at org.openqa.selenium.remote.RemoteWebDriver.&lt;init&gt;(RemoteWebDriver.java:131)
	at org.openqa.selenium.chrome.ChromeDriver.&lt;init&gt;(ChromeDriver.java:181)
	at org.openqa.selenium.chrome.ChromeDriver.&lt;init&gt;(ChromeDriver.java:168)
	at org.openqa.selenium.chrome.ChromeDriver.&lt;init&gt;(ChromeDriver.java:123)
	at com.BaseTest.BaseTest.setUp(BaseTest.java:23)
... Removed 28 stack frames
</div> <!-- stack-trace -->
                  <em>
(Printing Employee List To Excel )                  </em>
                </div> <!-- method-content -->
              </div> <!-- method -->
              <div class="method">
                <div class="method-content">
                  <a name="homePageTest">
                  </a> <!-- homePageTest -->
                  <span class="method-name">homePageTest</span>
                  <div class="stack-trace">org.openqa.selenium.SessionNotCreatedException: session not created: This version of ChromeDriver only supports Chrome version 122
Current browser version is 124.0.6367.207 with binary path C:\Program Files\Google\Chrome\Application\chrome.exe
Build info: version: &apos;3.141.59&apos;, revision: &apos;e82be7d358&apos;, time: &apos;2018-11-14T08:17:03&apos;
System info: host: &apos;DESKTOP-CE9JQAE&apos;, ip: &apos;192.168.0.147&apos;, os.name: &apos;Windows 10&apos;, os.arch: &apos;amd64&apos;, os.version: &apos;10.0&apos;, java.version: &apos;11.0.15&apos;
Driver info: driver.version: ChromeDriver
remote stacktrace: 	GetHandleVerifier [0x00007FF776964C82+3505170]
	(No symbol) [0x00007FF776590852]
	(No symbol) [0x00007FF776444145]
	(No symbol) [0x00007FF77647A612]
	(No symbol) [0x00007FF776479A1F]
	(No symbol) [0x00007FF77647361E]
	(No symbol) [0x00007FF7764707D4]
	(No symbol) [0x00007FF7764B5B5F]
	(No symbol) [0x00007FF7764B56C0]
	(No symbol) [0x00007FF7764ABC33]
	(No symbol) [0x00007FF77647D618]
	(No symbol) [0x00007FF77647E6B1]
	GetHandleVerifier [0x00007FF7769967DD+3708781]
	GetHandleVerifier [0x00007FF7769EFC5D+4074477]
	GetHandleVerifier [0x00007FF7769E7DDF+4042095]
	GetHandleVerifier [0x00007FF7766BA136+708806]
	(No symbol) [0x00007FF77659CB0F]
	(No symbol) [0x00007FF776597D14]
	(No symbol) [0x00007FF776597E6C]
	(No symbol) [0x00007FF7765879A4]
	BaseThreadInitThunk [0x00007FFA07847344+20]
	RtlUserThreadStart [0x00007FFA095A26B1+33]

	at org.openqa.selenium.remote.W3CHandshakeResponse.lambda$errorHandler$0(W3CHandshakeResponse.java:62)
	at org.openqa.selenium.remote.HandshakeResponse.lambda$getResponseFunction$0(HandshakeResponse.java:30)
	at org.openqa.selenium.remote.ProtocolHandshake.lambda$createSession$0(ProtocolHandshake.java:126)
	at java.base/java.util.stream.ReferencePipeline$3$1.accept(ReferencePipeline.java:195)
	at java.base/java.util.Spliterators$ArraySpliterator.tryAdvance(Spliterators.java:958)
	at java.base/java.util.stream.ReferencePipeline.forEachWithCancel(ReferencePipeline.java:127)
	at java.base/java.util.stream.AbstractPipeline.copyIntoWithCancel(AbstractPipeline.java:502)
	at java.base/java.util.stream.AbstractPipeline.copyInto(AbstractPipeline.java:488)
	at java.base/java.util.stream.AbstractPipeline.wrapAndCopyInto(AbstractPipeline.java:474)
	at java.base/java.util.stream.FindOps$FindOp.evaluateSequential(FindOps.java:150)
	at java.base/java.util.stream.AbstractPipeline.evaluate(AbstractPipeline.java:234)
	at java.base/java.util.stream.ReferencePipeline.findFirst(ReferencePipeline.java:543)
	at org.openqa.selenium.remote.ProtocolHandshake.createSession(ProtocolHandshake.java:128)
	at org.openqa.selenium.remote.ProtocolHandshake.createSession(ProtocolHandshake.java:74)
	at org.openqa.selenium.remote.HttpCommandExecutor.execute(HttpCommandExecutor.java:136)
	at org.openqa.selenium.remote.service.DriverCommandExecutor.execute(DriverCommandExecutor.java:83)
	at org.openqa.selenium.remote.RemoteWebDriver.execute(RemoteWebDriver.java:552)
	at org.openqa.selenium.remote.RemoteWebDriver.startSession(RemoteWebDriver.java:213)
	at org.openqa.selenium.remote.RemoteWebDriver.&lt;init&gt;(RemoteWebDriver.java:131)
	at org.openqa.selenium.chrome.ChromeDriver.&lt;init&gt;(ChromeDriver.java:181)
	at org.openqa.selenium.chrome.ChromeDriver.&lt;init&gt;(ChromeDriver.java:168)
	at org.openqa.selenium.chrome.ChromeDriver.&lt;init&gt;(ChromeDriver.java:123)
	at com.BaseTest.BaseTest.setUp(BaseTest.java:23)
... Removed 28 stack frames
</div> <!-- stack-trace -->
                  <em>
(Validating OrangeHRM Application HomePage WebPage)                  </em>
                </div> <!-- method-content -->
              </div> <!-- method -->
              <div class="method">
                <div class="method-content">
                  <a name="logInPageTest">
                  </a> <!-- logInPageTest -->
                  <span class="method-name">logInPageTest</span>
                  <div class="stack-trace">org.openqa.selenium.SessionNotCreatedException: session not created: This version of ChromeDriver only supports Chrome version 122
Current browser version is 124.0.6367.207 with binary path C:\Program Files\Google\Chrome\Application\chrome.exe
Build info: version: &apos;3.141.59&apos;, revision: &apos;e82be7d358&apos;, time: &apos;2018-11-14T08:17:03&apos;
System info: host: &apos;DESKTOP-CE9JQAE&apos;, ip: &apos;192.168.0.147&apos;, os.name: &apos;Windows 10&apos;, os.arch: &apos;amd64&apos;, os.version: &apos;10.0&apos;, java.version: &apos;11.0.15&apos;
Driver info: driver.version: ChromeDriver
remote stacktrace: 	GetHandleVerifier [0x00007FF776964C82+3505170]
	(No symbol) [0x00007FF776590852]
	(No symbol) [0x00007FF776444145]
	(No symbol) [0x00007FF77647A612]
	(No symbol) [0x00007FF776479A1F]
	(No symbol) [0x00007FF77647361E]
	(No symbol) [0x00007FF7764707D4]
	(No symbol) [0x00007FF7764B5B5F]
	(No symbol) [0x00007FF7764B56C0]
	(No symbol) [0x00007FF7764ABC33]
	(No symbol) [0x00007FF77647D618]
	(No symbol) [0x00007FF77647E6B1]
	GetHandleVerifier [0x00007FF7769967DD+3708781]
	GetHandleVerifier [0x00007FF7769EFC5D+4074477]
	GetHandleVerifier [0x00007FF7769E7DDF+4042095]
	GetHandleVerifier [0x00007FF7766BA136+708806]
	(No symbol) [0x00007FF77659CB0F]
	(No symbol) [0x00007FF776597D14]
	(No symbol) [0x00007FF776597E6C]
	(No symbol) [0x00007FF7765879A4]
	BaseThreadInitThunk [0x00007FFA07847344+20]
	RtlUserThreadStart [0x00007FFA095A26B1+33]

	at org.openqa.selenium.remote.W3CHandshakeResponse.lambda$errorHandler$0(W3CHandshakeResponse.java:62)
	at org.openqa.selenium.remote.HandshakeResponse.lambda$getResponseFunction$0(HandshakeResponse.java:30)
	at org.openqa.selenium.remote.ProtocolHandshake.lambda$createSession$0(ProtocolHandshake.java:126)
	at java.base/java.util.stream.ReferencePipeline$3$1.accept(ReferencePipeline.java:195)
	at java.base/java.util.Spliterators$ArraySpliterator.tryAdvance(Spliterators.java:958)
	at java.base/java.util.stream.ReferencePipeline.forEachWithCancel(ReferencePipeline.java:127)
	at java.base/java.util.stream.AbstractPipeline.copyIntoWithCancel(AbstractPipeline.java:502)
	at java.base/java.util.stream.AbstractPipeline.copyInto(AbstractPipeline.java:488)
	at java.base/java.util.stream.AbstractPipeline.wrapAndCopyInto(AbstractPipeline.java:474)
	at java.base/java.util.stream.FindOps$FindOp.evaluateSequential(FindOps.java:150)
	at java.base/java.util.stream.AbstractPipeline.evaluate(AbstractPipeline.java:234)
	at java.base/java.util.stream.ReferencePipeline.findFirst(ReferencePipeline.java:543)
	at org.openqa.selenium.remote.ProtocolHandshake.createSession(ProtocolHandshake.java:128)
	at org.openqa.selenium.remote.ProtocolHandshake.createSession(ProtocolHandshake.java:74)
	at org.openqa.selenium.remote.HttpCommandExecutor.execute(HttpCommandExecutor.java:136)
	at org.openqa.selenium.remote.service.DriverCommandExecutor.execute(DriverCommandExecutor.java:83)
	at org.openqa.selenium.remote.RemoteWebDriver.execute(RemoteWebDriver.java:552)
	at org.openqa.selenium.remote.RemoteWebDriver.startSession(RemoteWebDriver.java:213)
	at org.openqa.selenium.remote.RemoteWebDriver.&lt;init&gt;(RemoteWebDriver.java:131)
	at org.openqa.selenium.chrome.ChromeDriver.&lt;init&gt;(ChromeDriver.java:181)
	at org.openqa.selenium.chrome.ChromeDriver.&lt;init&gt;(ChromeDriver.java:168)
	at org.openqa.selenium.chrome.ChromeDriver.&lt;init&gt;(ChromeDriver.java:123)
	at com.BaseTest.BaseTest.setUp(BaseTest.java:23)
... Removed 28 stack frames
</div> <!-- stack-trace -->
                  <em>
(Validating OrangeHRM Application LogIn WebPage)                  </em>
                </div> <!-- method-content -->
              </div> <!-- method -->
              <div class="method">
                <div class="method-content">
                  <a name="logInPageTestAfterLogOut">
                  </a> <!-- logInPageTestAfterLogOut -->
                  <span class="method-name">logInPageTestAfterLogOut</span>
                  <div class="stack-trace">org.openqa.selenium.SessionNotCreatedException: session not created: This version of ChromeDriver only supports Chrome version 122
Current browser version is 124.0.6367.207 with binary path C:\Program Files\Google\Chrome\Application\chrome.exe
Build info: version: &apos;3.141.59&apos;, revision: &apos;e82be7d358&apos;, time: &apos;2018-11-14T08:17:03&apos;
System info: host: &apos;DESKTOP-CE9JQAE&apos;, ip: &apos;192.168.0.147&apos;, os.name: &apos;Windows 10&apos;, os.arch: &apos;amd64&apos;, os.version: &apos;10.0&apos;, java.version: &apos;11.0.15&apos;
Driver info: driver.version: ChromeDriver
remote stacktrace: 	GetHandleVerifier [0x00007FF776964C82+3505170]
	(No symbol) [0x00007FF776590852]
	(No symbol) [0x00007FF776444145]
	(No symbol) [0x00007FF77647A612]
	(No symbol) [0x00007FF776479A1F]
	(No symbol) [0x00007FF77647361E]
	(No symbol) [0x00007FF7764707D4]
	(No symbol) [0x00007FF7764B5B5F]
	(No symbol) [0x00007FF7764B56C0]
	(No symbol) [0x00007FF7764ABC33]
	(No symbol) [0x00007FF77647D618]
	(No symbol) [0x00007FF77647E6B1]
	GetHandleVerifier [0x00007FF7769967DD+3708781]
	GetHandleVerifier [0x00007FF7769EFC5D+4074477]
	GetHandleVerifier [0x00007FF7769E7DDF+4042095]
	GetHandleVerifier [0x00007FF7766BA136+708806]
	(No symbol) [0x00007FF77659CB0F]
	(No symbol) [0x00007FF776597D14]
	(No symbol) [0x00007FF776597E6C]
	(No symbol) [0x00007FF7765879A4]
	BaseThreadInitThunk [0x00007FFA07847344+20]
	RtlUserThreadStart [0x00007FFA095A26B1+33]

	at org.openqa.selenium.remote.W3CHandshakeResponse.lambda$errorHandler$0(W3CHandshakeResponse.java:62)
	at org.openqa.selenium.remote.HandshakeResponse.lambda$getResponseFunction$0(HandshakeResponse.java:30)
	at org.openqa.selenium.remote.ProtocolHandshake.lambda$createSession$0(ProtocolHandshake.java:126)
	at java.base/java.util.stream.ReferencePipeline$3$1.accept(ReferencePipeline.java:195)
	at java.base/java.util.Spliterators$ArraySpliterator.tryAdvance(Spliterators.java:958)
	at java.base/java.util.stream.ReferencePipeline.forEachWithCancel(ReferencePipeline.java:127)
	at java.base/java.util.stream.AbstractPipeline.copyIntoWithCancel(AbstractPipeline.java:502)
	at java.base/java.util.stream.AbstractPipeline.copyInto(AbstractPipeline.java:488)
	at java.base/java.util.stream.AbstractPipeline.wrapAndCopyInto(AbstractPipeline.java:474)
	at java.base/java.util.stream.FindOps$FindOp.evaluateSequential(FindOps.java:150)
	at java.base/java.util.stream.AbstractPipeline.evaluate(AbstractPipeline.java:234)
	at java.base/java.util.stream.ReferencePipeline.findFirst(ReferencePipeline.java:543)
	at org.openqa.selenium.remote.ProtocolHandshake.createSession(ProtocolHandshake.java:128)
	at org.openqa.selenium.remote.ProtocolHandshake.createSession(ProtocolHandshake.java:74)
	at org.openqa.selenium.remote.HttpCommandExecutor.execute(HttpCommandExecutor.java:136)
	at org.openqa.selenium.remote.service.DriverCommandExecutor.execute(DriverCommandExecutor.java:83)
	at org.openqa.selenium.remote.RemoteWebDriver.execute(RemoteWebDriver.java:552)
	at org.openqa.selenium.remote.RemoteWebDriver.startSession(RemoteWebDriver.java:213)
	at org.openqa.selenium.remote.RemoteWebDriver.&lt;init&gt;(RemoteWebDriver.java:131)
	at org.openqa.selenium.chrome.ChromeDriver.&lt;init&gt;(ChromeDriver.java:181)
	at org.openqa.selenium.chrome.ChromeDriver.&lt;init&gt;(ChromeDriver.java:168)
	at org.openqa.selenium.chrome.ChromeDriver.&lt;init&gt;(ChromeDriver.java:123)
	at com.BaseTest.BaseTest.setUp(BaseTest.java:23)
... Removed 28 stack frames
</div> <!-- stack-trace -->
                  <em>
(Validating OrangeHRM Application Login WebPage After LogOut)                  </em>
                </div> <!-- method-content -->
              </div> <!-- method -->
              <div class="method">
                <div class="method-content">
                  <a name="logInTest">
                  </a> <!-- logInTest -->
                  <span class="method-name">logInTest</span>
                  <div class="stack-trace">org.openqa.selenium.SessionNotCreatedException: session not created: This version of ChromeDriver only supports Chrome version 122
Current browser version is 124.0.6367.207 with binary path C:\Program Files\Google\Chrome\Application\chrome.exe
Build info: version: &apos;3.141.59&apos;, revision: &apos;e82be7d358&apos;, time: &apos;2018-11-14T08:17:03&apos;
System info: host: &apos;DESKTOP-CE9JQAE&apos;, ip: &apos;192.168.0.147&apos;, os.name: &apos;Windows 10&apos;, os.arch: &apos;amd64&apos;, os.version: &apos;10.0&apos;, java.version: &apos;11.0.15&apos;
Driver info: driver.version: ChromeDriver
remote stacktrace: 	GetHandleVerifier [0x00007FF776964C82+3505170]
	(No symbol) [0x00007FF776590852]
	(No symbol) [0x00007FF776444145]
	(No symbol) [0x00007FF77647A612]
	(No symbol) [0x00007FF776479A1F]
	(No symbol) [0x00007FF77647361E]
	(No symbol) [0x00007FF7764707D4]
	(No symbol) [0x00007FF7764B5B5F]
	(No symbol) [0x00007FF7764B56C0]
	(No symbol) [0x00007FF7764ABC33]
	(No symbol) [0x00007FF77647D618]
	(No symbol) [0x00007FF77647E6B1]
	GetHandleVerifier [0x00007FF7769967DD+3708781]
	GetHandleVerifier [0x00007FF7769EFC5D+4074477]
	GetHandleVerifier [0x00007FF7769E7DDF+4042095]
	GetHandleVerifier [0x00007FF7766BA136+708806]
	(No symbol) [0x00007FF77659CB0F]
	(No symbol) [0x00007FF776597D14]
	(No symbol) [0x00007FF776597E6C]
	(No symbol) [0x00007FF7765879A4]
	BaseThreadInitThunk [0x00007FFA07847344+20]
	RtlUserThreadStart [0x00007FFA095A26B1+33]

	at org.openqa.selenium.remote.W3CHandshakeResponse.lambda$errorHandler$0(W3CHandshakeResponse.java:62)
	at org.openqa.selenium.remote.HandshakeResponse.lambda$getResponseFunction$0(HandshakeResponse.java:30)
	at org.openqa.selenium.remote.ProtocolHandshake.lambda$createSession$0(ProtocolHandshake.java:126)
	at java.base/java.util.stream.ReferencePipeline$3$1.accept(ReferencePipeline.java:195)
	at java.base/java.util.Spliterators$ArraySpliterator.tryAdvance(Spliterators.java:958)
	at java.base/java.util.stream.ReferencePipeline.forEachWithCancel(ReferencePipeline.java:127)
	at java.base/java.util.stream.AbstractPipeline.copyIntoWithCancel(AbstractPipeline.java:502)
	at java.base/java.util.stream.AbstractPipeline.copyInto(AbstractPipeline.java:488)
	at java.base/java.util.stream.AbstractPipeline.wrapAndCopyInto(AbstractPipeline.java:474)
	at java.base/java.util.stream.FindOps$FindOp.evaluateSequential(FindOps.java:150)
	at java.base/java.util.stream.AbstractPipeline.evaluate(AbstractPipeline.java:234)
	at java.base/java.util.stream.ReferencePipeline.findFirst(ReferencePipeline.java:543)
	at org.openqa.selenium.remote.ProtocolHandshake.createSession(ProtocolHandshake.java:128)
	at org.openqa.selenium.remote.ProtocolHandshake.createSession(ProtocolHandshake.java:74)
	at org.openqa.selenium.remote.HttpCommandExecutor.execute(HttpCommandExecutor.java:136)
	at org.openqa.selenium.remote.service.DriverCommandExecutor.execute(DriverCommandExecutor.java:83)
	at org.openqa.selenium.remote.RemoteWebDriver.execute(RemoteWebDriver.java:552)
	at org.openqa.selenium.remote.RemoteWebDriver.startSession(RemoteWebDriver.java:213)
	at org.openqa.selenium.remote.RemoteWebDriver.&lt;init&gt;(RemoteWebDriver.java:131)
	at org.openqa.selenium.chrome.ChromeDriver.&lt;init&gt;(ChromeDriver.java:181)
	at org.openqa.selenium.chrome.ChromeDriver.&lt;init&gt;(ChromeDriver.java:168)
	at org.openqa.selenium.chrome.ChromeDriver.&lt;init&gt;(ChromeDriver.java:123)
	at com.BaseTest.BaseTest.setUp(BaseTest.java:23)
... Removed 28 stack frames
</div> <!-- stack-trace -->
                  <em>
(Validating OrangeHRM Application LogIn Functionality)                  </em>
                </div> <!-- method-content -->
              </div> <!-- method -->
              <div class="method">
                <div class="method-content">
                  <a name="logOutTest">
                  </a> <!-- logOutTest -->
                  <span class="method-name">logOutTest</span>
                  <div class="stack-trace">org.openqa.selenium.SessionNotCreatedException: session not created: This version of ChromeDriver only supports Chrome version 122
Current browser version is 124.0.6367.207 with binary path C:\Program Files\Google\Chrome\Application\chrome.exe
Build info: version: &apos;3.141.59&apos;, revision: &apos;e82be7d358&apos;, time: &apos;2018-11-14T08:17:03&apos;
System info: host: &apos;DESKTOP-CE9JQAE&apos;, ip: &apos;192.168.0.147&apos;, os.name: &apos;Windows 10&apos;, os.arch: &apos;amd64&apos;, os.version: &apos;10.0&apos;, java.version: &apos;11.0.15&apos;
Driver info: driver.version: ChromeDriver
remote stacktrace: 	GetHandleVerifier [0x00007FF776964C82+3505170]
	(No symbol) [0x00007FF776590852]
	(No symbol) [0x00007FF776444145]
	(No symbol) [0x00007FF77647A612]
	(No symbol) [0x00007FF776479A1F]
	(No symbol) [0x00007FF77647361E]
	(No symbol) [0x00007FF7764707D4]
	(No symbol) [0x00007FF7764B5B5F]
	(No symbol) [0x00007FF7764B56C0]
	(No symbol) [0x00007FF7764ABC33]
	(No symbol) [0x00007FF77647D618]
	(No symbol) [0x00007FF77647E6B1]
	GetHandleVerifier [0x00007FF7769967DD+3708781]
	GetHandleVerifier [0x00007FF7769EFC5D+4074477]
	GetHandleVerifier [0x00007FF7769E7DDF+4042095]
	GetHandleVerifier [0x00007FF7766BA136+708806]
	(No symbol) [0x00007FF77659CB0F]
	(No symbol) [0x00007FF776597D14]
	(No symbol) [0x00007FF776597E6C]
	(No symbol) [0x00007FF7765879A4]
	BaseThreadInitThunk [0x00007FFA07847344+20]
	RtlUserThreadStart [0x00007FFA095A26B1+33]

	at org.openqa.selenium.remote.W3CHandshakeResponse.lambda$errorHandler$0(W3CHandshakeResponse.java:62)
	at org.openqa.selenium.remote.HandshakeResponse.lambda$getResponseFunction$0(HandshakeResponse.java:30)
	at org.openqa.selenium.remote.ProtocolHandshake.lambda$createSession$0(ProtocolHandshake.java:126)
	at java.base/java.util.stream.ReferencePipeline$3$1.accept(ReferencePipeline.java:195)
	at java.base/java.util.Spliterators$ArraySpliterator.tryAdvance(Spliterators.java:958)
	at java.base/java.util.stream.ReferencePipeline.forEachWithCancel(ReferencePipeline.java:127)
	at java.base/java.util.stream.AbstractPipeline.copyIntoWithCancel(AbstractPipeline.java:502)
	at java.base/java.util.stream.AbstractPipeline.copyInto(AbstractPipeline.java:488)
	at java.base/java.util.stream.AbstractPipeline.wrapAndCopyInto(AbstractPipeline.java:474)
	at java.base/java.util.stream.FindOps$FindOp.evaluateSequential(FindOps.java:150)
	at java.base/java.util.stream.AbstractPipeline.evaluate(AbstractPipeline.java:234)
	at java.base/java.util.stream.ReferencePipeline.findFirst(ReferencePipeline.java:543)
	at org.openqa.selenium.remote.ProtocolHandshake.createSession(ProtocolHandshake.java:128)
	at org.openqa.selenium.remote.ProtocolHandshake.createSession(ProtocolHandshake.java:74)
	at org.openqa.selenium.remote.HttpCommandExecutor.execute(HttpCommandExecutor.java:136)
	at org.openqa.selenium.remote.service.DriverCommandExecutor.execute(DriverCommandExecutor.java:83)
	at org.openqa.selenium.remote.RemoteWebDriver.execute(RemoteWebDriver.java:552)
	at org.openqa.selenium.remote.RemoteWebDriver.startSession(RemoteWebDriver.java:213)
	at org.openqa.selenium.remote.RemoteWebDriver.&lt;init&gt;(RemoteWebDriver.java:131)
	at org.openqa.selenium.chrome.ChromeDriver.&lt;init&gt;(ChromeDriver.java:181)
	at org.openqa.selenium.chrome.ChromeDriver.&lt;init&gt;(ChromeDriver.java:168)
	at org.openqa.selenium.chrome.ChromeDriver.&lt;init&gt;(ChromeDriver.java:123)
	at com.BaseTest.BaseTest.setUp(BaseTest.java:23)
... Removed 28 stack frames
</div> <!-- stack-trace -->
                  <em>
(Validating OrangeHRM Application Logout Functionality)                  </em>
                </div> <!-- method-content -->
              </div> <!-- method -->
              <div class="method">
                <div class="method-content">
                  <a name="pimTest">
                  </a> <!-- pimTest -->
                  <span class="method-name">pimTest</span>
                  <div class="stack-trace">org.openqa.selenium.SessionNotCreatedException: session not created: This version of ChromeDriver only supports Chrome version 122
Current browser version is 124.0.6367.207 with binary path C:\Program Files\Google\Chrome\Application\chrome.exe
Build info: version: &apos;3.141.59&apos;, revision: &apos;e82be7d358&apos;, time: &apos;2018-11-14T08:17:03&apos;
System info: host: &apos;DESKTOP-CE9JQAE&apos;, ip: &apos;192.168.0.147&apos;, os.name: &apos;Windows 10&apos;, os.arch: &apos;amd64&apos;, os.version: &apos;10.0&apos;, java.version: &apos;11.0.15&apos;
Driver info: driver.version: ChromeDriver
remote stacktrace: 	GetHandleVerifier [0x00007FF776964C82+3505170]
	(No symbol) [0x00007FF776590852]
	(No symbol) [0x00007FF776444145]
	(No symbol) [0x00007FF77647A612]
	(No symbol) [0x00007FF776479A1F]
	(No symbol) [0x00007FF77647361E]
	(No symbol) [0x00007FF7764707D4]
	(No symbol) [0x00007FF7764B5B5F]
	(No symbol) [0x00007FF7764B56C0]
	(No symbol) [0x00007FF7764ABC33]
	(No symbol) [0x00007FF77647D618]
	(No symbol) [0x00007FF77647E6B1]
	GetHandleVerifier [0x00007FF7769967DD+3708781]
	GetHandleVerifier [0x00007FF7769EFC5D+4074477]
	GetHandleVerifier [0x00007FF7769E7DDF+4042095]
	GetHandleVerifier [0x00007FF7766BA136+708806]
	(No symbol) [0x00007FF77659CB0F]
	(No symbol) [0x00007FF776597D14]
	(No symbol) [0x00007FF776597E6C]
	(No symbol) [0x00007FF7765879A4]
	BaseThreadInitThunk [0x00007FFA07847344+20]
	RtlUserThreadStart [0x00007FFA095A26B1+33]

	at org.openqa.selenium.remote.W3CHandshakeResponse.lambda$errorHandler$0(W3CHandshakeResponse.java:62)
	at org.openqa.selenium.remote.HandshakeResponse.lambda$getResponseFunction$0(HandshakeResponse.java:30)
	at org.openqa.selenium.remote.ProtocolHandshake.lambda$createSession$0(ProtocolHandshake.java:126)
	at java.base/java.util.stream.ReferencePipeline$3$1.accept(ReferencePipeline.java:195)
	at java.base/java.util.Spliterators$ArraySpliterator.tryAdvance(Spliterators.java:958)
	at java.base/java.util.stream.ReferencePipeline.forEachWithCancel(ReferencePipeline.java:127)
	at java.base/java.util.stream.AbstractPipeline.copyIntoWithCancel(AbstractPipeline.java:502)
	at java.base/java.util.stream.AbstractPipeline.copyInto(AbstractPipeline.java:488)
	at java.base/java.util.stream.AbstractPipeline.wrapAndCopyInto(AbstractPipeline.java:474)
	at java.base/java.util.stream.FindOps$FindOp.evaluateSequential(FindOps.java:150)
	at java.base/java.util.stream.AbstractPipeline.evaluate(AbstractPipeline.java:234)
	at java.base/java.util.stream.ReferencePipeline.findFirst(ReferencePipeline.java:543)
	at org.openqa.selenium.remote.ProtocolHandshake.createSession(ProtocolHandshake.java:128)
	at org.openqa.selenium.remote.ProtocolHandshake.createSession(ProtocolHandshake.java:74)
	at org.openqa.selenium.remote.HttpCommandExecutor.execute(HttpCommandExecutor.java:136)
	at org.openqa.selenium.remote.service.DriverCommandExecutor.execute(DriverCommandExecutor.java:83)
	at org.openqa.selenium.remote.RemoteWebDriver.execute(RemoteWebDriver.java:552)
	at org.openqa.selenium.remote.RemoteWebDriver.startSession(RemoteWebDriver.java:213)
	at org.openqa.selenium.remote.RemoteWebDriver.&lt;init&gt;(RemoteWebDriver.java:131)
	at org.openqa.selenium.chrome.ChromeDriver.&lt;init&gt;(ChromeDriver.java:181)
	at org.openqa.selenium.chrome.ChromeDriver.&lt;init&gt;(ChromeDriver.java:168)
	at org.openqa.selenium.chrome.ChromeDriver.&lt;init&gt;(ChromeDriver.java:123)
	at com.BaseTest.BaseTest.setUp(BaseTest.java:23)
... Removed 28 stack frames
</div> <!-- stack-trace -->
                  <em>
(Validating OrangeHRM Application Home Page PIM Functionality )                  </em>
                </div> <!-- method-content -->
              </div> <!-- method -->
            </div> <!-- main-panel-content rounded-window-bottom -->
          </div> <!-- suite-com_OrangeHRMApplicationTestCases-class-skipped -->
        </div> <!-- panel com_OrangeHRMApplicationTestCases -->
        <div panel-name="test-xml-com_OrangeHRMApplicationTestCases" class="panel">
          <div class="main-panel-header rounded-window-top">
            <span class="header-content">C:\Users\HP\OneDrive\Desktop\OrangeHRM\OrangeHRMApplication_DDT\OrangeHRMApplication.xml</span>
          </div> <!-- main-panel-header rounded-window-top -->
          <div class="main-panel-content rounded-window-bottom">
            <pre>
&lt;?xml version=&quot;1.0&quot; encoding=&quot;UTF-8&quot;?&gt;
&lt;!DOCTYPE suite SYSTEM &quot;https://testng.org/testng-1.0.dtd&quot;&gt;
&lt;suite name=&quot;com.OrangeHRMApplicationTestCases&quot;&gt;
  &lt;test thread-count=&quot;5&quot; name=&quot;LogInTest&quot;&gt;
    &lt;classes&gt;
      &lt;class name=&quot;com.OrangeHRMApplicationTestCases.LogInTest&quot;/&gt;
    &lt;/classes&gt;
  &lt;/test&gt; &lt;!-- LogInTest --&gt;
  &lt;test thread-count=&quot;5&quot; name=&quot;AddEmployeeTest&quot;&gt;
    &lt;classes&gt;
      &lt;class name=&quot;com.OrangeHRMApplicationTestCases.AddEmployeeTest&quot;/&gt;
    &lt;/classes&gt;
  &lt;/test&gt; &lt;!-- AddEmployeeTest --&gt;
  &lt;test thread-count=&quot;5&quot; name=&quot;EmployeeList&quot;&gt;
    &lt;classes&gt;
      &lt;class name=&quot;com.OrangeHRMApplicationTestCases.EmployeeList&quot;/&gt;
    &lt;/classes&gt;
  &lt;/test&gt; &lt;!-- EmployeeList --&gt;
&lt;/suite&gt; &lt;!-- com.OrangeHRMApplicationTestCases --&gt;
            </pre>
          </div> <!-- main-panel-content rounded-window-bottom -->
        </div> <!-- panel -->
        <div panel-name="testlist-com_OrangeHRMApplicationTestCases" class="panel">
          <div class="main-panel-header rounded-window-top">
            <span class="header-content">Tests for com.OrangeHRMApplicationTestCases</span>
          </div> <!-- main-panel-header rounded-window-top -->
          <div class="main-panel-content rounded-window-bottom">
            <ul>
              <li>
                <span class="test-name">LogInTest (1 class)</span>
              </li>
              <li>
                <span class="test-name">AddEmployeeTest (1 class)</span>
              </li>
              <li>
                <span class="test-name">EmployeeList (1 class)</span>
              </li>
            </ul>
          </div> <!-- main-panel-content rounded-window-bottom -->
        </div> <!-- panel -->
        <div panel-name="group-com_OrangeHRMApplicationTestCases" class="panel">
          <div class="main-panel-header rounded-window-top">
            <span class="header-content">Groups for com.OrangeHRMApplicationTestCases</span>
          </div> <!-- main-panel-header rounded-window-top -->
          <div class="main-panel-content rounded-window-bottom">
          </div> <!-- main-panel-content rounded-window-bottom -->
        </div> <!-- panel -->
        <div panel-name="times-com_OrangeHRMApplicationTestCases" class="panel">
          <div class="main-panel-header rounded-window-top">
            <span class="header-content">Times for com.OrangeHRMApplicationTestCases</span>
          </div> <!-- main-panel-header rounded-window-top -->
          <div class="main-panel-content rounded-window-bottom">
            <div class="times-div">
              <script type="text/javascript">
suiteTableInitFunctions.push('tableData_com_OrangeHRMApplicationTestCases');
function tableData_com_OrangeHRMApplicationTestCases() {
var data = new google.visualization.DataTable();
data.addColumn('number', 'Number');
data.addColumn('string', 'Method');
data.addColumn('string', 'Class');
data.addColumn('number', 'Time (ms)');
data.addRows(19);
data.setCell(0, 0, 0)
data.setCell(0, 1, 'logOutTest')
data.setCell(0, 2, 'com.OrangeHRMApplicationTestCases.LogInTest')
data.setCell(0, 3, 1);
data.setCell(1, 0, 1)
data.setCell(1, 1, 'logInPageTestAfterLogOut')
data.setCell(1, 2, 'com.OrangeHRMApplicationTestCases.AddEmployeeTest')
data.setCell(1, 3, 1);
data.setCell(2, 0, 2)
data.setCell(2, 1, 'logInTest')
data.setCell(2, 2, 'com.OrangeHRMApplicationTestCases.AddEmployeeTest')
data.setCell(2, 3, 1);
data.setCell(3, 0, 3)
data.setCell(3, 1, 'logInPageTestAfterLogOut')
data.setCell(3, 2, 'com.OrangeHRMApplicationTestCases.EmployeeList')
data.setCell(3, 3, 1);
data.setCell(4, 0, 4)
data.setCell(4, 1, 'logInPageTest')
data.setCell(4, 2, 'com.OrangeHRMApplicationTestCases.LogInTest')
data.setCell(4, 3, 0);
data.setCell(5, 0, 5)
data.setCell(5, 1, 'homePageTest')
data.setCell(5, 2, 'com.OrangeHRMApplicationTestCases.LogInTest')
data.setCell(5, 3, 0);
data.setCell(6, 0, 6)
data.setCell(6, 1, 'logInTest')
data.setCell(6, 2, 'com.OrangeHRMApplicationTestCases.LogInTest')
data.setCell(6, 3, 0);
data.setCell(7, 0, 7)
data.setCell(7, 1, 'logInPageTestAfterLogOut')
data.setCell(7, 2, 'com.OrangeHRMApplicationTestCases.LogInTest')
data.setCell(7, 3, 0);
data.setCell(8, 0, 8)
data.setCell(8, 1, 'logInPageTest')
data.setCell(8, 2, 'com.OrangeHRMApplicationTestCases.AddEmployeeTest')
data.setCell(8, 3, 0);
data.setCell(9, 0, 9)
data.setCell(9, 1, 'pimPageTest')
data.setCell(9, 2, 'com.OrangeHRMApplicationTestCases.AddEmployeeTest')
data.setCell(9, 3, 0);
data.setCell(10, 0, 10)
data.setCell(10, 1, 'logOutTest')
data.setCell(10, 2, 'com.OrangeHRMApplicationTestCases.AddEmployeeTest')
data.setCell(10, 3, 0);
data.setCell(11, 0, 11)
data.setCell(11, 1, 'homePageTest')
data.setCell(11, 2, 'com.OrangeHRMApplicationTestCases.AddEmployeeTest')
data.setCell(11, 3, 0);
data.setCell(12, 0, 12)
data.setCell(12, 1, 'addEmployeeTest')
data.setCell(12, 2, 'com.OrangeHRMApplicationTestCases.AddEmployeeTest')
data.setCell(12, 3, 0);
data.setCell(13, 0, 13)
data.setCell(13, 1, 'logOutTest')
data.setCell(13, 2, 'com.OrangeHRMApplicationTestCases.EmployeeList')
data.setCell(13, 3, 0);
data.setCell(14, 0, 14)
data.setCell(14, 1, 'logInTest')
data.setCell(14, 2, 'com.OrangeHRMApplicationTestCases.EmployeeList')
data.setCell(14, 3, 0);
data.setCell(15, 0, 15)
data.setCell(15, 1, 'logInPageTest')
data.setCell(15, 2, 'com.OrangeHRMApplicationTestCases.EmployeeList')
data.setCell(15, 3, 0);
data.setCell(16, 0, 16)
data.setCell(16, 1, 'Print_EmployeeList')
data.setCell(16, 2, 'com.OrangeHRMApplicationTestCases.EmployeeList')
data.setCell(16, 3, 0);
data.setCell(17, 0, 17)
data.setCell(17, 1, 'pimTest')
data.setCell(17, 2, 'com.OrangeHRMApplicationTestCases.EmployeeList')
data.setCell(17, 3, 0);
data.setCell(18, 0, 18)
data.setCell(18, 1, 'homePageTest')
data.setCell(18, 2, 'com.OrangeHRMApplicationTestCases.EmployeeList')
data.setCell(18, 3, 0);
window.suiteTableData['com_OrangeHRMApplicationTestCases']= { tableData: data, tableDiv: 'times-div-com_OrangeHRMApplicationTestCases'}
return data;
}
              </script>
              <span class="suite-total-time">Total running time: 4 ms</span>
              <div id="times-div-com_OrangeHRMApplicationTestCases">
              </div> <!-- times-div-com_OrangeHRMApplicationTestCases -->
            </div> <!-- times-div -->
          </div> <!-- main-panel-content rounded-window-bottom -->
        </div> <!-- panel -->
        <div panel-name="reporter-com_OrangeHRMApplicationTestCases" class="panel">
          <div class="main-panel-header rounded-window-top">
            <span class="header-content">Reporter output for com.OrangeHRMApplicationTestCases</span>
          </div> <!-- main-panel-header rounded-window-top -->
          <div class="main-panel-content rounded-window-bottom">
          </div> <!-- main-panel-content rounded-window-bottom -->
        </div> <!-- panel -->
        <div panel-name="ignored-methods-com_OrangeHRMApplicationTestCases" class="panel">
          <div class="main-panel-header rounded-window-top">
            <span class="header-content">0 ignored methods</span>
          </div> <!-- main-panel-header rounded-window-top -->
          <div class="main-panel-content rounded-window-bottom">
          </div> <!-- main-panel-content rounded-window-bottom -->
        </div> <!-- panel -->
        <div panel-name="chronological-com_OrangeHRMApplicationTestCases" class="panel">
          <div class="main-panel-header rounded-window-top">
            <span class="header-content">Methods in chronological order</span>
          </div> <!-- main-panel-header rounded-window-top -->
          <div class="main-panel-content rounded-window-bottom">
            <div class="chronological-class">
              <div class="chronological-class-name">com.OrangeHRMApplicationTestCases.LogInTest</div> <!-- chronological-class-name -->
              <div class="configuration-test before">
                <img src="failed.png">
                </img>
                <span class="method-name">setUp</span>
                <span class="method-start">0 ms</span>
              </div> <!-- configuration-test before -->
            </div> <!-- chronological-class -->
            <div class="chronological-class">
              <div class="chronological-class-name">com.OrangeHRMApplicationTestCases.AddEmployeeTest</div> <!-- chronological-class-name -->
              <div class="configuration-test before">
                <img src="failed.png">
                </img>
                <span class="method-name">setUp</span>
                <span class="method-start">3363 ms</span>
              </div> <!-- configuration-test before -->
            </div> <!-- chronological-class -->
            <div class="chronological-class">
              <div class="chronological-class-name">com.OrangeHRMApplicationTestCases.EmployeeList</div> <!-- chronological-class-name -->
              <div class="configuration-test before">
                <img src="failed.png">
                </img>
                <span class="method-name">setUp</span>
                <span class="method-start">5241 ms</span>
              </div> <!-- configuration-test before -->
          </div> <!-- main-panel-content rounded-window-bottom -->
        </div> <!-- panel -->
      </div> <!-- main-panel-root -->
    </div> <!-- wrapper -->
  </body>
<script type="text/javascript" src="testng-reports2.js"></script>
</html>
